2023-11-16 15:55:14.073  INFO 27048 --- [main] (system) c.e.e.ElmSpringbootBackendApplication    : Starting ElmSpringbootBackendApplication using Java 19.0.1 with PID 27048 (E:\LaboratoryReport\ElemeTraining\ele_springboot\elm_springboot_backend\target\classes started by ASUS in E:\LaboratoryReport\ElemeTraining\ele_springboot\elm_springboot_backend)
2023-11-16 15:55:14.075  INFO 27048 --- [main] (system) c.e.e.ElmSpringbootBackendApplication    : The following 1 profile is active: "dev"
2023-11-16 15:55:14.901  INFO 27048 --- [main] (system) .s.d.r.c.RepositoryConfigurationDelegate : Multiple Spring Data modules found, entering strict repository configuration mode
2023-11-16 15:55:14.904  INFO 27048 --- [main] (system) .s.d.r.c.RepositoryConfigurationDelegate : Bootstrapping Spring Data Redis repositories in DEFAULT mode.
2023-11-16 15:55:14.936  INFO 27048 --- [main] (system) .s.d.r.c.RepositoryConfigurationDelegate : Finished Spring Data repository scanning in 15 ms. Found 0 Redis repository interfaces.
2023-11-16 15:55:15.552  INFO 27048 --- [main] (system) o.s.b.w.embedded.tomcat.TomcatWebServer  : Tomcat initialized with port(s): 8080 (http)
2023-11-16 15:55:15.561  INFO 27048 --- [main] (system) o.apache.catalina.core.StandardService   : Starting service [Tomcat]
2023-11-16 15:55:15.562  INFO 27048 --- [main] (system) o.apache.catalina.core.StandardEngine    : Starting Servlet engine: [Apache Tomcat/10.1.12]
2023-11-16 15:55:15.646  INFO 27048 --- [main] (system) o.a.c.c.C.[Tomcat].[localhost].[/]       : Initializing Spring embedded WebApplicationContext
2023-11-16 15:55:15.647  INFO 27048 --- [main] (system) w.s.c.ServletWebServerApplicationContext : Root WebApplicationContext: initialization completed in 1534 ms
2023-11-16 15:55:17.050  INFO 27048 --- [main] (system) o.s.s.web.DefaultSecurityFilterChain     : Will secure any request with [org.springframework.security.web.session.DisableEncodeUrlFilter@155c7eae, org.springframework.security.web.context.request.async.WebAsyncManagerIntegrationFilter@5c9e6d95, org.springframework.security.web.context.SecurityContextHolderFilter@11ee671f, org.springframework.security.web.header.HeaderWriterFilter@5bba9949, org.springframework.security.web.authentication.logout.LogoutFilter@5f4df55e, com.example.elm_springboot_backend.filter.JwtAuthenticationFilter@6dece1f9, com.example.elm_springboot_backend.filter.RequestLogFilter@49d42faf, org.springframework.security.web.authentication.UsernamePasswordAuthenticationFilter@4af606e9, org.springframework.security.web.savedrequest.RequestCacheAwareFilter@57df09a7, org.springframework.security.web.servletapi.SecurityContextHolderAwareRequestFilter@3b046e64, org.springframework.security.web.authentication.AnonymousAuthenticationFilter@5d00b469, org.springframework.security.web.session.SessionManagementFilter@744fb110, org.springframework.security.web.access.ExceptionTranslationFilter@49353d43, org.springframework.security.web.access.intercept.AuthorizationFilter@23dff243]
2023-11-16 15:55:17.384  WARN 27048 --- [main] (system) ocalVariableTableParameterNameDiscoverer : Using deprecated '-debug' fallback for parameter name resolution. Compile the affected code with '-parameters' instead or avoid its introspection: org.springframework.amqp.rabbit.core.RabbitAdmin
2023-11-16 15:55:17.433  INFO 27048 --- [main] (system) o.s.b.w.embedded.tomcat.TomcatWebServer  : Tomcat started on port(s): 8080 (http) with context path ''
2023-11-16 15:55:17.436  INFO 27048 --- [main] (system) o.s.a.r.c.CachingConnectionFactory       : Attempting to connect to: [localhost:5672]
2023-11-16 15:55:17.483  INFO 27048 --- [main] (system) o.s.a.r.c.CachingConnectionFactory       : Created new connection: rabbitConnectionFactory#7e38e254:0/SimpleConnection@fc21ff4 [delegate=amqp://admin@127.0.0.1:5672/, localPort=58719]
2023-11-16 15:55:17.531  INFO 27048 --- [main] (system) c.e.e.ElmSpringbootBackendApplication    : Started ElmSpringbootBackendApplication in 3.978 seconds (process running for 4.669)
2023-11-16 15:56:46.592  INFO 27048 --- [http-nio-8080-exec-1] (system) o.a.c.c.C.[Tomcat].[localhost].[/]       : Initializing Spring DispatcherServlet 'dispatcherServlet'
2023-11-16 15:56:46.593  INFO 27048 --- [http-nio-8080-exec-1] (system) o.s.web.servlet.DispatcherServlet        : Initializing Servlet 'dispatcherServlet'
2023-11-16 15:56:46.593  INFO 27048 --- [http-nio-8080-exec-1] (system) o.s.web.servlet.DispatcherServlet        : Completed initialization in 0 ms
2023-11-16 15:56:47.027  INFO 27048 --- [http-nio-8080-exec-1] (37889231858831360) c.e.e.filter.RequestLogFilter            : 请求URL: "/business/list" (GET) | 远程IP地址: 0:0:0:0:0:0:0:1 │ 身份: 未验证 | 请求参数列表: {}
2023-11-16 15:56:47.182  INFO 27048 --- [http-nio-8080-exec-1] (37889231858831360) c.e.e.filter.RequestLogFilter            : 请求处理耗时: 157ms | 响应结果: {"code":401,"data":null,"id":37889231858831360,"message":"Full authentication is required to access this resource"}
2023-11-16 15:57:05.135  INFO 27048 --- [http-nio-8080-exec-7] (37889307817676800) c.e.e.filter.RequestLogFilter            : 请求URL: "/business/list" (POST) | 远程IP地址: 0:0:0:0:0:0:0:1 │ 身份: 未验证 | 请求参数列表: {}
2023-11-16 15:57:05.139  INFO 27048 --- [http-nio-8080-exec-7] (37889307817676800) c.e.e.filter.RequestLogFilter            : 请求处理耗时: 4ms | 响应结果: {"code":401,"data":null,"id":37889307817676800,"message":"Full authentication is required to access this resource"}
2023-11-16 16:01:16.787  INFO 27048 --- [http-nio-8080-exec-8] (37890363322667008) c.e.e.filter.RequestLogFilter            : 请求URL: "/api/auth/ask-code" (GET) | 远程IP地址: 0:0:0:0:0:0:0:1 │ 身份: 未验证 | 请求参数列表: {"email":"663482818@qq.com"}
2023-11-16 16:01:16.819  WARN 27048 --- [http-nio-8080-exec-8] (37890363322667008) .w.s.m.s.DefaultHandlerExceptionResolver : Resolved [org.springframework.web.bind.MissingServletRequestParameterException: Required request parameter 'type' for method parameter type String is not present]
2023-11-16 16:01:16.821  INFO 27048 --- [http-nio-8080-exec-8] (37890363322667008) c.e.e.filter.RequestLogFilter            : 请求处理耗时: 33ms | 响应结果: 400 错误
2023-11-16 16:06:45.094  INFO 10036 --- [main] (system) e.e.ElmSpringbootBackendApplicationTests : Starting ElmSpringbootBackendApplicationTests using Java 19.0.1 with PID 10036 (started by ASUS in E:\LaboratoryReport\ElemeTraining\ele_springboot\elm_springboot_backend)
2023-11-16 16:06:45.096  INFO 10036 --- [main] (system) e.e.ElmSpringbootBackendApplicationTests : The following 1 profile is active: "dev"
2023-11-16 16:06:46.026  INFO 10036 --- [main] (system) .s.d.r.c.RepositoryConfigurationDelegate : Multiple Spring Data modules found, entering strict repository configuration mode
2023-11-16 16:06:46.028  INFO 10036 --- [main] (system) .s.d.r.c.RepositoryConfigurationDelegate : Bootstrapping Spring Data Redis repositories in DEFAULT mode.
2023-11-16 16:06:46.057  INFO 10036 --- [main] (system) .s.d.r.c.RepositoryConfigurationDelegate : Finished Spring Data repository scanning in 14 ms. Found 0 Redis repository interfaces.
2023-11-16 16:06:48.178  INFO 10036 --- [main] (system) o.s.s.web.DefaultSecurityFilterChain     : Will secure any request with [org.springframework.security.web.session.DisableEncodeUrlFilter@6706da3d, org.springframework.security.web.context.request.async.WebAsyncManagerIntegrationFilter@7438c3d5, org.springframework.security.web.context.SecurityContextHolderFilter@399c408c, org.springframework.security.web.header.HeaderWriterFilter@45cb5307, org.springframework.security.web.authentication.logout.LogoutFilter@57920d6c, com.example.elm_springboot_backend.filter.JwtAuthenticationFilter@1fba3fd6, com.example.elm_springboot_backend.filter.RequestLogFilter@3aab42d6, org.springframework.security.web.authentication.UsernamePasswordAuthenticationFilter@4e20a985, org.springframework.security.web.savedrequest.RequestCacheAwareFilter@4a5fab78, org.springframework.security.web.servletapi.SecurityContextHolderAwareRequestFilter@34f48d1, org.springframework.security.web.authentication.AnonymousAuthenticationFilter@6badb08c, org.springframework.security.web.session.SessionManagementFilter@50ac1249, org.springframework.security.web.access.ExceptionTranslationFilter@4910afdf, org.springframework.security.web.access.intercept.AuthorizationFilter@75d7297d]
2023-11-16 16:06:49.080  INFO 10036 --- [main] (system) o.s.a.r.c.CachingConnectionFactory       : Attempting to connect to: [localhost:5672]
2023-11-16 16:06:49.119  INFO 10036 --- [main] (system) o.s.a.r.c.CachingConnectionFactory       : Created new connection: rabbitConnectionFactory#75cacb3e:0/SimpleConnection@5703c1fb [delegate=amqp://admin@127.0.0.1:5672/, localPort=59170]
2023-11-16 16:06:49.192  INFO 10036 --- [main] (system) e.e.ElmSpringbootBackendApplicationTests : Started ElmSpringbootBackendApplicationTests in 4.524 seconds (process running for 5.539)
2023-11-16 16:06:50.025  INFO 10036 --- [main] (system) com.zaxxer.hikari.HikariDataSource       : HikariPool-1 - Starting...
2023-11-16 16:06:50.277  INFO 10036 --- [main] (system) com.zaxxer.hikari.pool.HikariPool        : HikariPool-1 - Added connection com.mysql.cj.jdbc.ConnectionImpl@2ccb8db3
2023-11-16 16:06:50.278  INFO 10036 --- [main] (system) com.zaxxer.hikari.HikariDataSource       : HikariPool-1 - Start completed.
2023-11-16 16:06:50.373  INFO 10036 --- [org.springframework.amqp.rabbit.RabbitListenerEndpointContainer#0-2] (system) o.s.a.r.l.SimpleMessageListenerContainer : Waiting for workers to finish.
2023-11-16 16:06:51.204  INFO 10036 --- [org.springframework.amqp.rabbit.RabbitListenerEndpointContainer#0-2] (system) o.s.a.r.l.SimpleMessageListenerContainer : Successfully waited for workers to finish.
2023-11-16 16:06:51.211  INFO 10036 --- [SpringApplicationShutdownHook] (system) com.zaxxer.hikari.HikariDataSource       : HikariPool-1 - Shutdown initiated...
2023-11-16 16:06:51.227  INFO 10036 --- [SpringApplicationShutdownHook] (system) com.zaxxer.hikari.HikariDataSource       : HikariPool-1 - Shutdown completed.
2023-11-16 16:09:57.307  INFO 16888 --- [main] (system) e.e.ElmSpringbootBackendApplicationTests : Starting ElmSpringbootBackendApplicationTests using Java 19.0.1 with PID 16888 (started by ASUS in E:\LaboratoryReport\ElemeTraining\ele_springboot\elm_springboot_backend)
2023-11-16 16:09:57.309  INFO 16888 --- [main] (system) e.e.ElmSpringbootBackendApplicationTests : The following 1 profile is active: "dev"
2023-11-16 16:09:58.254  INFO 16888 --- [main] (system) .s.d.r.c.RepositoryConfigurationDelegate : Multiple Spring Data modules found, entering strict repository configuration mode
2023-11-16 16:09:58.256  INFO 16888 --- [main] (system) .s.d.r.c.RepositoryConfigurationDelegate : Bootstrapping Spring Data Redis repositories in DEFAULT mode.
2023-11-16 16:09:58.288  INFO 16888 --- [main] (system) .s.d.r.c.RepositoryConfigurationDelegate : Finished Spring Data repository scanning in 13 ms. Found 0 Redis repository interfaces.
2023-11-16 16:10:00.426  INFO 16888 --- [main] (system) o.s.s.web.DefaultSecurityFilterChain     : Will secure any request with [org.springframework.security.web.session.DisableEncodeUrlFilter@6d5508a5, org.springframework.security.web.context.request.async.WebAsyncManagerIntegrationFilter@103bcc9f, org.springframework.security.web.context.SecurityContextHolderFilter@505a8582, org.springframework.security.web.header.HeaderWriterFilter@34f48d1, org.springframework.security.web.authentication.logout.LogoutFilter@56e8a8a0, com.example.elm_springboot_backend.filter.JwtAuthenticationFilter@106802ea, com.example.elm_springboot_backend.filter.RequestLogFilter@785ef70f, org.springframework.security.web.authentication.UsernamePasswordAuthenticationFilter@776e7dfb, org.springframework.security.web.savedrequest.RequestCacheAwareFilter@18887028, org.springframework.security.web.servletapi.SecurityContextHolderAwareRequestFilter@5ffd35dd, org.springframework.security.web.authentication.AnonymousAuthenticationFilter@3d8bd881, org.springframework.security.web.session.SessionManagementFilter@45f8415b, org.springframework.security.web.access.ExceptionTranslationFilter@2cebf82f, org.springframework.security.web.access.intercept.AuthorizationFilter@17332039]
2023-11-16 16:10:01.375  INFO 16888 --- [main] (system) o.s.a.r.c.CachingConnectionFactory       : Attempting to connect to: [localhost:5672]
2023-11-16 16:10:01.414  INFO 16888 --- [main] (system) o.s.a.r.c.CachingConnectionFactory       : Created new connection: rabbitConnectionFactory#4fa91d5b:0/SimpleConnection@57a0c261 [delegate=amqp://admin@127.0.0.1:5672/, localPort=59335]
2023-11-16 16:10:01.486  INFO 16888 --- [main] (system) e.e.ElmSpringbootBackendApplicationTests : Started ElmSpringbootBackendApplicationTests in 4.63 seconds (process running for 5.677)
2023-11-16 16:10:02.285  INFO 16888 --- [main] (system) com.zaxxer.hikari.HikariDataSource       : HikariPool-1 - Starting...
2023-11-16 16:10:02.521  INFO 16888 --- [main] (system) com.zaxxer.hikari.pool.HikariPool        : HikariPool-1 - Added connection com.mysql.cj.jdbc.ConnectionImpl@3ede428e
2023-11-16 16:10:02.523  INFO 16888 --- [main] (system) com.zaxxer.hikari.HikariDataSource       : HikariPool-1 - Start completed.
2023-11-16 16:10:02.584  INFO 16888 --- [org.springframework.amqp.rabbit.RabbitListenerEndpointContainer#0-2] (system) o.s.a.r.l.SimpleMessageListenerContainer : Waiting for workers to finish.
2023-11-16 16:10:03.507  INFO 16888 --- [org.springframework.amqp.rabbit.RabbitListenerEndpointContainer#0-2] (system) o.s.a.r.l.SimpleMessageListenerContainer : Successfully waited for workers to finish.
2023-11-16 16:10:03.513  INFO 16888 --- [SpringApplicationShutdownHook] (system) com.zaxxer.hikari.HikariDataSource       : HikariPool-1 - Shutdown initiated...
2023-11-16 16:10:03.521  INFO 16888 --- [SpringApplicationShutdownHook] (system) com.zaxxer.hikari.HikariDataSource       : HikariPool-1 - Shutdown completed.
2023-11-16 16:10:46.067  INFO 18500 --- [main] (system) e.e.ElmSpringbootBackendApplicationTests : Starting ElmSpringbootBackendApplicationTests using Java 19.0.1 with PID 18500 (started by ASUS in E:\LaboratoryReport\ElemeTraining\ele_springboot\elm_springboot_backend)
2023-11-16 16:10:46.069  INFO 18500 --- [main] (system) e.e.ElmSpringbootBackendApplicationTests : The following 1 profile is active: "dev"
2023-11-16 16:10:46.999  INFO 18500 --- [main] (system) .s.d.r.c.RepositoryConfigurationDelegate : Multiple Spring Data modules found, entering strict repository configuration mode
2023-11-16 16:10:47.001  INFO 18500 --- [main] (system) .s.d.r.c.RepositoryConfigurationDelegate : Bootstrapping Spring Data Redis repositories in DEFAULT mode.
2023-11-16 16:10:47.030  INFO 18500 --- [main] (system) .s.d.r.c.RepositoryConfigurationDelegate : Finished Spring Data repository scanning in 13 ms. Found 0 Redis repository interfaces.
2023-11-16 16:10:49.084  INFO 18500 --- [main] (system) o.s.s.web.DefaultSecurityFilterChain     : Will secure any request with [org.springframework.security.web.session.DisableEncodeUrlFilter@2ca132ad, org.springframework.security.web.context.request.async.WebAsyncManagerIntegrationFilter@6706da3d, org.springframework.security.web.context.SecurityContextHolderFilter@543d2ef3, org.springframework.security.web.header.HeaderWriterFilter@764db16c, org.springframework.security.web.authentication.logout.LogoutFilter@114b2414, com.example.elm_springboot_backend.filter.JwtAuthenticationFilter@7438c3d5, com.example.elm_springboot_backend.filter.RequestLogFilter@1fba3fd6, org.springframework.security.web.authentication.UsernamePasswordAuthenticationFilter@75d7297d, org.springframework.security.web.savedrequest.RequestCacheAwareFilter@99223ac, org.springframework.security.web.servletapi.SecurityContextHolderAwareRequestFilter@34fc315d, org.springframework.security.web.authentication.AnonymousAuthenticationFilter@3aab42d6, org.springframework.security.web.session.SessionManagementFilter@1c8e2850, org.springframework.security.web.access.ExceptionTranslationFilter@7a247711, org.springframework.security.web.access.intercept.AuthorizationFilter@6edb1e9c]
2023-11-16 16:10:49.848  INFO 18500 --- [main] (system) o.s.a.r.c.CachingConnectionFactory       : Attempting to connect to: [localhost:5672]
2023-11-16 16:10:49.890  INFO 18500 --- [main] (system) o.s.a.r.c.CachingConnectionFactory       : Created new connection: rabbitConnectionFactory#213835b6:0/SimpleConnection@4edde05c [delegate=amqp://admin@127.0.0.1:5672/, localPort=59388]
2023-11-16 16:10:49.956  INFO 18500 --- [main] (system) e.e.ElmSpringbootBackendApplicationTests : Started ElmSpringbootBackendApplicationTests in 4.316 seconds (process running for 5.336)
2023-11-16 16:10:50.727  INFO 18500 --- [main] (system) com.zaxxer.hikari.HikariDataSource       : HikariPool-1 - Starting...
2023-11-16 16:10:50.916  INFO 18500 --- [main] (system) com.zaxxer.hikari.pool.HikariPool        : HikariPool-1 - Added connection com.mysql.cj.jdbc.ConnectionImpl@6aa85fcf
2023-11-16 16:10:50.917  INFO 18500 --- [main] (system) com.zaxxer.hikari.HikariDataSource       : HikariPool-1 - Start completed.
2023-11-16 16:10:50.987  INFO 18500 --- [org.springframework.amqp.rabbit.RabbitListenerEndpointContainer#0-2] (system) o.s.a.r.l.SimpleMessageListenerContainer : Waiting for workers to finish.
2023-11-16 16:10:51.968  INFO 18500 --- [org.springframework.amqp.rabbit.RabbitListenerEndpointContainer#0-2] (system) o.s.a.r.l.SimpleMessageListenerContainer : Successfully waited for workers to finish.
2023-11-16 16:10:51.974  INFO 18500 --- [SpringApplicationShutdownHook] (system) com.zaxxer.hikari.HikariDataSource       : HikariPool-1 - Shutdown initiated...
2023-11-16 16:10:51.983  INFO 18500 --- [SpringApplicationShutdownHook] (system) com.zaxxer.hikari.HikariDataSource       : HikariPool-1 - Shutdown completed.
2023-11-16 16:12:29.198  INFO 15000 --- [main] (system) e.e.ElmSpringbootBackendApplicationTests : Starting ElmSpringbootBackendApplicationTests using Java 19.0.1 with PID 15000 (started by ASUS in E:\LaboratoryReport\ElemeTraining\ele_springboot\elm_springboot_backend)
2023-11-16 16:12:29.200  INFO 15000 --- [main] (system) e.e.ElmSpringbootBackendApplicationTests : The following 1 profile is active: "dev"
2023-11-16 16:12:30.144  INFO 15000 --- [main] (system) .s.d.r.c.RepositoryConfigurationDelegate : Multiple Spring Data modules found, entering strict repository configuration mode
2023-11-16 16:12:30.147  INFO 15000 --- [main] (system) .s.d.r.c.RepositoryConfigurationDelegate : Bootstrapping Spring Data Redis repositories in DEFAULT mode.
2023-11-16 16:12:30.175  INFO 15000 --- [main] (system) .s.d.r.c.RepositoryConfigurationDelegate : Finished Spring Data repository scanning in 14 ms. Found 0 Redis repository interfaces.
2023-11-16 16:12:32.278  INFO 15000 --- [main] (system) o.s.s.web.DefaultSecurityFilterChain     : Will secure any request with [org.springframework.security.web.session.DisableEncodeUrlFilter@7438c3d5, org.springframework.security.web.context.request.async.WebAsyncManagerIntegrationFilter@1fba3fd6, org.springframework.security.web.context.SecurityContextHolderFilter@99223ac, org.springframework.security.web.header.HeaderWriterFilter@1c8e2850, org.springframework.security.web.authentication.logout.LogoutFilter@465d1345, com.example.elm_springboot_backend.filter.JwtAuthenticationFilter@3aab42d6, com.example.elm_springboot_backend.filter.RequestLogFilter@6badb08c, org.springframework.security.web.authentication.UsernamePasswordAuthenticationFilter@56e8a8a0, org.springframework.security.web.savedrequest.RequestCacheAwareFilter@77a85e76, org.springframework.security.web.servletapi.SecurityContextHolderAwareRequestFilter@36a1fd20, org.springframework.security.web.authentication.AnonymousAuthenticationFilter@5939f047, org.springframework.security.web.session.SessionManagementFilter@4bf10fe1, org.springframework.security.web.access.ExceptionTranslationFilter@764db16c, org.springframework.security.web.access.intercept.AuthorizationFilter@4e20a985]
2023-11-16 16:12:33.070  INFO 15000 --- [main] (system) o.s.a.r.c.CachingConnectionFactory       : Attempting to connect to: [localhost:5672]
2023-11-16 16:12:33.112  INFO 15000 --- [main] (system) o.s.a.r.c.CachingConnectionFactory       : Created new connection: rabbitConnectionFactory#29c59b6e:0/SimpleConnection@5703c1fb [delegate=amqp://admin@127.0.0.1:5672/, localPort=59448]
2023-11-16 16:12:33.180  INFO 15000 --- [main] (system) e.e.ElmSpringbootBackendApplicationTests : Started ElmSpringbootBackendApplicationTests in 4.43 seconds (process running for 5.461)
2023-11-16 16:12:33.920  INFO 15000 --- [main] (system) com.zaxxer.hikari.HikariDataSource       : HikariPool-1 - Starting...
2023-11-16 16:12:34.119  INFO 15000 --- [main] (system) com.zaxxer.hikari.pool.HikariPool        : HikariPool-1 - Added connection com.mysql.cj.jdbc.ConnectionImpl@765d67dd
2023-11-16 16:12:34.120  INFO 15000 --- [main] (system) com.zaxxer.hikari.HikariDataSource       : HikariPool-1 - Start completed.
2023-11-16 16:12:34.201  INFO 15000 --- [org.springframework.amqp.rabbit.RabbitListenerEndpointContainer#0-2] (system) o.s.a.r.l.SimpleMessageListenerContainer : Waiting for workers to finish.
2023-11-16 16:12:35.194  INFO 15000 --- [org.springframework.amqp.rabbit.RabbitListenerEndpointContainer#0-2] (system) o.s.a.r.l.SimpleMessageListenerContainer : Successfully waited for workers to finish.
2023-11-16 16:12:35.201  INFO 15000 --- [SpringApplicationShutdownHook] (system) com.zaxxer.hikari.HikariDataSource       : HikariPool-1 - Shutdown initiated...
2023-11-16 16:12:35.209  INFO 15000 --- [SpringApplicationShutdownHook] (system) com.zaxxer.hikari.HikariDataSource       : HikariPool-1 - Shutdown completed.
2023-11-16 17:54:54.904  INFO 25720 --- [main] (system) e.e.ElmSpringbootBackendApplicationTests : Starting ElmSpringbootBackendApplicationTests using Java 19.0.1 with PID 25720 (started by ASUS in E:\LaboratoryReport\ElemeTraining\ele_springboot\elm_springboot_backend)
2023-11-16 17:54:54.905  INFO 25720 --- [main] (system) e.e.ElmSpringbootBackendApplicationTests : The following 1 profile is active: "dev"
2023-11-16 17:54:55.859  INFO 25720 --- [main] (system) .s.d.r.c.RepositoryConfigurationDelegate : Multiple Spring Data modules found, entering strict repository configuration mode
2023-11-16 17:54:55.861  INFO 25720 --- [main] (system) .s.d.r.c.RepositoryConfigurationDelegate : Bootstrapping Spring Data Redis repositories in DEFAULT mode.
2023-11-16 17:54:55.894  INFO 25720 --- [main] (system) .s.d.r.c.RepositoryConfigurationDelegate : Finished Spring Data repository scanning in 19 ms. Found 0 Redis repository interfaces.
2023-11-16 17:54:58.045  INFO 25720 --- [main] (system) o.s.s.web.DefaultSecurityFilterChain     : Will secure any request with [org.springframework.security.web.session.DisableEncodeUrlFilter@731ab49b, org.springframework.security.web.context.request.async.WebAsyncManagerIntegrationFilter@23358740, org.springframework.security.web.context.SecurityContextHolderFilter@4af0c50, org.springframework.security.web.header.HeaderWriterFilter@505a8582, org.springframework.security.web.authentication.logout.LogoutFilter@1fba3fd6, com.example.elm_springboot_backend.filter.JwtAuthenticationFilter@2cdcfaa6, com.example.elm_springboot_backend.filter.RequestLogFilter@4ff0706c, org.springframework.security.web.authentication.UsernamePasswordAuthenticationFilter@103bcc9f, org.springframework.security.web.savedrequest.RequestCacheAwareFilter@311a09b2, org.springframework.security.web.servletapi.SecurityContextHolderAwareRequestFilter@674ed201, org.springframework.security.web.authentication.AnonymousAuthenticationFilter@6968bb65, org.springframework.security.web.session.SessionManagementFilter@18887028, org.springframework.security.web.access.ExceptionTranslationFilter@10dbf660, org.springframework.security.web.access.intercept.AuthorizationFilter@6d5508a5]
2023-11-16 17:54:58.923  INFO 25720 --- [main] (system) o.s.a.r.c.CachingConnectionFactory       : Attempting to connect to: [localhost:5672]
2023-11-16 17:54:58.968  INFO 25720 --- [main] (system) o.s.a.r.c.CachingConnectionFactory       : Created new connection: rabbitConnectionFactory#7ce30c0b:0/SimpleConnection@5e02fb23 [delegate=amqp://admin@127.0.0.1:5672/, localPort=64178]
2023-11-16 17:54:59.047  INFO 25720 --- [main] (system) e.e.ElmSpringbootBackendApplicationTests : Started ElmSpringbootBackendApplicationTests in 4.615 seconds (process running for 5.692)
2023-11-16 17:54:59.872  INFO 25720 --- [main] (system) com.zaxxer.hikari.HikariDataSource       : HikariPool-1 - Starting...
2023-11-16 17:55:00.106  INFO 25720 --- [main] (system) com.zaxxer.hikari.pool.HikariPool        : HikariPool-1 - Added connection com.mysql.cj.jdbc.ConnectionImpl@473c491
2023-11-16 17:55:00.107  INFO 25720 --- [main] (system) com.zaxxer.hikari.HikariDataSource       : HikariPool-1 - Start completed.
2023-11-16 17:55:00.259  INFO 25720 --- [org.springframework.amqp.rabbit.RabbitListenerEndpointContainer#0-2] (system) o.s.a.r.l.SimpleMessageListenerContainer : Waiting for workers to finish.
2023-11-16 17:55:01.056  INFO 25720 --- [org.springframework.amqp.rabbit.RabbitListenerEndpointContainer#0-2] (system) o.s.a.r.l.SimpleMessageListenerContainer : Successfully waited for workers to finish.
2023-11-16 17:55:01.062  INFO 25720 --- [SpringApplicationShutdownHook] (system) com.zaxxer.hikari.HikariDataSource       : HikariPool-1 - Shutdown initiated...
2023-11-16 17:55:01.071  INFO 25720 --- [SpringApplicationShutdownHook] (system) com.zaxxer.hikari.HikariDataSource       : HikariPool-1 - Shutdown completed.
2023-11-16 18:08:17.425  INFO 27048 --- [org.springframework.amqp.rabbit.RabbitListenerEndpointContainer#0-2] (system) o.s.a.r.l.SimpleMessageListenerContainer : Waiting for workers to finish.
2023-11-16 18:08:18.059  INFO 27048 --- [org.springframework.amqp.rabbit.RabbitListenerEndpointContainer#0-2] (system) o.s.a.r.l.SimpleMessageListenerContainer : Successfully waited for workers to finish.
