2023-12-03 01:03:32.491  INFO 8172 --- [main] (system) c.e.e.ElmSpringbootBackendApplication    : Starting ElmSpringbootBackendApplication using Java 19.0.1 with PID 8172 (E:\LaboratoryReport\ElemeTraining\ele_springboot\elm_springboot_backend\target\classes started by ASUS in E:\LaboratoryReport\ElemeTraining\ele_springboot\elm_springboot_backend)
2023-12-03 01:03:32.492  INFO 8172 --- [main] (system) c.e.e.ElmSpringbootBackendApplication    : The following 1 profile is active: "dev"
2023-12-03 01:03:33.493  INFO 8172 --- [main] (system) .s.d.r.c.RepositoryConfigurationDelegate : Multiple Spring Data modules found, entering strict repository configuration mode
2023-12-03 01:03:33.496  INFO 8172 --- [main] (system) .s.d.r.c.RepositoryConfigurationDelegate : Bootstrapping Spring Data Redis repositories in DEFAULT mode.
2023-12-03 01:03:33.526  INFO 8172 --- [main] (system) .s.d.r.c.RepositoryConfigurationDelegate : Finished Spring Data repository scanning in 12 ms. Found 0 Redis repository interfaces.
2023-12-03 01:03:34.249  INFO 8172 --- [main] (system) o.s.b.w.embedded.tomcat.TomcatWebServer  : Tomcat initialized with port(s): 8080 (http)
2023-12-03 01:03:34.259  INFO 8172 --- [main] (system) o.apache.catalina.core.StandardService   : Starting service [Tomcat]
2023-12-03 01:03:34.259  INFO 8172 --- [main] (system) o.apache.catalina.core.StandardEngine    : Starting Servlet engine: [Apache Tomcat/10.1.12]
2023-12-03 01:03:34.357  INFO 8172 --- [main] (system) o.a.c.c.C.[Tomcat].[localhost].[/]       : Initializing Spring embedded WebApplicationContext
2023-12-03 01:03:34.358  INFO 8172 --- [main] (system) w.s.c.ServletWebServerApplicationContext : Root WebApplicationContext: initialization completed in 1821 ms
2023-12-03 01:03:35.852  INFO 8172 --- [main] (system) o.s.s.web.DefaultSecurityFilterChain     : Will secure any request with [org.springframework.security.web.session.DisableEncodeUrlFilter@de63949, org.springframework.security.web.context.request.async.WebAsyncManagerIntegrationFilter@5c5c784c, org.springframework.security.web.context.SecurityContextHolderFilter@68550d86, org.springframework.security.web.header.HeaderWriterFilter@3d405fe5, org.springframework.security.web.authentication.logout.LogoutFilter@6c8d8b60, com.example.elm_springboot_backend.filter.JwtAuthenticationFilter@2b6262bc, com.example.elm_springboot_backend.filter.RequestLogFilter@273aaab7, org.springframework.security.web.authentication.UsernamePasswordAuthenticationFilter@361b3ca6, org.springframework.security.web.savedrequest.RequestCacheAwareFilter@484876a1, org.springframework.security.web.servletapi.SecurityContextHolderAwareRequestFilter@3f40568e, org.springframework.security.web.authentication.AnonymousAuthenticationFilter@6a299b9d, org.springframework.security.web.session.SessionManagementFilter@4b475742, org.springframework.security.web.access.ExceptionTranslationFilter@433b546f, org.springframework.security.web.access.intercept.AuthorizationFilter@73d8c8d7]
2023-12-03 01:03:36.224  WARN 8172 --- [main] (system) ocalVariableTableParameterNameDiscoverer : Using deprecated '-debug' fallback for parameter name resolution. Compile the affected code with '-parameters' instead or avoid its introspection: org.springframework.amqp.rabbit.core.RabbitAdmin
2023-12-03 01:03:36.282  INFO 8172 --- [main] (system) o.s.b.w.embedded.tomcat.TomcatWebServer  : Tomcat started on port(s): 8080 (http) with context path ''
2023-12-03 01:03:36.286  INFO 8172 --- [main] (system) o.s.a.r.c.CachingConnectionFactory       : Attempting to connect to: [localhost:5672]
2023-12-03 01:03:36.338  INFO 8172 --- [main] (system) o.s.a.r.c.CachingConnectionFactory       : Created new connection: rabbitConnectionFactory#56cd5d76:0/SimpleConnection@40105b39 [delegate=amqp://admin@127.0.0.1:5672/, localPort=54421]
2023-12-03 01:03:36.400  INFO 8172 --- [main] (system) c.e.e.ElmSpringbootBackendApplication    : Started ElmSpringbootBackendApplication in 4.481 seconds (process running for 5.821)
2023-12-03 01:07:58.353  INFO 8172 --- [http-nio-8080-exec-1] (system) o.a.c.c.C.[Tomcat].[localhost].[/]       : Initializing Spring DispatcherServlet 'dispatcherServlet'
2023-12-03 01:07:58.354  INFO 8172 --- [http-nio-8080-exec-1] (system) o.s.web.servlet.DispatcherServlet        : Initializing Servlet 'dispatcherServlet'
2023-12-03 01:07:58.355  INFO 8172 --- [http-nio-8080-exec-1] (system) o.s.web.servlet.DispatcherServlet        : Completed initialization in 1 ms
2023-12-03 01:07:58.832  INFO 8172 --- [http-nio-8080-exec-1] (43826150908235776) c.e.e.filter.RequestLogFilter            : 请求URL: "/api/auth/login" (POST) | 远程IP地址: 127.0.0.1 │ 身份: 未验证 | 请求参数列表: {"username":"周芷璇","password":"151113"}
2023-12-03 01:07:59.127  INFO 8172 --- [http-nio-8080-exec-1] (43826150908235776) com.zaxxer.hikari.HikariDataSource       : HikariPool-1 - Starting...
2023-12-03 01:07:59.416  INFO 8172 --- [http-nio-8080-exec-1] (43826150908235776) com.zaxxer.hikari.pool.HikariPool        : HikariPool-1 - Added connection com.mysql.cj.jdbc.ConnectionImpl@3f26d767
2023-12-03 01:07:59.418  INFO 8172 --- [http-nio-8080-exec-1] (43826150908235776) com.zaxxer.hikari.HikariDataSource       : HikariPool-1 - Start completed.
2023-12-03 01:07:59.605  INFO 8172 --- [http-nio-8080-exec-1] (43826150908235776) c.e.e.filter.RequestLogFilter            : 请求处理耗时: 775ms | 响应结果: {"code":200,"data":{"expire":"2023-12-06 01:07:59.571","role":"user","token":"eyJ0eXAiOiJKV1QiLCJhbGciOiJIUzI1NiJ9.eyJuYW1lIjoi5ZGo6Iq355KHIiwiaWQiOjQsImV4cCI6MTcwMTc5NjA3OSwiaWF0IjoxNzAxNTM2ODc5LCJqdGkiOiJjMDUwOWM4OC03NzZkLTQ4Y2YtYmQ0ZS0yZWRiYWFiZWEyNGQiLCJhdXRob3JpdGllcyI6WyJST0xFX3VzZXIiXX0.CW6mm87p6m8YwafcSHWX2NQMjabAdfHle7tBUXd1sAg","username":"周芷璇"},"id":43826150908235776,"message":"请求成功"}
2023-12-03 01:11:18.156  INFO 8172 --- [http-nio-8080-exec-3] (43826986946269184) c.e.e.filter.RequestLogFilter            : 请求URL: "/business/list" (GET) | 远程IP地址: 127.0.0.1 │ 身份: 未验证 | 请求参数列表: {}
2023-12-03 01:11:18.169  INFO 8172 --- [http-nio-8080-exec-3] (43826986946269184) c.e.e.filter.RequestLogFilter            : 请求处理耗时: 13ms | 响应结果: {"code":401,"data":null,"id":43826986946269184,"message":"Full authentication is required to access this resource"}
2023-12-03 01:25:47.288  INFO 8172 --- [http-nio-8080-exec-5] (43830632350093312) c.e.e.filter.RequestLogFilter            : 请求URL: "/business/list" (GET) | 远程IP地址: 127.0.0.1 │ 身份: 未验证 | 请求参数列表: {}
2023-12-03 01:25:47.289  INFO 8172 --- [http-nio-8080-exec-5] (43830632350093312) c.e.e.filter.RequestLogFilter            : 请求处理耗时: 1ms | 响应结果: {"code":401,"data":null,"id":43830632350093312,"message":"Full authentication is required to access this resource"}
2023-12-03 01:26:08.723  INFO 8172 --- [org.springframework.amqp.rabbit.RabbitListenerEndpointContainer#0-2] (system) o.s.a.r.l.SimpleMessageListenerContainer : Waiting for workers to finish.
2023-12-03 01:26:09.593  INFO 8172 --- [org.springframework.amqp.rabbit.RabbitListenerEndpointContainer#0-2] (system) o.s.a.r.l.SimpleMessageListenerContainer : Successfully waited for workers to finish.
2023-12-03 01:26:09.622  INFO 8172 --- [SpringApplicationShutdownHook] (system) com.zaxxer.hikari.HikariDataSource       : HikariPool-1 - Shutdown initiated...
2023-12-03 01:26:09.629  INFO 8172 --- [SpringApplicationShutdownHook] (system) com.zaxxer.hikari.HikariDataSource       : HikariPool-1 - Shutdown completed.
2023-12-03 01:38:56.875  INFO 15088 --- [main] (system) c.e.e.ElmSpringbootBackendApplication    : Starting ElmSpringbootBackendApplication using Java 19.0.1 with PID 15088 (E:\LaboratoryReport\ElemeTraining\ele_springboot\elm_springboot_backend\target\classes started by ASUS in E:\LaboratoryReport\ElemeTraining\ele_springboot\elm_springboot_backend)
2023-12-03 01:38:56.877  INFO 15088 --- [main] (system) c.e.e.ElmSpringbootBackendApplication    : The following 1 profile is active: "dev"
2023-12-03 01:38:57.680  INFO 15088 --- [main] (system) .s.d.r.c.RepositoryConfigurationDelegate : Multiple Spring Data modules found, entering strict repository configuration mode
2023-12-03 01:38:57.682  INFO 15088 --- [main] (system) .s.d.r.c.RepositoryConfigurationDelegate : Bootstrapping Spring Data Redis repositories in DEFAULT mode.
2023-12-03 01:38:57.708  INFO 15088 --- [main] (system) .s.d.r.c.RepositoryConfigurationDelegate : Finished Spring Data repository scanning in 12 ms. Found 0 Redis repository interfaces.
2023-12-03 01:38:58.310  INFO 15088 --- [main] (system) o.s.b.w.embedded.tomcat.TomcatWebServer  : Tomcat initialized with port(s): 8080 (http)
2023-12-03 01:38:58.319  INFO 15088 --- [main] (system) o.apache.catalina.core.StandardService   : Starting service [Tomcat]
2023-12-03 01:38:58.320  INFO 15088 --- [main] (system) o.apache.catalina.core.StandardEngine    : Starting Servlet engine: [Apache Tomcat/10.1.12]
2023-12-03 01:38:58.408  INFO 15088 --- [main] (system) o.a.c.c.C.[Tomcat].[localhost].[/]       : Initializing Spring embedded WebApplicationContext
2023-12-03 01:38:58.409  INFO 15088 --- [main] (system) w.s.c.ServletWebServerApplicationContext : Root WebApplicationContext: initialization completed in 1492 ms
2023-12-03 01:38:59.703  INFO 15088 --- [main] (system) o.s.s.web.DefaultSecurityFilterChain     : Will secure any request with [org.springframework.security.web.session.DisableEncodeUrlFilter@dbca149, org.springframework.security.web.context.request.async.WebAsyncManagerIntegrationFilter@68550d86, org.springframework.security.web.context.SecurityContextHolderFilter@59a3eaf7, org.springframework.security.web.header.HeaderWriterFilter@3d8fd373, org.springframework.security.web.authentication.logout.LogoutFilter@3be50b2c, com.example.elm_springboot_backend.filter.JwtAuthenticationFilter@4ecd8ab1, com.example.elm_springboot_backend.filter.RequestLogFilter@38a96593, org.springframework.security.web.authentication.UsernamePasswordAuthenticationFilter@3d405fe5, org.springframework.security.web.savedrequest.RequestCacheAwareFilter@1b994617, org.springframework.security.web.servletapi.SecurityContextHolderAwareRequestFilter@5016f1a, org.springframework.security.web.authentication.AnonymousAuthenticationFilter@19d9ba89, org.springframework.security.web.session.SessionManagementFilter@342394b3, org.springframework.security.web.access.ExceptionTranslationFilter@49ea13b6, org.springframework.security.web.access.intercept.AuthorizationFilter@9de1b85]
2023-12-03 01:39:00.044  WARN 15088 --- [main] (system) ocalVariableTableParameterNameDiscoverer : Using deprecated '-debug' fallback for parameter name resolution. Compile the affected code with '-parameters' instead or avoid its introspection: org.springframework.amqp.rabbit.core.RabbitAdmin
2023-12-03 01:39:00.099  INFO 15088 --- [main] (system) o.s.b.w.embedded.tomcat.TomcatWebServer  : Tomcat started on port(s): 8080 (http) with context path ''
2023-12-03 01:39:00.103  INFO 15088 --- [main] (system) o.s.a.r.c.CachingConnectionFactory       : Attempting to connect to: [localhost:5672]
2023-12-03 01:39:00.144  INFO 15088 --- [main] (system) o.s.a.r.c.CachingConnectionFactory       : Created new connection: rabbitConnectionFactory#56478522:0/SimpleConnection@236a3e4 [delegate=amqp://admin@127.0.0.1:5672/, localPort=55268]
2023-12-03 01:39:00.192  INFO 15088 --- [main] (system) c.e.e.ElmSpringbootBackendApplication    : Started ElmSpringbootBackendApplication in 3.799 seconds (process running for 4.638)
2023-12-03 01:39:28.590  INFO 15088 --- [http-nio-8080-exec-2] (system) o.a.c.c.C.[Tomcat].[localhost].[/]       : Initializing Spring DispatcherServlet 'dispatcherServlet'
2023-12-03 01:39:28.591  INFO 15088 --- [http-nio-8080-exec-2] (system) o.s.web.servlet.DispatcherServlet        : Initializing Servlet 'dispatcherServlet'
2023-12-03 01:39:28.592  INFO 15088 --- [http-nio-8080-exec-2] (system) o.s.web.servlet.DispatcherServlet        : Completed initialization in 1 ms
2023-12-03 01:39:28.977  INFO 15088 --- [http-nio-8080-exec-2] (43834078755164160) c.e.e.filter.RequestLogFilter            : 请求URL: "/api/auth/login" (POST) | 远程IP地址: 127.0.0.1 │ 身份: 未验证 | 请求参数列表: {"username":"周芷璇","password":"151113"}
2023-12-03 01:39:29.194  INFO 15088 --- [http-nio-8080-exec-2] (43834078755164160) com.zaxxer.hikari.HikariDataSource       : HikariPool-1 - Starting...
2023-12-03 01:39:29.415  INFO 15088 --- [http-nio-8080-exec-2] (43834078755164160) com.zaxxer.hikari.pool.HikariPool        : HikariPool-1 - Added connection com.mysql.cj.jdbc.ConnectionImpl@547c7e86
2023-12-03 01:39:29.417  INFO 15088 --- [http-nio-8080-exec-2] (43834078755164160) com.zaxxer.hikari.HikariDataSource       : HikariPool-1 - Start completed.
2023-12-03 01:39:29.581  INFO 15088 --- [http-nio-8080-exec-2] (43834078755164160) c.e.e.filter.RequestLogFilter            : 请求处理耗时: 605ms | 响应结果: {"code":200,"data":{"expire":"2023-12-06 01:39:29.554","role":"user","token":"eyJ0eXAiOiJKV1QiLCJhbGciOiJIUzI1NiJ9.eyJuYW1lIjoi5ZGo6Iq355KHIiwiaWQiOjQsImV4cCI6MTcwMTc5Nzk2OSwiaWF0IjoxNzAxNTM4NzY5LCJqdGkiOiJhMjQ1NGYxMC1hYThiLTQ5OTQtYTEyMC1jMGNjMGM5NDllMTMiLCJhdXRob3JpdGllcyI6WyJST0xFX3VzZXIiXX0.wQ4QGZcY3EleG4_Izr2TWZp3NyCbvBrfIHRHNTmVKDU","username":"周芷璇"},"id":43834078755164160,"message":"请求成功"}
2023-12-03 01:39:43.031  INFO 15088 --- [http-nio-8080-exec-4] (43834137710301184) c.e.e.filter.RequestLogFilter            : 请求URL: "/business/list" (GET) | 远程IP地址: 127.0.0.1 │ 身份: 未验证 | 请求参数列表: {}
2023-12-03 01:39:43.044  INFO 15088 --- [http-nio-8080-exec-4] (43834137710301184) c.e.e.filter.RequestLogFilter            : 请求处理耗时: 13ms | 响应结果: {"code":401,"data":null,"id":43834137710301184,"message":"Full authentication is required to access this resource"}
2023-12-03 01:41:07.303  INFO 15088 --- [org.springframework.amqp.rabbit.RabbitListenerEndpointContainer#0-2] (system) o.s.a.r.l.SimpleMessageListenerContainer : Waiting for workers to finish.
2023-12-03 01:41:08.190  INFO 15088 --- [org.springframework.amqp.rabbit.RabbitListenerEndpointContainer#0-2] (system) o.s.a.r.l.SimpleMessageListenerContainer : Successfully waited for workers to finish.
2023-12-03 01:41:08.218  INFO 15088 --- [SpringApplicationShutdownHook] (system) com.zaxxer.hikari.HikariDataSource       : HikariPool-1 - Shutdown initiated...
2023-12-03 01:41:08.224  INFO 15088 --- [SpringApplicationShutdownHook] (system) com.zaxxer.hikari.HikariDataSource       : HikariPool-1 - Shutdown completed.
2023-12-03 20:27:47.019  INFO 24760 --- [main] (system) c.e.e.ElmSpringbootBackendApplication    : Starting ElmSpringbootBackendApplication using Java 19.0.1 with PID 24760 (E:\LaboratoryReport\ElemeTraining\ele_springboot\elm_springboot_backend\target\classes started by ASUS in E:\LaboratoryReport\ElemeTraining\ele_springboot\elm_springboot_backend)
2023-12-03 20:27:47.021  INFO 24760 --- [main] (system) c.e.e.ElmSpringbootBackendApplication    : The following 1 profile is active: "dev"
2023-12-03 20:27:47.928  INFO 24760 --- [main] (system) .s.d.r.c.RepositoryConfigurationDelegate : Multiple Spring Data modules found, entering strict repository configuration mode
2023-12-03 20:27:47.931  INFO 24760 --- [main] (system) .s.d.r.c.RepositoryConfigurationDelegate : Bootstrapping Spring Data Redis repositories in DEFAULT mode.
2023-12-03 20:27:47.964  INFO 24760 --- [main] (system) .s.d.r.c.RepositoryConfigurationDelegate : Finished Spring Data repository scanning in 16 ms. Found 0 Redis repository interfaces.
2023-12-03 20:27:48.606  INFO 24760 --- [main] (system) o.s.b.w.embedded.tomcat.TomcatWebServer  : Tomcat initialized with port(s): 8080 (http)
2023-12-03 20:27:48.615  INFO 24760 --- [main] (system) o.apache.catalina.core.StandardService   : Starting service [Tomcat]
2023-12-03 20:27:48.616  INFO 24760 --- [main] (system) o.apache.catalina.core.StandardEngine    : Starting Servlet engine: [Apache Tomcat/10.1.12]
2023-12-03 20:27:48.705  INFO 24760 --- [main] (system) o.a.c.c.C.[Tomcat].[localhost].[/]       : Initializing Spring embedded WebApplicationContext
2023-12-03 20:27:48.705  INFO 24760 --- [main] (system) w.s.c.ServletWebServerApplicationContext : Root WebApplicationContext: initialization completed in 1643 ms
2023-12-03 20:27:50.114  INFO 24760 --- [main] (system) o.s.s.web.DefaultSecurityFilterChain     : Will secure any request with [org.springframework.security.web.session.DisableEncodeUrlFilter@4b76251c, org.springframework.security.web.context.request.async.WebAsyncManagerIntegrationFilter@20c283b4, org.springframework.security.web.context.SecurityContextHolderFilter@3831f4c2, org.springframework.security.web.header.HeaderWriterFilter@342dc040, org.springframework.security.web.authentication.logout.LogoutFilter@21d3d6ec, com.example.elm_springboot_backend.filter.JwtAuthenticationFilter@77ecdc2b, com.example.elm_springboot_backend.filter.RequestLogFilter@c11332b, org.springframework.security.web.authentication.UsernamePasswordAuthenticationFilter@3c82bac3, org.springframework.security.web.savedrequest.RequestCacheAwareFilter@253b1cbd, org.springframework.security.web.servletapi.SecurityContextHolderAwareRequestFilter@28c7fd9d, org.springframework.security.web.authentication.AnonymousAuthenticationFilter@366b4a7b, org.springframework.security.web.session.SessionManagementFilter@281ca256, org.springframework.security.web.access.ExceptionTranslationFilter@1e66bf2d, org.springframework.security.web.access.intercept.AuthorizationFilter@2f112ade]
2023-12-03 20:27:50.455  WARN 24760 --- [main] (system) ocalVariableTableParameterNameDiscoverer : Using deprecated '-debug' fallback for parameter name resolution. Compile the affected code with '-parameters' instead or avoid its introspection: org.springframework.amqp.rabbit.core.RabbitAdmin
2023-12-03 20:27:50.507  INFO 24760 --- [main] (system) o.s.b.w.embedded.tomcat.TomcatWebServer  : Tomcat started on port(s): 8080 (http) with context path ''
2023-12-03 20:27:50.511  INFO 24760 --- [main] (system) o.s.a.r.c.CachingConnectionFactory       : Attempting to connect to: [localhost:5672]
2023-12-03 20:27:50.562  INFO 24760 --- [main] (system) o.s.a.r.c.CachingConnectionFactory       : Created new connection: rabbitConnectionFactory#69069866:0/SimpleConnection@61aa6300 [delegate=amqp://admin@127.0.0.1:5672/, localPort=64223]
2023-12-03 20:27:50.610  INFO 24760 --- [main] (system) c.e.e.ElmSpringbootBackendApplication    : Started ElmSpringbootBackendApplication in 4.107 seconds (process running for 4.871)
2023-12-03 20:31:29.372  INFO 24760 --- [http-nio-8080-exec-1] (system) o.a.c.c.C.[Tomcat].[localhost].[/]       : Initializing Spring DispatcherServlet 'dispatcherServlet'
2023-12-03 20:31:29.372  INFO 24760 --- [http-nio-8080-exec-1] (system) o.s.web.servlet.DispatcherServlet        : Initializing Servlet 'dispatcherServlet'
2023-12-03 20:31:29.373  INFO 24760 --- [http-nio-8080-exec-1] (system) o.s.web.servlet.DispatcherServlet        : Completed initialization in 1 ms
2023-12-03 20:31:29.845  INFO 24760 --- [http-nio-8080-exec-1] (44118959519305728) c.e.e.filter.RequestLogFilter            : 请求URL: "/api/auth/login" (POST) | 远程IP地址: 0:0:0:0:0:0:0:1 │ 身份: 未验证 | 请求参数列表: {"username":"刘浩然","password":"123456"}
2023-12-03 20:31:30.094  INFO 24760 --- [http-nio-8080-exec-1] (44118959519305728) com.zaxxer.hikari.HikariDataSource       : HikariPool-1 - Starting...
2023-12-03 20:31:30.331  INFO 24760 --- [http-nio-8080-exec-1] (44118959519305728) com.zaxxer.hikari.pool.HikariPool        : HikariPool-1 - Added connection com.mysql.cj.jdbc.ConnectionImpl@5398b648
2023-12-03 20:31:30.332  INFO 24760 --- [http-nio-8080-exec-1] (44118959519305728) com.zaxxer.hikari.HikariDataSource       : HikariPool-1 - Start completed.
2023-12-03 20:31:30.498  INFO 24760 --- [http-nio-8080-exec-1] (44118959519305728) c.e.e.filter.RequestLogFilter            : 请求处理耗时: 656ms | 响应结果: {"code":200,"data":{"expire":"2023-12-06 20:31:30.471","role":"user","token":"eyJ0eXAiOiJKV1QiLCJhbGciOiJIUzI1NiJ9.eyJuYW1lIjoi5YiY5rWp54S2IiwiaWQiOjUsImV4cCI6MTcwMTg2NTg5MCwiaWF0IjoxNzAxNjA2NjkwLCJqdGkiOiI5ZjIzMDhkOC0yN2Y0LTQwYmEtYWVlYS0yNTEyOTY3NzNiOGYiLCJhdXRob3JpdGllcyI6WyJST0xFX3VzZXIiXX0.R7H_JtLoMJ7pHI9mNJZZ_IdiCL2o2cdc7fW-rRtUDZU","username":"刘浩然"},"id":44118959519305728,"message":"请求成功"}
2023-12-03 20:31:40.250  INFO 24760 --- [http-nio-8080-exec-3] (44119003173621760) c.e.e.filter.RequestLogFilter            : 请求URL: "/business/byOrderTypeId/{orderTypeId}" (OPTIONS) | 远程IP地址: 0:0:0:0:0:0:0:1 │ 身份: 未验证 | 请求参数列表: {}
2023-12-03 20:31:40.265  INFO 24760 --- [http-nio-8080-exec-3] (44119003173621760) c.e.e.filter.RequestLogFilter            : 请求处理耗时: 15ms | 响应结果: {"code":401,"data":null,"id":44119003173621760,"message":"Full authentication is required to access this resource"}
2023-12-03 20:31:40.303  INFO 24760 --- [http-nio-8080-exec-4] (44119003395919872) c.e.e.filter.RequestLogFilter            : 请求URL: "/business/byOrderTypeId/{orderTypeId}" (POST) | 远程IP地址: 0:0:0:0:0:0:0:1 │ 身份: 刘浩然 (UID: 5) | 角色: [ROLE_user] | 请求参数列表: {"orderTypeId":"null"}
2023-12-03 20:31:40.311  WARN 24760 --- [http-nio-8080-exec-4] (44119003395919872) .w.s.m.s.DefaultHandlerExceptionResolver : Resolved [org.springframework.web.HttpRequestMethodNotSupportedException: Request method 'POST' is not supported]
2023-12-03 20:31:40.312  INFO 24760 --- [http-nio-8080-exec-4] (44119003395919872) c.e.e.filter.RequestLogFilter            : 请求处理耗时: 9ms | 响应结果: 405 错误
2023-12-03 20:36:44.482  INFO 24760 --- [http-nio-8080-exec-9] (44120279215116288) c.e.e.filter.RequestLogFilter            : 请求URL: "/api/auth/login" (POST) | 远程IP地址: 0:0:0:0:0:0:0:1 │ 身份: 未验证 | 请求参数列表: {"username":"刘浩然","password":"123456"}
2023-12-03 20:36:44.571  INFO 24760 --- [http-nio-8080-exec-9] (44120279215116288) c.e.e.filter.RequestLogFilter            : 请求处理耗时: 89ms | 响应结果: {"code":200,"data":{"expire":"2023-12-06 20:36:44.57","role":"user","token":"eyJ0eXAiOiJKV1QiLCJhbGciOiJIUzI1NiJ9.eyJuYW1lIjoi5YiY5rWp54S2IiwiaWQiOjUsImV4cCI6MTcwMTg2NjIwNCwiaWF0IjoxNzAxNjA3MDA0LCJqdGkiOiI3ZTQ3OWI0Ni04ODk2LTRmMDQtODczZC01ZmE3ZTQ4YzlhOGUiLCJhdXRob3JpdGllcyI6WyJST0xFX3VzZXIiXX0.DDWNW9gsPL6VuD9T-awD6HhS6pwI523VOL-1z1N6HkE","username":"刘浩然"},"id":44120279215116288,"message":"请求成功"}
2023-12-03 20:37:47.727  INFO 24760 --- [http-nio-8080-exec-8] (44120544479678464) c.e.e.filter.RequestLogFilter            : 请求URL: "/api/auth/login" (POST) | 远程IP地址: 0:0:0:0:0:0:0:1 │ 身份: 未验证 | 请求参数列表: {"username":"刘浩然","password":"123456"}
2023-12-03 20:37:47.798  INFO 24760 --- [http-nio-8080-exec-8] (44120544479678464) c.e.e.filter.RequestLogFilter            : 请求处理耗时: 72ms | 响应结果: {"code":200,"data":{"expire":"2023-12-06 20:37:47.798","role":"user","token":"eyJ0eXAiOiJKV1QiLCJhbGciOiJIUzI1NiJ9.eyJuYW1lIjoi5YiY5rWp54S2IiwiaWQiOjUsImV4cCI6MTcwMTg2NjI2NywiaWF0IjoxNzAxNjA3MDY3LCJqdGkiOiIwZDA1ODQ4Mi00YzMzLTQwOWEtYmI5Yi0zOGE2MjVhOWQxMTEiLCJhdXRob3JpdGllcyI6WyJST0xFX3VzZXIiXX0.9IGkebH4EQekqE3wqiku6UDJVJJ9nU_1aCCVEZ6wjFk","username":"刘浩然"},"id":44120544479678464,"message":"请求成功"}
2023-12-03 20:37:52.330  INFO 24760 --- [http-nio-8080-exec-7] (44120563790254080) c.e.e.filter.RequestLogFilter            : 请求URL: "/business/byOrderTypeId/{orderTypeId}" (OPTIONS) | 远程IP地址: 0:0:0:0:0:0:0:1 │ 身份: 未验证 | 请求参数列表: {}
2023-12-03 20:37:52.334  INFO 24760 --- [http-nio-8080-exec-7] (44120563790254080) c.e.e.filter.RequestLogFilter            : 请求处理耗时: 3ms | 响应结果: {"code":401,"data":null,"id":44120563790254080,"message":"Full authentication is required to access this resource"}
2023-12-03 20:37:52.342  INFO 24760 --- [http-nio-8080-exec-10] (44120563840585728) c.e.e.filter.RequestLogFilter            : 请求URL: "/business/byOrderTypeId/{orderTypeId}" (POST) | 远程IP地址: 0:0:0:0:0:0:0:1 │ 身份: 刘浩然 (UID: 5) | 角色: [ROLE_user] | 请求参数列表: {"orderTypeId":"null"}
2023-12-03 20:37:52.343  WARN 24760 --- [http-nio-8080-exec-10] (44120563840585728) .w.s.m.s.DefaultHandlerExceptionResolver : Resolved [org.springframework.web.HttpRequestMethodNotSupportedException: Request method 'POST' is not supported]
2023-12-03 20:37:52.343  INFO 24760 --- [http-nio-8080-exec-10] (44120563840585728) c.e.e.filter.RequestLogFilter            : 请求处理耗时: 1ms | 响应结果: 405 错误
2023-12-03 20:48:15.046  INFO 24760 --- [http-nio-8080-exec-2] (44123175650463744) c.e.e.filter.RequestLogFilter            : 请求URL: "/api/auth/login" (POST) | 远程IP地址: 0:0:0:0:0:0:0:1 │ 身份: 未验证 | 请求参数列表: {"username":"刘浩然","password":"123456"}
2023-12-03 20:48:15.121  INFO 24760 --- [http-nio-8080-exec-2] (44123175650463744) c.e.e.filter.RequestLogFilter            : 请求处理耗时: 75ms | 响应结果: {"code":200,"data":{"expire":"2023-12-06 20:48:15.12","role":"user","token":"eyJ0eXAiOiJKV1QiLCJhbGciOiJIUzI1NiJ9.eyJuYW1lIjoi5YiY5rWp54S2IiwiaWQiOjUsImV4cCI6MTcwMTg2Njg5NSwiaWF0IjoxNzAxNjA3Njk1LCJqdGkiOiIxOTA0NTY0Zi0zNzEyLTQwYjctYTBlMC02N2Y0YjlmOWJhNWIiLCJhdXRob3JpdGllcyI6WyJST0xFX3VzZXIiXX0.TA8k_0psXuVQanLzthiIE-VAWIbW83h_PgIkQF8AnP4","username":"刘浩然"},"id":44123175650463744,"message":"请求成功"}
2023-12-03 20:48:39.814  INFO 24760 --- [http-nio-8080-exec-3] (44123279534985216) c.e.e.filter.RequestLogFilter            : 请求URL: "/business/byOrderTypeId/{orderTypeId}" (OPTIONS) | 远程IP地址: 0:0:0:0:0:0:0:1 │ 身份: 未验证 | 请求参数列表: {}
2023-12-03 20:48:39.816  INFO 24760 --- [http-nio-8080-exec-3] (44123279534985216) c.e.e.filter.RequestLogFilter            : 请求处理耗时: 2ms | 响应结果: {"code":401,"data":null,"id":44123279534985216,"message":"Full authentication is required to access this resource"}
2023-12-03 20:48:39.824  INFO 24760 --- [http-nio-8080-exec-4] (44123279576928256) c.e.e.filter.RequestLogFilter            : 请求URL: "/business/byOrderTypeId/{orderTypeId}" (GET) | 远程IP地址: 0:0:0:0:0:0:0:1 │ 身份: 刘浩然 (UID: 5) | 角色: [ROLE_user] | 请求参数列表: {}
2023-12-03 20:48:39.831  WARN 24760 --- [http-nio-8080-exec-4] (44123279576928256) .w.s.m.s.DefaultHandlerExceptionResolver : Resolved [org.springframework.web.method.annotation.MethodArgumentTypeMismatchException: Failed to convert value of type 'java.lang.String' to required type 'java.lang.Integer'; For input string: "{orderTypeId}"]
2023-12-03 20:48:39.831  INFO 24760 --- [http-nio-8080-exec-4] (44123279576928256) c.e.e.filter.RequestLogFilter            : 请求处理耗时: 7ms | 响应结果: 400 错误
2023-12-03 20:50:12.824  INFO 24760 --- [http-nio-8080-exec-5] (44123669643005952) c.e.e.filter.RequestLogFilter            : 请求URL: "/api/auth/login" (POST) | 远程IP地址: 0:0:0:0:0:0:0:1 │ 身份: 未验证 | 请求参数列表: {"username":"刘浩然","password":"123456"}
2023-12-03 20:50:12.895  INFO 24760 --- [http-nio-8080-exec-5] (44123669643005952) c.e.e.filter.RequestLogFilter            : 请求处理耗时: 72ms | 响应结果: {"code":200,"data":{"expire":"2023-12-06 20:50:12.895","role":"user","token":"eyJ0eXAiOiJKV1QiLCJhbGciOiJIUzI1NiJ9.eyJuYW1lIjoi5YiY5rWp54S2IiwiaWQiOjUsImV4cCI6MTcwMTg2NzAxMiwiaWF0IjoxNzAxNjA3ODEyLCJqdGkiOiJkMzc1Mjc4Zi0xMDI2LTQ1YTgtODNiOS05MTEzODJkNDQ1MzQiLCJhdXRob3JpdGllcyI6WyJST0xFX3VzZXIiXX0.rFAMV9pmFHEJa8-is_2KlXLSEgwNgCkj2t3TYngQ4gw","username":"刘浩然"},"id":44123669643005952,"message":"请求成功"}
2023-12-03 20:50:15.428  INFO 24760 --- [http-nio-8080-exec-9] (44123680569167872) c.e.e.filter.RequestLogFilter            : 请求URL: "/business/byOrderTypeId/{orderTypeId}" (OPTIONS) | 远程IP地址: 0:0:0:0:0:0:0:1 │ 身份: 未验证 | 请求参数列表: {}
2023-12-03 20:50:15.430  INFO 24760 --- [http-nio-8080-exec-9] (44123680569167872) c.e.e.filter.RequestLogFilter            : 请求处理耗时: 2ms | 响应结果: {"code":401,"data":null,"id":44123680569167872,"message":"Full authentication is required to access this resource"}
2023-12-03 20:50:15.437  INFO 24760 --- [http-nio-8080-exec-6] (44123680606916608) c.e.e.filter.RequestLogFilter            : 请求URL: "/business/byOrderTypeId/{orderTypeId}" (GET) | 远程IP地址: 0:0:0:0:0:0:0:1 │ 身份: 刘浩然 (UID: 5) | 角色: [ROLE_user] | 请求参数列表: {}
2023-12-03 20:50:15.439  WARN 24760 --- [http-nio-8080-exec-6] (44123680606916608) .w.s.m.s.DefaultHandlerExceptionResolver : Resolved [org.springframework.web.method.annotation.MethodArgumentTypeMismatchException: Failed to convert value of type 'java.lang.String' to required type 'java.lang.Integer'; For input string: "{orderTypeId}"]
2023-12-03 20:50:15.439  INFO 24760 --- [http-nio-8080-exec-6] (44123680606916608) c.e.e.filter.RequestLogFilter            : 请求处理耗时: 2ms | 响应结果: 400 错误
2023-12-03 21:08:25.600  INFO 24760 --- [http-nio-8080-exec-8] (44128253081948160) c.e.e.filter.RequestLogFilter            : 请求URL: "/api/auth/login" (POST) | 远程IP地址: 0:0:0:0:0:0:0:1 │ 身份: 未验证 | 请求参数列表: {"username":"刘浩然","password":"123456"}
2023-12-03 21:08:25.685  INFO 24760 --- [http-nio-8080-exec-8] (44128253081948160) c.e.e.filter.RequestLogFilter            : 请求处理耗时: 85ms | 响应结果: {"code":200,"data":{"expire":"2023-12-06 21:08:25.684","role":"user","token":"eyJ0eXAiOiJKV1QiLCJhbGciOiJIUzI1NiJ9.eyJuYW1lIjoi5YiY5rWp54S2IiwiaWQiOjUsImV4cCI6MTcwMTg2ODEwNSwiaWF0IjoxNzAxNjA4OTA1LCJqdGkiOiJlOTFhZjVmYy00M2U0LTQxZTYtYWI2My1lZGE1ZjU1OGMzN2EiLCJhdXRob3JpdGllcyI6WyJST0xFX3VzZXIiXX0.wjbeymhuouTT-k-xr5fRP7VBLwEGGWr-NNVOMVLO9pc","username":"刘浩然"},"id":44128253081948160,"message":"请求成功"}
2023-12-03 21:08:28.763  INFO 24760 --- [http-nio-8080-exec-7] (44128266348531712) c.e.e.filter.RequestLogFilter            : 请求URL: "/business/byOrderTypeId/{orderTypeId}" (OPTIONS) | 远程IP地址: 0:0:0:0:0:0:0:1 │ 身份: 未验证 | 请求参数列表: {}
2023-12-03 21:08:28.768  INFO 24760 --- [http-nio-8080-exec-7] (44128266348531712) c.e.e.filter.RequestLogFilter            : 请求处理耗时: 5ms | 响应结果: {"code":401,"data":null,"id":44128266348531712,"message":"Full authentication is required to access this resource"}
2023-12-03 21:08:28.777  INFO 24760 --- [http-nio-8080-exec-10] (44128266407251968) c.e.e.filter.RequestLogFilter            : 请求URL: "/business/byOrderTypeId/{orderTypeId}" (POST) | 远程IP地址: 0:0:0:0:0:0:0:1 │ 身份: 刘浩然 (UID: 5) | 角色: [ROLE_user] | 请求参数列表: {"orderTypeId":"null"}
2023-12-03 21:08:28.780  WARN 24760 --- [http-nio-8080-exec-10] (44128266407251968) .w.s.m.s.DefaultHandlerExceptionResolver : Resolved [org.springframework.web.HttpRequestMethodNotSupportedException: Request method 'POST' is not supported]
2023-12-03 21:08:28.780  INFO 24760 --- [http-nio-8080-exec-10] (44128266407251968) c.e.e.filter.RequestLogFilter            : 请求处理耗时: 3ms | 响应结果: 405 错误
2023-12-03 21:16:19.856  INFO 24760 --- [http-nio-8080-exec-2] (44130242255785984) c.e.e.filter.RequestLogFilter            : 请求URL: "/api/auth/login" (POST) | 远程IP地址: 0:0:0:0:0:0:0:1 │ 身份: 未验证 | 请求参数列表: {"username":"刘浩然","password":"123456"}
2023-12-03 21:16:19.934  INFO 24760 --- [http-nio-8080-exec-2] (44130242255785984) c.e.e.filter.RequestLogFilter            : 请求处理耗时: 78ms | 响应结果: {"code":200,"data":{"expire":"2023-12-06 21:16:19.934","role":"user","token":"eyJ0eXAiOiJKV1QiLCJhbGciOiJIUzI1NiJ9.eyJuYW1lIjoi5YiY5rWp54S2IiwiaWQiOjUsImV4cCI6MTcwMTg2ODU3OSwiaWF0IjoxNzAxNjA5Mzc5LCJqdGkiOiIwMjNlNjdjMC1jNGY1LTRlYWYtOGYyYy1jY2YxMmFkMGRlMzkiLCJhdXRob3JpdGllcyI6WyJST0xFX3VzZXIiXX0.KdGAHwJgSVRFsAlwhOZr5VMwJKFE8flCo5ZYa1mSaNo","username":"刘浩然"},"id":44130242255785984,"message":"请求成功"}
2023-12-03 21:17:20.708  INFO 24760 --- [http-nio-8080-exec-4] (44130497483378688) c.e.e.filter.RequestLogFilter            : 请求URL: "/api/auth/login" (POST) | 远程IP地址: 0:0:0:0:0:0:0:1 │ 身份: 未验证 | 请求参数列表: {"username":"刘浩然","password":"123456"}
2023-12-03 21:17:20.788  INFO 24760 --- [http-nio-8080-exec-4] (44130497483378688) c.e.e.filter.RequestLogFilter            : 请求处理耗时: 81ms | 响应结果: {"code":200,"data":{"expire":"2023-12-06 21:17:20.788","role":"user","token":"eyJ0eXAiOiJKV1QiLCJhbGciOiJIUzI1NiJ9.eyJuYW1lIjoi5YiY5rWp54S2IiwiaWQiOjUsImV4cCI6MTcwMTg2ODY0MCwiaWF0IjoxNzAxNjA5NDQwLCJqdGkiOiJlNmVhNWY0NS0yYmE2LTQ3NTUtOTM5ZC1lYzQxODA1MTEzYzgiLCJhdXRob3JpdGllcyI6WyJST0xFX3VzZXIiXX0.n3FAfMI5IyK7BFgcn_6cWhH7upuVGv03xJ6_sBLaq7I","username":"刘浩然"},"id":44130497483378688,"message":"请求成功"}
2023-12-03 21:18:44.873  INFO 24760 --- [http-nio-8080-exec-9] (44130850501169152) c.e.e.filter.RequestLogFilter            : 请求URL: "/api/auth/login" (POST) | 远程IP地址: 0:0:0:0:0:0:0:1 │ 身份: 未验证 | 请求参数列表: {"username":"刘浩然","password":"123456"}
2023-12-03 21:18:44.952  INFO 24760 --- [http-nio-8080-exec-9] (44130850501169152) c.e.e.filter.RequestLogFilter            : 请求处理耗时: 79ms | 响应结果: {"code":200,"data":{"expire":"2023-12-06 21:18:44.952","role":"user","token":"eyJ0eXAiOiJKV1QiLCJhbGciOiJIUzI1NiJ9.eyJuYW1lIjoi5YiY5rWp54S2IiwiaWQiOjUsImV4cCI6MTcwMTg2ODcyNCwiaWF0IjoxNzAxNjA5NTI0LCJqdGkiOiI0NjRjOTY5MS04MWE0LTQyOWUtODlhYy04YzgyZTkzY2EwZTAiLCJhdXRob3JpdGllcyI6WyJST0xFX3VzZXIiXX0.X8tQNY-mh3ADo-RIS0jkY-qo7xqM4E1Gedy7Ay7QZAc","username":"刘浩然"},"id":44130850501169152,"message":"请求成功"}
2023-12-03 21:21:11.227  INFO 24760 --- [http-nio-8080-exec-8] (44131464354336768) c.e.e.filter.RequestLogFilter            : 请求URL: "/api/auth/login" (POST) | 远程IP地址: 0:0:0:0:0:0:0:1 │ 身份: 未验证 | 请求参数列表: {"username":"刘浩然","password":"123456"}
2023-12-03 21:21:11.307  INFO 24760 --- [http-nio-8080-exec-8] (44131464354336768) c.e.e.filter.RequestLogFilter            : 请求处理耗时: 80ms | 响应结果: {"code":200,"data":{"expire":"2023-12-06 21:21:11.307","role":"user","token":"eyJ0eXAiOiJKV1QiLCJhbGciOiJIUzI1NiJ9.eyJuYW1lIjoi5YiY5rWp54S2IiwiaWQiOjUsImV4cCI6MTcwMTg2ODg3MSwiaWF0IjoxNzAxNjA5NjcxLCJqdGkiOiJmYjZkODk5Yi02YWMxLTRiOGItYmIwMC00NDBhZTJjNWM4NTYiLCJhdXRob3JpdGllcyI6WyJST0xFX3VzZXIiXX0.6_8Pn2z_sgoSeioMjkBu9WTpdWaKAAvjlezF0PmnqCM","username":"刘浩然"},"id":44131464354336768,"message":"请求成功"}
2023-12-03 21:31:39.499  INFO 24760 --- [http-nio-8080-exec-10] (44134099518099456) c.e.e.filter.RequestLogFilter            : 请求URL: "/api/auth/login" (POST) | 远程IP地址: 0:0:0:0:0:0:0:1 │ 身份: 未验证 | 请求参数列表: {"username":"刘浩然","password":"123456"}
2023-12-03 21:31:39.586  INFO 24760 --- [http-nio-8080-exec-10] (44134099518099456) c.e.e.filter.RequestLogFilter            : 请求处理耗时: 87ms | 响应结果: {"code":200,"data":{"expire":"2023-12-06 21:31:39.586","role":"user","token":"eyJ0eXAiOiJKV1QiLCJhbGciOiJIUzI1NiJ9.eyJuYW1lIjoi5YiY5rWp54S2IiwiaWQiOjUsImV4cCI6MTcwMTg2OTQ5OSwiaWF0IjoxNzAxNjEwMjk5LCJqdGkiOiIwNjFjNjlkNC0zYTU5LTQyNTgtOWJjMi1jYzBmM2I0OTIzNWMiLCJhdXRob3JpdGllcyI6WyJST0xFX3VzZXIiXX0.Bgw9BlrmEWbjD2qqE_TGSFqfApQGV7J99ofaf7Wsk6k","username":"刘浩然"},"id":44134099518099456,"message":"请求成功"}
2023-12-03 21:32:50.428  INFO 24760 --- [http-nio-8080-exec-3] (44134397011693568) c.e.e.filter.RequestLogFilter            : 请求URL: "/api/auth/login" (POST) | 远程IP地址: 0:0:0:0:0:0:0:1 │ 身份: 未验证 | 请求参数列表: {"username":"刘浩然","password":"123456"}
2023-12-03 21:32:50.506  INFO 24760 --- [http-nio-8080-exec-3] (44134397011693568) c.e.e.filter.RequestLogFilter            : 请求处理耗时: 79ms | 响应结果: {"code":200,"data":{"expire":"2023-12-06 21:32:50.506","role":"user","token":"eyJ0eXAiOiJKV1QiLCJhbGciOiJIUzI1NiJ9.eyJuYW1lIjoi5YiY5rWp54S2IiwiaWQiOjUsImV4cCI6MTcwMTg2OTU3MCwiaWF0IjoxNzAxNjEwMzcwLCJqdGkiOiJlYTc5OTVhOS0yODI0LTRkYzUtYWMxNy0wYjMzODNjOGNjNjgiLCJhdXRob3JpdGllcyI6WyJST0xFX3VzZXIiXX0.1CRSTNB-3ZKqSKtS-EycaFyEvKLLhYyLTvwaujL1Lw8","username":"刘浩然"},"id":44134397011693568,"message":"请求成功"}
2023-12-03 21:32:52.812  INFO 24760 --- [http-nio-8080-exec-5] (44134407015108608) c.e.e.filter.RequestLogFilter            : 请求URL: "/api/auth/logout" (OPTIONS) | 远程IP地址: 0:0:0:0:0:0:0:1 │ 身份: 未验证 | 请求参数列表: {}
2023-12-03 21:32:52.847  INFO 24760 --- [http-nio-8080-exec-5] (44134407015108608) c.e.e.filter.RequestLogFilter            : 请求处理耗时: 35ms | 响应结果: 
2023-12-03 21:33:15.639  INFO 24760 --- [http-nio-8080-exec-6] (44134502758486016) c.e.e.filter.RequestLogFilter            : 请求URL: "/api/auth/login" (POST) | 远程IP地址: 0:0:0:0:0:0:0:1 │ 身份: 未验证 | 请求参数列表: {"username":"周芷璇","password":"151113"}
2023-12-03 21:33:15.720  INFO 24760 --- [http-nio-8080-exec-6] (44134502758486016) c.e.e.filter.RequestLogFilter            : 请求处理耗时: 80ms | 响应结果: {"code":200,"data":{"expire":"2023-12-06 21:33:15.719","role":"user","token":"eyJ0eXAiOiJKV1QiLCJhbGciOiJIUzI1NiJ9.eyJuYW1lIjoi5ZGo6Iq355KHIiwiaWQiOjQsImV4cCI6MTcwMTg2OTU5NSwiaWF0IjoxNzAxNjEwMzk1LCJqdGkiOiIxYjllMzhjMy1kMjA3LTRhOTMtOWZiMi0wYjE5ZjZlODVlZDgiLCJhdXRob3JpdGllcyI6WyJST0xFX3VzZXIiXX0.ox3XwAVc6qjUTgjgNPRra_Uo7ZwME3wcSUBM26iifaQ","username":"周芷璇"},"id":44134502758486016,"message":"请求成功"}
2023-12-03 21:33:22.380  INFO 24760 --- [http-nio-8080-exec-8] (44134531032289280) c.e.e.filter.RequestLogFilter            : 请求URL: "/api/auth/logout" (OPTIONS) | 远程IP地址: 0:0:0:0:0:0:0:1 │ 身份: 未验证 | 请求参数列表: {}
2023-12-03 21:33:22.383  INFO 24760 --- [http-nio-8080-exec-8] (44134531032289280) c.e.e.filter.RequestLogFilter            : 请求处理耗时: 3ms | 响应结果: 
2023-12-03 21:33:39.808  INFO 24760 --- [http-nio-8080-exec-10] (44134604130619392) c.e.e.filter.RequestLogFilter            : 请求URL: "/api/auth/ask-code" (OPTIONS) | 远程IP地址: 0:0:0:0:0:0:0:1 │ 身份: 未验证 | 请求参数列表: {"email":"2630526002@qq.com","type":"reset"}
2023-12-03 21:33:39.810  INFO 24760 --- [http-nio-8080-exec-10] (44134604130619392) c.e.e.filter.RequestLogFilter            : 请求处理耗时: 2ms | 响应结果: 
2023-12-03 21:33:39.816  INFO 24760 --- [http-nio-8080-exec-1] (44134604164173824) c.e.e.filter.RequestLogFilter            : 请求URL: "/api/auth/ask-code" (GET) | 远程IP地址: 0:0:0:0:0:0:0:1 │ 身份: 未验证 | 请求参数列表: {"email":"2630526002@qq.com","type":"reset"}
2023-12-03 21:33:39.998  INFO 24760 --- [http-nio-8080-exec-1] (44134604164173824) c.e.e.filter.RequestLogFilter            : 请求处理耗时: 182ms | 响应结果: {"id":44134604164173824,"code":200,"data":null,"message":"请求成功"}
2023-12-03 21:34:17.260  INFO 24760 --- [http-nio-8080-exec-2] (44134761215692800) c.e.e.filter.RequestLogFilter            : 请求URL: "/api/auth/reset-confirm" (OPTIONS) | 远程IP地址: 0:0:0:0:0:0:0:1 │ 身份: 未验证 | 请求参数列表: {}
2023-12-03 21:34:17.262  INFO 24760 --- [http-nio-8080-exec-2] (44134761215692800) c.e.e.filter.RequestLogFilter            : 请求处理耗时: 2ms | 响应结果: 
2023-12-03 21:34:17.272  INFO 24760 --- [http-nio-8080-exec-3] (44134761266024448) c.e.e.filter.RequestLogFilter            : 请求URL: "/api/auth/reset-confirm" (POST) | 远程IP地址: 0:0:0:0:0:0:0:1 │ 身份: 未验证 | 请求参数列表: {}
2023-12-03 21:34:17.343  INFO 24760 --- [http-nio-8080-exec-3] (44134761266024448) c.e.e.filter.RequestLogFilter            : 请求处理耗时: 71ms | 响应结果: {"id":44134761266024448,"code":400,"data":null,"message":"验证码错误，请重新输入"}
2023-12-03 21:34:30.550  INFO 24760 --- [http-nio-8080-exec-4] (44134816957992960) c.e.e.filter.RequestLogFilter            : 请求URL: "/api/auth/reset-confirm" (OPTIONS) | 远程IP地址: 0:0:0:0:0:0:0:1 │ 身份: 未验证 | 请求参数列表: {}
2023-12-03 21:34:30.551  INFO 24760 --- [http-nio-8080-exec-4] (44134816957992960) c.e.e.filter.RequestLogFilter            : 请求处理耗时: 1ms | 响应结果: 
2023-12-03 21:34:30.557  INFO 24760 --- [http-nio-8080-exec-5] (44134816987353088) c.e.e.filter.RequestLogFilter            : 请求URL: "/api/auth/reset-confirm" (POST) | 远程IP地址: 0:0:0:0:0:0:0:1 │ 身份: 未验证 | 请求参数列表: {}
2023-12-03 21:34:30.559  INFO 24760 --- [http-nio-8080-exec-5] (44134816987353088) c.e.e.filter.RequestLogFilter            : 请求处理耗时: 2ms | 响应结果: {"id":44134816987353088,"code":400,"data":null,"message":"验证码错误，请重新输入"}
2023-12-03 21:34:40.734  INFO 24760 --- [http-nio-8080-exec-9] (44134859672784896) c.e.e.filter.RequestLogFilter            : 请求URL: "/api/auth/ask-code" (OPTIONS) | 远程IP地址: 0:0:0:0:0:0:0:1 │ 身份: 未验证 | 请求参数列表: {"email":"2630526002@qq.com","type":"reset"}
2023-12-03 21:34:40.735  INFO 24760 --- [http-nio-8080-exec-9] (44134859672784896) c.e.e.filter.RequestLogFilter            : 请求处理耗时: 1ms | 响应结果: 
2023-12-03 21:34:40.741  INFO 24760 --- [http-nio-8080-exec-6] (44134859702145024) c.e.e.filter.RequestLogFilter            : 请求URL: "/api/auth/ask-code" (GET) | 远程IP地址: 0:0:0:0:0:0:0:1 │ 身份: 未验证 | 请求参数列表: {"email":"2630526002@qq.com","type":"reset"}
2023-12-03 21:34:40.745  INFO 24760 --- [http-nio-8080-exec-6] (44134859702145024) c.e.e.filter.RequestLogFilter            : 请求处理耗时: 4ms | 响应结果: {"id":44134859702145024,"code":200,"data":null,"message":"请求成功"}
2023-12-03 21:34:54.191  INFO 24760 --- [http-nio-8080-exec-8] (44134916115533824) c.e.e.filter.RequestLogFilter            : 请求URL: "/api/auth/reset-confirm" (OPTIONS) | 远程IP地址: 0:0:0:0:0:0:0:1 │ 身份: 未验证 | 请求参数列表: {}
2023-12-03 21:34:54.193  INFO 24760 --- [http-nio-8080-exec-8] (44134916115533824) c.e.e.filter.RequestLogFilter            : 请求处理耗时: 2ms | 响应结果: 
2023-12-03 21:34:54.199  INFO 24760 --- [http-nio-8080-exec-7] (44134916149088256) c.e.e.filter.RequestLogFilter            : 请求URL: "/api/auth/reset-confirm" (POST) | 远程IP地址: 0:0:0:0:0:0:0:1 │ 身份: 未验证 | 请求参数列表: {}
2023-12-03 21:34:54.203  INFO 24760 --- [http-nio-8080-exec-7] (44134916149088256) c.e.e.filter.RequestLogFilter            : 请求处理耗时: 4ms | 响应结果: {"id":44134916149088256,"code":200,"data":null,"message":"请求成功"}
2023-12-03 21:35:01.804  INFO 24760 --- [http-nio-8080-exec-10] (44134948046770176) c.e.e.filter.RequestLogFilter            : 请求URL: "/api/auth/reset-password" (OPTIONS) | 远程IP地址: 0:0:0:0:0:0:0:1 │ 身份: 未验证 | 请求参数列表: {}
2023-12-03 21:35:01.804  INFO 24760 --- [http-nio-8080-exec-10] (44134948046770176) c.e.e.filter.RequestLogFilter            : 请求处理耗时: 0ms | 响应结果: 
2023-12-03 21:35:01.810  INFO 24760 --- [http-nio-8080-exec-1] (44134948071936000) c.e.e.filter.RequestLogFilter            : 请求URL: "/api/auth/reset-password" (POST) | 远程IP地址: 0:0:0:0:0:0:0:1 │ 身份: 未验证 | 请求参数列表: {}
2023-12-03 21:35:01.914  INFO 24760 --- [http-nio-8080-exec-1] (44134948071936000) c.e.e.filter.RequestLogFilter            : 请求处理耗时: 104ms | 响应结果: {"id":44134948071936000,"code":200,"data":null,"message":"请求成功"}
2023-12-03 21:35:07.738  INFO 24760 --- [http-nio-8080-exec-2] (44134972931575808) c.e.e.filter.RequestLogFilter            : 请求URL: "/api/auth/login" (POST) | 远程IP地址: 0:0:0:0:0:0:0:1 │ 身份: 未验证 | 请求参数列表: {"username":"周芷璇","password":"151113"}
2023-12-03 21:35:07.814  INFO 24760 --- [http-nio-8080-exec-2] (44134972931575808) c.e.e.filter.RequestLogFilter            : 请求处理耗时: 77ms | 响应结果: {"code":200,"data":{"expire":"2023-12-06 21:35:07.814","role":"user","token":"eyJ0eXAiOiJKV1QiLCJhbGciOiJIUzI1NiJ9.eyJuYW1lIjoi5ZGo6Iq355KHIiwiaWQiOjQsImV4cCI6MTcwMTg2OTcwNywiaWF0IjoxNzAxNjEwNTA3LCJqdGkiOiIzM2E1Y2MzNC1mMGYwLTQxNTEtOTFhNy0wNjE0OWY2NDg3N2QiLCJhdXRob3JpdGllcyI6WyJST0xFX3VzZXIiXX0.TCaQi3FmsXF1fb6xOuA3GLXr7Vcx280d5fq-oqSfJMM","username":"周芷璇"},"id":44134972931575808,"message":"请求成功"}
2023-12-03 21:35:10.604  INFO 24760 --- [http-nio-8080-exec-3] (44134984956645376) c.e.e.filter.RequestLogFilter            : 请求URL: "/api/auth/logout" (OPTIONS) | 远程IP地址: 0:0:0:0:0:0:0:1 │ 身份: 未验证 | 请求参数列表: {}
2023-12-03 21:35:10.605  INFO 24760 --- [http-nio-8080-exec-3] (44134984956645376) c.e.e.filter.RequestLogFilter            : 请求处理耗时: 1ms | 响应结果: 
2023-12-03 21:35:12.333  INFO 24760 --- [http-nio-8080-exec-5] (44134992208596992) c.e.e.filter.RequestLogFilter            : 请求URL: "/api/auth/login" (POST) | 远程IP地址: 0:0:0:0:0:0:0:1 │ 身份: 未验证 | 请求参数列表: {"username":"周芷璇","password":"151113"}
2023-12-03 21:35:12.411  INFO 24760 --- [http-nio-8080-exec-5] (44134992208596992) c.e.e.filter.RequestLogFilter            : 请求处理耗时: 78ms | 响应结果: {"code":403,"data":null,"id":44134992208596992,"message":"登录验证频繁，请稍后再试"}
2023-12-03 21:35:27.499  INFO 24760 --- [http-nio-8080-exec-6] (44135055819411456) c.e.e.filter.RequestLogFilter            : 请求URL: "/api/auth/login" (POST) | 远程IP地址: 0:0:0:0:0:0:0:1 │ 身份: 未验证 | 请求参数列表: {"username":"周芷璇","password":"151113"}
2023-12-03 21:35:27.578  INFO 24760 --- [http-nio-8080-exec-6] (44135055819411456) c.e.e.filter.RequestLogFilter            : 请求处理耗时: 79ms | 响应结果: {"code":200,"data":{"expire":"2023-12-06 21:35:27.578","role":"user","token":"eyJ0eXAiOiJKV1QiLCJhbGciOiJIUzI1NiJ9.eyJuYW1lIjoi5ZGo6Iq355KHIiwiaWQiOjQsImV4cCI6MTcwMTg2OTcyNywiaWF0IjoxNzAxNjEwNTI3LCJqdGkiOiI3MWUzY2RiNS03MGQwLTQ5OTUtOTI4OC1kM2U4MzE1ZjJjOTEiLCJhdXRob3JpdGllcyI6WyJST0xFX3VzZXIiXX0.m4uknFpV46cHOa9Ym06ybYX_AJtEQpUMPQNC9RQB5ek","username":"周芷璇"},"id":44135055819411456,"message":"请求成功"}
2023-12-03 21:37:20.377  INFO 24760 --- [http-nio-8080-exec-7] (44135529264058368) c.e.e.filter.RequestLogFilter            : 请求URL: "/api/auth/login" (POST) | 远程IP地址: 0:0:0:0:0:0:0:1 │ 身份: 未验证 | 请求参数列表: {"username":"周芷璇","password":"151113"}
2023-12-03 21:37:20.451  INFO 24760 --- [http-nio-8080-exec-7] (44135529264058368) c.e.e.filter.RequestLogFilter            : 请求处理耗时: 74ms | 响应结果: {"code":200,"data":{"expire":"2023-12-06 21:37:20.451","role":"user","token":"eyJ0eXAiOiJKV1QiLCJhbGciOiJIUzI1NiJ9.eyJuYW1lIjoi5ZGo6Iq355KHIiwiaWQiOjQsImV4cCI6MTcwMTg2OTg0MCwiaWF0IjoxNzAxNjEwNjQwLCJqdGkiOiI2ZDc1ZjFhNi1jZTAwLTQwOGYtODE2NS03NThlODQ5YTY2ZTciLCJhdXRob3JpdGllcyI6WyJST0xFX3VzZXIiXX0.ENQUXYU9BWzzRplgdH0CgkygPsUA5HpH2xHrd7ssjkQ","username":"周芷璇"},"id":44135529264058368,"message":"请求成功"}
2023-12-03 21:37:23.812  INFO 24760 --- [http-nio-8080-exec-10] (44135543671492608) c.e.e.filter.RequestLogFilter            : 请求URL: "/business/byOrderTypeId/1" (OPTIONS) | 远程IP地址: 0:0:0:0:0:0:0:1 │ 身份: 未验证 | 请求参数列表: {}
2023-12-03 21:37:23.815  INFO 24760 --- [http-nio-8080-exec-10] (44135543671492608) c.e.e.filter.RequestLogFilter            : 请求处理耗时: 3ms | 响应结果: {"code":401,"data":null,"id":44135543671492608,"message":"Full authentication is required to access this resource"}
2023-12-03 21:37:23.825  INFO 24760 --- [http-nio-8080-exec-1] (44135543726018560) c.e.e.filter.RequestLogFilter            : 请求URL: "/business/byOrderTypeId/1" (POST) | 远程IP地址: 0:0:0:0:0:0:0:1 │ 身份: 周芷璇 (UID: 4) | 角色: [ROLE_user] | 请求参数列表: {"orderTypeId":"1"}
2023-12-03 21:37:23.827  WARN 24760 --- [http-nio-8080-exec-1] (44135543726018560) .w.s.m.s.DefaultHandlerExceptionResolver : Resolved [org.springframework.web.HttpRequestMethodNotSupportedException: Request method 'POST' is not supported]
2023-12-03 21:37:23.827  INFO 24760 --- [http-nio-8080-exec-1] (44135543726018560) c.e.e.filter.RequestLogFilter            : 请求处理耗时: 2ms | 响应结果: 405 错误
2023-12-03 21:57:21.662  INFO 24760 --- [org.springframework.amqp.rabbit.RabbitListenerEndpointContainer#0-2] (system) o.s.a.r.l.SimpleMessageListenerContainer : Waiting for workers to finish.
2023-12-03 21:57:22.557  INFO 24760 --- [org.springframework.amqp.rabbit.RabbitListenerEndpointContainer#0-2] (system) o.s.a.r.l.SimpleMessageListenerContainer : Successfully waited for workers to finish.
2023-12-03 21:57:22.616  INFO 24760 --- [SpringApplicationShutdownHook] (system) com.zaxxer.hikari.HikariDataSource       : HikariPool-1 - Shutdown initiated...
2023-12-03 21:57:22.624  INFO 24760 --- [SpringApplicationShutdownHook] (system) com.zaxxer.hikari.HikariDataSource       : HikariPool-1 - Shutdown completed.
2023-12-03 21:57:30.993  INFO 25160 --- [main] (system) c.e.e.ElmSpringbootBackendApplication    : Starting ElmSpringbootBackendApplication using Java 19.0.1 with PID 25160 (E:\LaboratoryReport\ElemeTraining\ele_springboot\elm_springboot_backend\target\classes started by ASUS in E:\LaboratoryReport\ElemeTraining\ele_springboot\elm_springboot_backend)
2023-12-03 21:57:30.995  INFO 25160 --- [main] (system) c.e.e.ElmSpringbootBackendApplication    : The following 1 profile is active: "dev"
2023-12-03 21:57:32.336  INFO 25160 --- [main] (system) .s.d.r.c.RepositoryConfigurationDelegate : Multiple Spring Data modules found, entering strict repository configuration mode
2023-12-03 21:57:32.339  INFO 25160 --- [main] (system) .s.d.r.c.RepositoryConfigurationDelegate : Bootstrapping Spring Data Redis repositories in DEFAULT mode.
2023-12-03 21:57:32.376  INFO 25160 --- [main] (system) .s.d.r.c.RepositoryConfigurationDelegate : Finished Spring Data repository scanning in 16 ms. Found 0 Redis repository interfaces.
2023-12-03 21:57:33.360  INFO 25160 --- [main] (system) o.s.b.w.embedded.tomcat.TomcatWebServer  : Tomcat initialized with port(s): 8080 (http)
2023-12-03 21:57:33.373  INFO 25160 --- [main] (system) o.apache.catalina.core.StandardService   : Starting service [Tomcat]
2023-12-03 21:57:33.373  INFO 25160 --- [main] (system) o.apache.catalina.core.StandardEngine    : Starting Servlet engine: [Apache Tomcat/10.1.12]
2023-12-03 21:57:33.489  INFO 25160 --- [main] (system) o.a.c.c.C.[Tomcat].[localhost].[/]       : Initializing Spring embedded WebApplicationContext
2023-12-03 21:57:33.489  INFO 25160 --- [main] (system) w.s.c.ServletWebServerApplicationContext : Root WebApplicationContext: initialization completed in 2440 ms
2023-12-03 21:57:35.615  INFO 25160 --- [main] (system) o.s.s.web.DefaultSecurityFilterChain     : Will secure any request with [org.springframework.security.web.session.DisableEncodeUrlFilter@1a85e86e, org.springframework.security.web.context.request.async.WebAsyncManagerIntegrationFilter@320fc4b0, org.springframework.security.web.context.SecurityContextHolderFilter@dd07be8, org.springframework.security.web.header.HeaderWriterFilter@33765d22, org.springframework.security.web.authentication.logout.LogoutFilter@7c8b37a8, com.example.elm_springboot_backend.filter.JwtAuthenticationFilter@2bc16fe2, com.example.elm_springboot_backend.filter.RequestLogFilter@6c27e700, org.springframework.security.web.authentication.UsernamePasswordAuthenticationFilter@6f36267d, org.springframework.security.web.savedrequest.RequestCacheAwareFilter@54d2f5d3, org.springframework.security.web.servletapi.SecurityContextHolderAwareRequestFilter@44f23927, org.springframework.security.web.authentication.AnonymousAuthenticationFilter@10724a72, org.springframework.security.web.session.SessionManagementFilter@155c7eae, org.springframework.security.web.access.ExceptionTranslationFilter@4af606e9, org.springframework.security.web.access.intercept.AuthorizationFilter@1c4aa701]
2023-12-03 21:57:36.163  WARN 25160 --- [main] (system) ocalVariableTableParameterNameDiscoverer : Using deprecated '-debug' fallback for parameter name resolution. Compile the affected code with '-parameters' instead or avoid its introspection: org.springframework.amqp.rabbit.core.RabbitAdmin
2023-12-03 21:57:36.241  INFO 25160 --- [main] (system) o.s.b.w.embedded.tomcat.TomcatWebServer  : Tomcat started on port(s): 8080 (http) with context path ''
2023-12-03 21:57:36.246  INFO 25160 --- [main] (system) o.s.a.r.c.CachingConnectionFactory       : Attempting to connect to: [localhost:5672]
2023-12-03 21:57:36.305  INFO 25160 --- [main] (system) o.s.a.r.c.CachingConnectionFactory       : Created new connection: rabbitConnectionFactory#1de08775:0/SimpleConnection@43e30f15 [delegate=amqp://admin@127.0.0.1:5672/, localPort=61343]
2023-12-03 21:57:36.376  INFO 25160 --- [main] (system) c.e.e.ElmSpringbootBackendApplication    : Started ElmSpringbootBackendApplication in 6.198 seconds (process running for 7.45)
2023-12-03 21:57:48.191  INFO 25160 --- [http-nio-8080-exec-4] (system) o.a.c.c.C.[Tomcat].[localhost].[/]       : Initializing Spring DispatcherServlet 'dispatcherServlet'
2023-12-03 21:57:48.191  INFO 25160 --- [http-nio-8080-exec-4] (system) o.s.web.servlet.DispatcherServlet        : Initializing Servlet 'dispatcherServlet'
2023-12-03 21:57:48.195  INFO 25160 --- [http-nio-8080-exec-4] (system) o.s.web.servlet.DispatcherServlet        : Completed initialization in 3 ms
2023-12-03 21:57:48.860  INFO 25160 --- [http-nio-8080-exec-4] (44140681878441984) c.e.e.filter.RequestLogFilter            : 请求URL: "/api/auth/login" (POST) | 远程IP地址: 0:0:0:0:0:0:0:1 │ 身份: 未验证 | 请求参数列表: {"username":"周芷璇","password":"151113"}
2023-12-03 21:57:49.269  INFO 25160 --- [http-nio-8080-exec-4] (44140681878441984) com.zaxxer.hikari.HikariDataSource       : HikariPool-1 - Starting...
2023-12-03 21:57:49.688  INFO 25160 --- [http-nio-8080-exec-4] (44140681878441984) com.zaxxer.hikari.pool.HikariPool        : HikariPool-1 - Added connection com.mysql.cj.jdbc.ConnectionImpl@634c253c
2023-12-03 21:57:49.695  INFO 25160 --- [http-nio-8080-exec-4] (44140681878441984) com.zaxxer.hikari.HikariDataSource       : HikariPool-1 - Start completed.
2023-12-03 21:57:49.972  INFO 25160 --- [http-nio-8080-exec-4] (44140681878441984) c.e.e.filter.RequestLogFilter            : 请求处理耗时: 1116ms | 响应结果: {"code":200,"data":{"expire":"2023-12-06 21:57:49.928","role":"user","token":"eyJ0eXAiOiJKV1QiLCJhbGciOiJIUzI1NiJ9.eyJuYW1lIjoi5ZGo6Iq355KHIiwiaWQiOjQsImV4cCI6MTcwMTg3MTA2OSwiaWF0IjoxNzAxNjExODY5LCJqdGkiOiI0ZWQwM2Y1ZC0wZDk2LTQ5M2QtOGM1Ni04MjcyZmZkMTY0YzUiLCJhdXRob3JpdGllcyI6WyJST0xFX3VzZXIiXX0.HuwEwIJDbDtNqDXOmrsoa1wOkFa0qR3Cb-mQpCzluMo","username":"周芷璇"},"id":44140681878441984,"message":"请求成功"}
2023-12-03 22:00:50.414  INFO 25160 --- [http-nio-8080-exec-3] (44141443387887616) c.e.e.filter.RequestLogFilter            : 请求URL: "/api/auth/login" (POST) | 远程IP地址: 0:0:0:0:0:0:0:1 │ 身份: 未验证 | 请求参数列表: {"username":"周芷璇","password":"151113"}
2023-12-03 22:00:50.493  INFO 25160 --- [http-nio-8080-exec-3] (44141443387887616) c.e.e.filter.RequestLogFilter            : 请求处理耗时: 79ms | 响应结果: {"code":200,"data":{"expire":"2023-12-06 22:00:50.492","role":"user","token":"eyJ0eXAiOiJKV1QiLCJhbGciOiJIUzI1NiJ9.eyJuYW1lIjoi5ZGo6Iq355KHIiwiaWQiOjQsImV4cCI6MTcwMTg3MTI1MCwiaWF0IjoxNzAxNjEyMDUwLCJqdGkiOiI4NzYyOWNiYy03Y2IwLTQwOGEtYWM0Yy1lN2Q4NDAyZGRhNDQiLCJhdXRob3JpdGllcyI6WyJST0xFX3VzZXIiXX0.aJki3t0wrsEHlUM7KKxL78mzb7fS6gK6ytiMpT2jptQ","username":"周芷璇"},"id":44141443387887616,"message":"请求成功"}
2023-12-03 22:08:26.906  INFO 25160 --- [http-nio-8080-exec-5] (44143358054109184) c.e.e.filter.RequestLogFilter            : 请求URL: "/api/auth/login" (POST) | 远程IP地址: 0:0:0:0:0:0:0:1 │ 身份: 未验证 | 请求参数列表: {"username":"周芷璇","password":"151113"}
2023-12-03 22:08:26.987  INFO 25160 --- [http-nio-8080-exec-5] (44143358054109184) c.e.e.filter.RequestLogFilter            : 请求处理耗时: 81ms | 响应结果: {"code":200,"data":{"expire":"2023-12-06 22:08:26.987","role":"user","token":"eyJ0eXAiOiJKV1QiLCJhbGciOiJIUzI1NiJ9.eyJuYW1lIjoi5ZGo6Iq355KHIiwiaWQiOjQsImV4cCI6MTcwMTg3MTcwNiwiaWF0IjoxNzAxNjEyNTA2LCJqdGkiOiJiM2EzNWU1OC0wZDkzLTQwZGYtYTBiMi05MmFjOWFiOTk4OWEiLCJhdXRob3JpdGllcyI6WyJST0xFX3VzZXIiXX0.Jq8C6891YcEDlOR_dDj9RXo2JJ-DB8NEsVw9l4waLe8","username":"周芷璇"},"id":44143358054109184,"message":"请求成功"}
2023-12-03 22:17:58.802  INFO 25160 --- [http-nio-8080-exec-2] (44145756759789568) c.e.e.filter.RequestLogFilter            : 请求URL: "/api/auth/login" (POST) | 远程IP地址: 0:0:0:0:0:0:0:1 │ 身份: 未验证 | 请求参数列表: {"username":"周芷璇","password":"151113"}
2023-12-03 22:17:58.889  INFO 25160 --- [http-nio-8080-exec-2] (44145756759789568) c.e.e.filter.RequestLogFilter            : 请求处理耗时: 87ms | 响应结果: {"code":200,"data":{"expire":"2023-12-06 22:17:58.889","role":"user","token":"eyJ0eXAiOiJKV1QiLCJhbGciOiJIUzI1NiJ9.eyJuYW1lIjoi5ZGo6Iq355KHIiwiaWQiOjQsImV4cCI6MTcwMTg3MjI3OCwiaWF0IjoxNzAxNjEzMDc4LCJqdGkiOiJlZjQ0NzZhYS04YjNlLTQ5NjUtYTg4Yi00ZDg3NTI2OTM3MjQiLCJhdXRob3JpdGllcyI6WyJST0xFX3VzZXIiXX0.P2SSJdbjQmJVcpS6w6ZmtDeXEB0m56SPRXCoHpGeNHQ","username":"周芷璇"},"id":44145756759789568,"message":"请求成功"}
2023-12-03 22:21:32.918  INFO 25160 --- [http-nio-8080-exec-9] (44146654827384832) c.e.e.filter.RequestLogFilter            : 请求URL: "/api/auth/login" (POST) | 远程IP地址: 0:0:0:0:0:0:0:1 │ 身份: 未验证 | 请求参数列表: {"username":"周芷璇","password":"151113"}
2023-12-03 22:21:32.994  INFO 25160 --- [http-nio-8080-exec-9] (44146654827384832) c.e.e.filter.RequestLogFilter            : 请求处理耗时: 76ms | 响应结果: {"code":200,"data":{"expire":"2023-12-06 22:21:32.994","role":"user","token":"eyJ0eXAiOiJKV1QiLCJhbGciOiJIUzI1NiJ9.eyJuYW1lIjoi5ZGo6Iq355KHIiwiaWQiOjQsImV4cCI6MTcwMTg3MjQ5MiwiaWF0IjoxNzAxNjEzMjkyLCJqdGkiOiI5YjJkNThmYS1mMDFkLTQ4OGYtOTJhZC01ZmFmMjJkYWE2NmIiLCJhdXRob3JpdGllcyI6WyJST0xFX3VzZXIiXX0.wLTS66iPDBoQDJXcPypHysJ4EgApLOvbrtVSuZ9T1_c","username":"周芷璇"},"id":44146654827384832,"message":"请求成功"}
2023-12-03 22:22:31.082  INFO 25160 --- [http-nio-8080-exec-4] (44146898784882688) c.e.e.filter.RequestLogFilter            : 请求URL: "/api/auth/login" (POST) | 远程IP地址: 0:0:0:0:0:0:0:1 │ 身份: 未验证 | 请求参数列表: {"username":"周芷璇","password":"151113"}
2023-12-03 22:22:31.156  INFO 25160 --- [http-nio-8080-exec-4] (44146898784882688) c.e.e.filter.RequestLogFilter            : 请求处理耗时: 74ms | 响应结果: {"code":200,"data":{"expire":"2023-12-06 22:22:31.156","role":"user","token":"eyJ0eXAiOiJKV1QiLCJhbGciOiJIUzI1NiJ9.eyJuYW1lIjoi5ZGo6Iq355KHIiwiaWQiOjQsImV4cCI6MTcwMTg3MjU1MSwiaWF0IjoxNzAxNjEzMzUxLCJqdGkiOiIzYTczZjk2Mi0xMjg0LTQyOGMtYWEwNy1mYTA0Y2Y3YTM2ZTQiLCJhdXRob3JpdGllcyI6WyJST0xFX3VzZXIiXX0.PSTZqum7VfHC3rKJcGKEtO2XPHJiHt7CBNVGWhhlBUk","username":"周芷璇"},"id":44146898784882688,"message":"请求成功"}
2023-12-03 22:22:45.567  INFO 25160 --- [http-nio-8080-exec-3] (44146959539376128) c.e.e.filter.RequestLogFilter            : 请求URL: "/api/auth/login" (POST) | 远程IP地址: 0:0:0:0:0:0:0:1 │ 身份: 未验证 | 请求参数列表: {"username":"周芷璇","password":"151113"}
2023-12-03 22:22:45.645  INFO 25160 --- [http-nio-8080-exec-3] (44146959539376128) c.e.e.filter.RequestLogFilter            : 请求处理耗时: 78ms | 响应结果: {"code":200,"data":{"expire":"2023-12-06 22:22:45.645","role":"user","token":"eyJ0eXAiOiJKV1QiLCJhbGciOiJIUzI1NiJ9.eyJuYW1lIjoi5ZGo6Iq355KHIiwiaWQiOjQsImV4cCI6MTcwMTg3MjU2NSwiaWF0IjoxNzAxNjEzMzY1LCJqdGkiOiJjODEzNmQ1Yy1iNzc5LTRmOWQtOWE1MS0xZTFlYmVjYWQ3MDIiLCJhdXRob3JpdGllcyI6WyJST0xFX3VzZXIiXX0.0U120CFrTqOt2HhXQXFXJrLwoONEe97-iIS7yySNOYM","username":"周芷璇"},"id":44146959539376128,"message":"请求成功"}
2023-12-03 22:27:30.697  INFO 25160 --- [org.springframework.amqp.rabbit.RabbitListenerEndpointContainer#0-2] (system) o.s.a.r.l.SimpleMessageListenerContainer : Waiting for workers to finish.
2023-12-03 22:27:31.542  INFO 25160 --- [org.springframework.amqp.rabbit.RabbitListenerEndpointContainer#0-2] (system) o.s.a.r.l.SimpleMessageListenerContainer : Successfully waited for workers to finish.
2023-12-03 22:27:31.566  INFO 25160 --- [SpringApplicationShutdownHook] (system) com.zaxxer.hikari.HikariDataSource       : HikariPool-1 - Shutdown initiated...
2023-12-03 22:27:31.570  INFO 25160 --- [SpringApplicationShutdownHook] (system) com.zaxxer.hikari.HikariDataSource       : HikariPool-1 - Shutdown completed.
