2023-11-29 20:39:37.271  INFO 27492 --- [main] (system) c.e.e.ElmSpringbootBackendApplication    : Starting ElmSpringbootBackendApplication using Java 19.0.1 with PID 27492 (E:\LaboratoryReport\ElemeTraining\ele_springboot\elm_springboot_backend\target\classes started by ASUS in E:\LaboratoryReport\ElemeTraining\ele_springboot\elm_springboot_backend)
2023-11-29 20:39:37.274  INFO 27492 --- [main] (system) c.e.e.ElmSpringbootBackendApplication    : The following 1 profile is active: "dev"
2023-11-29 20:39:38.401  INFO 27492 --- [main] (system) .s.d.r.c.RepositoryConfigurationDelegate : Multiple Spring Data modules found, entering strict repository configuration mode
2023-11-29 20:39:38.404  INFO 27492 --- [main] (system) .s.d.r.c.RepositoryConfigurationDelegate : Bootstrapping Spring Data Redis repositories in DEFAULT mode.
2023-11-29 20:39:38.438  INFO 27492 --- [main] (system) .s.d.r.c.RepositoryConfigurationDelegate : Finished Spring Data repository scanning in 16 ms. Found 0 Redis repository interfaces.
2023-11-29 20:39:39.259  INFO 27492 --- [main] (system) o.s.b.w.embedded.tomcat.TomcatWebServer  : Tomcat initialized with port(s): 8080 (http)
2023-11-29 20:39:39.271  INFO 27492 --- [main] (system) o.apache.catalina.core.StandardService   : Starting service [Tomcat]
2023-11-29 20:39:39.271  INFO 27492 --- [main] (system) o.apache.catalina.core.StandardEngine    : Starting Servlet engine: [Apache Tomcat/10.1.12]
2023-11-29 20:39:39.379  INFO 27492 --- [main] (system) o.a.c.c.C.[Tomcat].[localhost].[/]       : Initializing Spring embedded WebApplicationContext
2023-11-29 20:39:39.380  INFO 27492 --- [main] (system) w.s.c.ServletWebServerApplicationContext : Root WebApplicationContext: initialization completed in 2052 ms
2023-11-29 20:39:40.710  WARN 27492 --- [main] (system) ConfigServletWebServerApplicationContext : Exception encountered during context initialization - cancelling refresh attempt: org.springframework.beans.factory.BeanCreationException: Error creating bean with name 'ordersController': Injection of resource dependencies failed
2023-11-29 20:39:40.737  INFO 27492 --- [main] (system) o.apache.catalina.core.StandardService   : Stopping service [Tomcat]
2023-11-29 20:39:40.756  INFO 27492 --- [main] (system) .s.b.a.l.ConditionEvaluationReportLogger : 

Error starting ApplicationContext. To display the condition evaluation report re-run your application with 'debug' enabled.
2023-11-29 20:39:40.783 ERROR 27492 --- [main] (system) o.s.b.d.LoggingFailureAnalysisReporter   : 

***************************
APPLICATION FAILED TO START
***************************

Description:

A component required a bean of type 'com.example.elm_springboot_backend.service.OrdersService' that could not be found.


Action:

Consider defining a bean of type 'com.example.elm_springboot_backend.service.OrdersService' in your configuration.

2023-11-29 20:41:05.272  INFO 8444 --- [main] (system) c.e.e.ElmSpringbootBackendApplication    : Starting ElmSpringbootBackendApplication using Java 19.0.1 with PID 8444 (E:\LaboratoryReport\ElemeTraining\ele_springboot\elm_springboot_backend\target\classes started by ASUS in E:\LaboratoryReport\ElemeTraining\ele_springboot\elm_springboot_backend)
2023-11-29 20:41:05.274  INFO 8444 --- [main] (system) c.e.e.ElmSpringbootBackendApplication    : The following 1 profile is active: "dev"
2023-11-29 20:41:06.265  INFO 8444 --- [main] (system) .s.d.r.c.RepositoryConfigurationDelegate : Multiple Spring Data modules found, entering strict repository configuration mode
2023-11-29 20:41:06.267  INFO 8444 --- [main] (system) .s.d.r.c.RepositoryConfigurationDelegate : Bootstrapping Spring Data Redis repositories in DEFAULT mode.
2023-11-29 20:41:06.294  INFO 8444 --- [main] (system) .s.d.r.c.RepositoryConfigurationDelegate : Finished Spring Data repository scanning in 12 ms. Found 0 Redis repository interfaces.
2023-11-29 20:41:06.992  INFO 8444 --- [main] (system) o.s.b.w.embedded.tomcat.TomcatWebServer  : Tomcat initialized with port(s): 8080 (http)
2023-11-29 20:41:07.002  INFO 8444 --- [main] (system) o.apache.catalina.core.StandardService   : Starting service [Tomcat]
2023-11-29 20:41:07.002  INFO 8444 --- [main] (system) o.apache.catalina.core.StandardEngine    : Starting Servlet engine: [Apache Tomcat/10.1.12]
2023-11-29 20:41:07.100  INFO 8444 --- [main] (system) o.a.c.c.C.[Tomcat].[localhost].[/]       : Initializing Spring embedded WebApplicationContext
2023-11-29 20:41:07.101  INFO 8444 --- [main] (system) w.s.c.ServletWebServerApplicationContext : Root WebApplicationContext: initialization completed in 1777 ms
2023-11-29 20:41:08.146  WARN 8444 --- [main] (system) ConfigServletWebServerApplicationContext : Exception encountered during context initialization - cancelling refresh attempt: org.springframework.beans.factory.BeanCreationException: Error creating bean with name 'ordersController': Injection of resource dependencies failed
2023-11-29 20:41:08.163  INFO 8444 --- [main] (system) o.apache.catalina.core.StandardService   : Stopping service [Tomcat]
2023-11-29 20:41:08.181  INFO 8444 --- [main] (system) .s.b.a.l.ConditionEvaluationReportLogger : 

Error starting ApplicationContext. To display the condition evaluation report re-run your application with 'debug' enabled.
2023-11-29 20:41:08.201 ERROR 8444 --- [main] (system) o.s.b.d.LoggingFailureAnalysisReporter   : 

***************************
APPLICATION FAILED TO START
***************************

Description:

A component required a bean of type 'com.example.elm_springboot_backend.service.OrdersService' that could not be found.


Action:

Consider defining a bean of type 'com.example.elm_springboot_backend.service.OrdersService' in your configuration.

2023-11-29 20:41:33.656  INFO 10892 --- [main] (system) c.e.e.ElmSpringbootBackendApplication    : Starting ElmSpringbootBackendApplication using Java 19.0.1 with PID 10892 (E:\LaboratoryReport\ElemeTraining\ele_springboot\elm_springboot_backend\target\classes started by ASUS in E:\LaboratoryReport\ElemeTraining\ele_springboot\elm_springboot_backend)
2023-11-29 20:41:33.658  INFO 10892 --- [main] (system) c.e.e.ElmSpringbootBackendApplication    : The following 1 profile is active: "dev"
2023-11-29 20:41:34.763  INFO 10892 --- [main] (system) .s.d.r.c.RepositoryConfigurationDelegate : Multiple Spring Data modules found, entering strict repository configuration mode
2023-11-29 20:41:34.766  INFO 10892 --- [main] (system) .s.d.r.c.RepositoryConfigurationDelegate : Bootstrapping Spring Data Redis repositories in DEFAULT mode.
2023-11-29 20:41:34.797  INFO 10892 --- [main] (system) .s.d.r.c.RepositoryConfigurationDelegate : Finished Spring Data repository scanning in 13 ms. Found 0 Redis repository interfaces.
2023-11-29 20:41:35.567  INFO 10892 --- [main] (system) o.s.b.w.embedded.tomcat.TomcatWebServer  : Tomcat initialized with port(s): 8080 (http)
2023-11-29 20:41:35.580  INFO 10892 --- [main] (system) o.apache.catalina.core.StandardService   : Starting service [Tomcat]
2023-11-29 20:41:35.581  INFO 10892 --- [main] (system) o.apache.catalina.core.StandardEngine    : Starting Servlet engine: [Apache Tomcat/10.1.12]
2023-11-29 20:41:35.691  INFO 10892 --- [main] (system) o.a.c.c.C.[Tomcat].[localhost].[/]       : Initializing Spring embedded WebApplicationContext
2023-11-29 20:41:35.691  INFO 10892 --- [main] (system) w.s.c.ServletWebServerApplicationContext : Root WebApplicationContext: initialization completed in 1976 ms
2023-11-29 20:41:36.830  WARN 10892 --- [main] (system) ConfigServletWebServerApplicationContext : Exception encountered during context initialization - cancelling refresh attempt: org.springframework.beans.factory.BeanCreationException: Error creating bean with name 'ordersController': Injection of resource dependencies failed
2023-11-29 20:41:36.855  INFO 10892 --- [main] (system) o.apache.catalina.core.StandardService   : Stopping service [Tomcat]
2023-11-29 20:41:36.872  INFO 10892 --- [main] (system) .s.b.a.l.ConditionEvaluationReportLogger : 

Error starting ApplicationContext. To display the condition evaluation report re-run your application with 'debug' enabled.
2023-11-29 20:41:36.899 ERROR 10892 --- [main] (system) o.s.b.d.LoggingFailureAnalysisReporter   : 

***************************
APPLICATION FAILED TO START
***************************

Description:

A component required a bean of type 'com.example.elm_springboot_backend.service.OrdersService' that could not be found.


Action:

Consider defining a bean of type 'com.example.elm_springboot_backend.service.OrdersService' in your configuration.

2023-11-29 21:13:41.094  INFO 7476 --- [main] (system) c.e.e.ElmSpringbootBackendApplication    : Starting ElmSpringbootBackendApplication using Java 19.0.1 with PID 7476 (E:\LaboratoryReport\ElemeTraining\ele_springboot\elm_springboot_backend\target\classes started by ASUS in E:\LaboratoryReport\ElemeTraining\ele_springboot\elm_springboot_backend)
2023-11-29 21:13:41.097  INFO 7476 --- [main] (system) c.e.e.ElmSpringbootBackendApplication    : The following 1 profile is active: "dev"
2023-11-29 21:13:42.273  INFO 7476 --- [main] (system) .s.d.r.c.RepositoryConfigurationDelegate : Multiple Spring Data modules found, entering strict repository configuration mode
2023-11-29 21:13:42.277  INFO 7476 --- [main] (system) .s.d.r.c.RepositoryConfigurationDelegate : Bootstrapping Spring Data Redis repositories in DEFAULT mode.
2023-11-29 21:13:42.315  INFO 7476 --- [main] (system) .s.d.r.c.RepositoryConfigurationDelegate : Finished Spring Data repository scanning in 17 ms. Found 0 Redis repository interfaces.
2023-11-29 21:13:43.241  INFO 7476 --- [main] (system) o.s.b.w.embedded.tomcat.TomcatWebServer  : Tomcat initialized with port(s): 8080 (http)
2023-11-29 21:13:43.256  INFO 7476 --- [main] (system) o.apache.catalina.core.StandardService   : Starting service [Tomcat]
2023-11-29 21:13:43.256  INFO 7476 --- [main] (system) o.apache.catalina.core.StandardEngine    : Starting Servlet engine: [Apache Tomcat/10.1.12]
2023-11-29 21:13:43.387  INFO 7476 --- [main] (system) o.a.c.c.C.[Tomcat].[localhost].[/]       : Initializing Spring embedded WebApplicationContext
2023-11-29 21:13:43.388  INFO 7476 --- [main] (system) w.s.c.ServletWebServerApplicationContext : Root WebApplicationContext: initialization completed in 2231 ms
2023-11-29 21:13:44.515  WARN 7476 --- [main] (system) ConfigServletWebServerApplicationContext : Exception encountered during context initialization - cancelling refresh attempt: org.springframework.beans.factory.BeanCreationException: Error creating bean with name 'ordersController': Injection of resource dependencies failed
2023-11-29 21:13:44.535  INFO 7476 --- [main] (system) o.apache.catalina.core.StandardService   : Stopping service [Tomcat]
2023-11-29 21:13:44.550  INFO 7476 --- [main] (system) .s.b.a.l.ConditionEvaluationReportLogger : 

Error starting ApplicationContext. To display the condition evaluation report re-run your application with 'debug' enabled.
2023-11-29 21:13:44.570 ERROR 7476 --- [main] (system) o.s.b.d.LoggingFailureAnalysisReporter   : 

***************************
APPLICATION FAILED TO START
***************************

Description:

A component required a bean of type 'com.example.elm_springboot_backend.service.OrdersService' that could not be found.


Action:

Consider defining a bean of type 'com.example.elm_springboot_backend.service.OrdersService' in your configuration.

2023-11-29 21:19:37.507  INFO 24724 --- [main] (system) c.e.e.ElmSpringbootBackendApplication    : Starting ElmSpringbootBackendApplication using Java 19.0.1 with PID 24724 (E:\LaboratoryReport\ElemeTraining\ele_springboot\elm_springboot_backend\target\classes started by ASUS in E:\LaboratoryReport\ElemeTraining\ele_springboot\elm_springboot_backend)
2023-11-29 21:19:37.510  INFO 24724 --- [main] (system) c.e.e.ElmSpringbootBackendApplication    : The following 1 profile is active: "dev"
2023-11-29 21:19:38.673  INFO 24724 --- [main] (system) .s.d.r.c.RepositoryConfigurationDelegate : Multiple Spring Data modules found, entering strict repository configuration mode
2023-11-29 21:19:38.677  INFO 24724 --- [main] (system) .s.d.r.c.RepositoryConfigurationDelegate : Bootstrapping Spring Data Redis repositories in DEFAULT mode.
2023-11-29 21:19:38.714  INFO 24724 --- [main] (system) .s.d.r.c.RepositoryConfigurationDelegate : Finished Spring Data repository scanning in 16 ms. Found 0 Redis repository interfaces.
2023-11-29 21:19:39.601  INFO 24724 --- [main] (system) o.s.b.w.embedded.tomcat.TomcatWebServer  : Tomcat initialized with port(s): 8080 (http)
2023-11-29 21:19:39.614  INFO 24724 --- [main] (system) o.apache.catalina.core.StandardService   : Starting service [Tomcat]
2023-11-29 21:19:39.614  INFO 24724 --- [main] (system) o.apache.catalina.core.StandardEngine    : Starting Servlet engine: [Apache Tomcat/10.1.12]
2023-11-29 21:19:39.740  INFO 24724 --- [main] (system) o.a.c.c.C.[Tomcat].[localhost].[/]       : Initializing Spring embedded WebApplicationContext
2023-11-29 21:19:39.741  INFO 24724 --- [main] (system) w.s.c.ServletWebServerApplicationContext : Root WebApplicationContext: initialization completed in 2175 ms
2023-11-29 21:19:41.230  INFO 24724 --- [main] (system) o.s.s.web.DefaultSecurityFilterChain     : Will secure any request with [org.springframework.security.web.session.DisableEncodeUrlFilter@4be1dce6, org.springframework.security.web.context.request.async.WebAsyncManagerIntegrationFilter@206bd7a0, org.springframework.security.web.context.SecurityContextHolderFilter@362b384c, org.springframework.security.web.header.HeaderWriterFilter@20a4cba7, org.springframework.security.web.authentication.logout.LogoutFilter@686fb58a, com.example.elm_springboot_backend.filter.JwtAuthenticationFilter@295b07e0, com.example.elm_springboot_backend.filter.RequestLogFilter@6e73974, org.springframework.security.web.authentication.UsernamePasswordAuthenticationFilter@2520010e, org.springframework.security.web.savedrequest.RequestCacheAwareFilter@9de1b85, org.springframework.security.web.servletapi.SecurityContextHolderAwareRequestFilter@323c6f9c, org.springframework.security.web.authentication.AnonymousAuthenticationFilter@79fcd194, org.springframework.security.web.session.SessionManagementFilter@3dec769, org.springframework.security.web.access.ExceptionTranslationFilter@3be50b2c, org.springframework.security.web.access.intercept.AuthorizationFilter@4fa6fb7f]
2023-11-29 21:19:41.604  WARN 24724 --- [main] (system) ocalVariableTableParameterNameDiscoverer : Using deprecated '-debug' fallback for parameter name resolution. Compile the affected code with '-parameters' instead or avoid its introspection: org.springframework.amqp.rabbit.core.RabbitAdmin
2023-11-29 21:19:41.671  INFO 24724 --- [main] (system) o.s.b.w.embedded.tomcat.TomcatWebServer  : Tomcat started on port(s): 8080 (http) with context path ''
2023-11-29 21:19:41.674  INFO 24724 --- [main] (system) o.s.a.r.c.CachingConnectionFactory       : Attempting to connect to: [localhost:5672]
2023-11-29 21:19:41.727  INFO 24724 --- [main] (system) o.s.a.r.c.CachingConnectionFactory       : Created new connection: rabbitConnectionFactory#2e1ba142:0/SimpleConnection@7488c183 [delegate=amqp://admin@127.0.0.1:5672/, localPort=51868]
2023-11-29 21:19:41.779  INFO 24724 --- [main] (system) c.e.e.ElmSpringbootBackendApplication    : Started ElmSpringbootBackendApplication in 4.998 seconds (process running for 6.178)
2023-11-29 21:19:50.212  INFO 24724 --- [org.springframework.amqp.rabbit.RabbitListenerEndpointContainer#0-2] (system) o.s.a.r.l.SimpleMessageListenerContainer : Waiting for workers to finish.
2023-11-29 21:19:50.870  INFO 24724 --- [org.springframework.amqp.rabbit.RabbitListenerEndpointContainer#0-2] (system) o.s.a.r.l.SimpleMessageListenerContainer : Successfully waited for workers to finish.
2023-11-29 21:55:58.319  INFO 15316 --- [main] (system) c.e.e.ElmSpringbootBackendApplication    : Starting ElmSpringbootBackendApplication using Java 19.0.1 with PID 15316 (E:\LaboratoryReport\ElemeTraining\ele_springboot\elm_springboot_backend\target\classes started by ASUS in E:\LaboratoryReport\ElemeTraining\ele_springboot\elm_springboot_backend)
2023-11-29 21:55:58.321  INFO 15316 --- [main] (system) c.e.e.ElmSpringbootBackendApplication    : The following 1 profile is active: "dev"
2023-11-29 21:55:59.455  INFO 15316 --- [main] (system) .s.d.r.c.RepositoryConfigurationDelegate : Multiple Spring Data modules found, entering strict repository configuration mode
2023-11-29 21:55:59.458  INFO 15316 --- [main] (system) .s.d.r.c.RepositoryConfigurationDelegate : Bootstrapping Spring Data Redis repositories in DEFAULT mode.
2023-11-29 21:55:59.495  INFO 15316 --- [main] (system) .s.d.r.c.RepositoryConfigurationDelegate : Finished Spring Data repository scanning in 17 ms. Found 0 Redis repository interfaces.
2023-11-29 21:56:00.322  INFO 15316 --- [main] (system) o.s.b.w.embedded.tomcat.TomcatWebServer  : Tomcat initialized with port(s): 8080 (http)
2023-11-29 21:56:00.333  INFO 15316 --- [main] (system) o.apache.catalina.core.StandardService   : Starting service [Tomcat]
2023-11-29 21:56:00.333  INFO 15316 --- [main] (system) o.apache.catalina.core.StandardEngine    : Starting Servlet engine: [Apache Tomcat/10.1.12]
2023-11-29 21:56:00.434  INFO 15316 --- [main] (system) o.a.c.c.C.[Tomcat].[localhost].[/]       : Initializing Spring embedded WebApplicationContext
2023-11-29 21:56:00.434  INFO 15316 --- [main] (system) w.s.c.ServletWebServerApplicationContext : Root WebApplicationContext: initialization completed in 2056 ms
2023-11-29 21:56:01.858  INFO 15316 --- [main] (system) o.s.s.web.DefaultSecurityFilterChain     : Will secure any request with [org.springframework.security.web.session.DisableEncodeUrlFilter@52c6e959, org.springframework.security.web.context.request.async.WebAsyncManagerIntegrationFilter@4b475742, org.springframework.security.web.context.SecurityContextHolderFilter@342394b3, org.springframework.security.web.header.HeaderWriterFilter@61ce238e, org.springframework.security.web.authentication.logout.LogoutFilter@516037be, com.example.elm_springboot_backend.filter.JwtAuthenticationFilter@36e409e0, com.example.elm_springboot_backend.filter.RequestLogFilter@30d15e4a, org.springframework.security.web.authentication.UsernamePasswordAuthenticationFilter@362b384c, org.springframework.security.web.savedrequest.RequestCacheAwareFilter@1e01b195, org.springframework.security.web.servletapi.SecurityContextHolderAwareRequestFilter@807c1e8, org.springframework.security.web.authentication.AnonymousAuthenticationFilter@323c6f9c, org.springframework.security.web.session.SessionManagementFilter@7c02b3cb, org.springframework.security.web.access.ExceptionTranslationFilter@7378c4a4, org.springframework.security.web.access.intercept.AuthorizationFilter@2ed35f24]
2023-11-29 21:56:02.212  WARN 15316 --- [main] (system) ocalVariableTableParameterNameDiscoverer : Using deprecated '-debug' fallback for parameter name resolution. Compile the affected code with '-parameters' instead or avoid its introspection: org.springframework.amqp.rabbit.core.RabbitAdmin
2023-11-29 21:56:02.270  INFO 15316 --- [main] (system) o.s.b.w.embedded.tomcat.TomcatWebServer  : Tomcat started on port(s): 8080 (http) with context path ''
2023-11-29 21:56:02.274  INFO 15316 --- [main] (system) o.s.a.r.c.CachingConnectionFactory       : Attempting to connect to: [localhost:5672]
2023-11-29 21:56:02.314  INFO 15316 --- [main] (system) o.s.a.r.c.CachingConnectionFactory       : Created new connection: rabbitConnectionFactory#136fece2:0/SimpleConnection@5598dff2 [delegate=amqp://admin@127.0.0.1:5672/, localPort=52893]
2023-11-29 21:56:02.387  INFO 15316 --- [main] (system) c.e.e.ElmSpringbootBackendApplication    : Started ElmSpringbootBackendApplication in 4.785 seconds (process running for 5.909)
2023-11-29 21:59:45.471  INFO 15316 --- [http-nio-8080-exec-1] (system) o.a.c.c.C.[Tomcat].[localhost].[/]       : Initializing Spring DispatcherServlet 'dispatcherServlet'
2023-11-29 21:59:45.472  INFO 15316 --- [http-nio-8080-exec-1] (system) o.s.web.servlet.DispatcherServlet        : Initializing Servlet 'dispatcherServlet'
2023-11-29 21:59:45.473  INFO 15316 --- [http-nio-8080-exec-1] (system) o.s.web.servlet.DispatcherServlet        : Completed initialization in 1 ms
2023-11-29 21:59:46.156  INFO 15316 --- [http-nio-8080-exec-1] (42691622395318272) c.e.e.filter.RequestLogFilter            : 请求URL: "/api/auth/ask-code" (OPTIONS) | 远程IP地址: 0:0:0:0:0:0:0:1 │ 身份: 未验证 | 请求参数列表: {"email":"1278256350@qq.com","type":"register"}
2023-11-29 21:59:46.366  INFO 15316 --- [http-nio-8080-exec-1] (42691622395318272) c.e.e.filter.RequestLogFilter            : 请求处理耗时: 213ms | 响应结果: 
2023-11-29 21:59:46.405  INFO 15316 --- [http-nio-8080-exec-4] (42691623448088576) c.e.e.filter.RequestLogFilter            : 请求URL: "/api/auth/ask-code" (GET) | 远程IP地址: 0:0:0:0:0:0:0:1 │ 身份: 未验证 | 请求参数列表: {"email":"1278256350@qq.com","type":"register"}
2023-11-29 21:59:46.655  INFO 15316 --- [http-nio-8080-exec-4] (42691623448088576) c.e.e.filter.RequestLogFilter            : 请求处理耗时: 251ms | 响应结果: {"id":42691623448088576,"code":200,"data":null,"message":"请求成功"}
2023-11-29 22:00:06.890  INFO 15316 --- [http-nio-8080-exec-3] (42691709372600320) c.e.e.filter.RequestLogFilter            : 请求URL: "/api/auth/register" (OPTIONS) | 远程IP地址: 0:0:0:0:0:0:0:1 │ 身份: 未验证 | 请求参数列表: {}
2023-11-29 22:00:06.894  INFO 15316 --- [http-nio-8080-exec-3] (42691709372600320) c.e.e.filter.RequestLogFilter            : 请求处理耗时: 4ms | 响应结果: 
2023-11-29 22:00:06.909  INFO 15316 --- [http-nio-8080-exec-2] (42691709452292096) c.e.e.filter.RequestLogFilter            : 请求URL: "/api/auth/register" (POST) | 远程IP地址: 0:0:0:0:0:0:0:1 │ 身份: 未验证 | 请求参数列表: {}
2023-11-29 22:00:07.124  INFO 15316 --- [http-nio-8080-exec-2] (42691709452292096) com.zaxxer.hikari.HikariDataSource       : HikariPool-1 - Starting...
2023-11-29 22:00:07.543  INFO 15316 --- [http-nio-8080-exec-2] (42691709452292096) com.zaxxer.hikari.pool.HikariPool        : HikariPool-1 - Added connection com.mysql.cj.jdbc.ConnectionImpl@27b651e
2023-11-29 22:00:07.546  INFO 15316 --- [http-nio-8080-exec-2] (42691709452292096) com.zaxxer.hikari.HikariDataSource       : HikariPool-1 - Start completed.
2023-11-29 22:00:07.817 ERROR 15316 --- [http-nio-8080-exec-2] (42691709452292096) o.a.c.c.C.[.[.[/].[dispatcherServlet]    : Servlet.service() for servlet [dispatcherServlet] in context with path [] threw exception [Request processing failed: org.springframework.jdbc.BadSqlGrammarException: 
### Error updating database.  Cause: java.sql.SQLSyntaxErrorException: Unknown column 'registerTime' in 'field list'
### The error may exist in com/example/elm_springboot_backend/mapper/AccountMapper.java (best guess)
### The error may involve com.example.elm_springboot_backend.mapper.AccountMapper.insert-Inline
### The error occurred while setting parameters
### SQL: INSERT INTO user  ( username, password, email, role, registerTime, userSex,  delTag )  VALUES  ( ?, ?, ?, ?, ?, ?,  ? )
### Cause: java.sql.SQLSyntaxErrorException: Unknown column 'registerTime' in 'field list'
; bad SQL grammar []] with root cause

java.sql.SQLSyntaxErrorException: Unknown column 'registerTime' in 'field list'
	at com.mysql.cj.jdbc.exceptions.SQLError.createSQLException(SQLError.java:121)
	at com.mysql.cj.jdbc.exceptions.SQLExceptionsMapping.translateException(SQLExceptionsMapping.java:122)
	at com.mysql.cj.jdbc.ClientPreparedStatement.executeInternal(ClientPreparedStatement.java:916)
	at com.mysql.cj.jdbc.ClientPreparedStatement.execute(ClientPreparedStatement.java:354)
	at com.zaxxer.hikari.pool.ProxyPreparedStatement.execute(ProxyPreparedStatement.java:44)
	at com.zaxxer.hikari.pool.HikariProxyPreparedStatement.execute(HikariProxyPreparedStatement.java)
	at org.apache.ibatis.executor.statement.PreparedStatementHandler.update(PreparedStatementHandler.java:47)
	at org.apache.ibatis.executor.statement.RoutingStatementHandler.update(RoutingStatementHandler.java:74)
	at org.apache.ibatis.executor.SimpleExecutor.doUpdate(SimpleExecutor.java:50)
	at org.apache.ibatis.executor.BaseExecutor.update(BaseExecutor.java:117)
	at org.apache.ibatis.executor.CachingExecutor.update(CachingExecutor.java:76)
	at org.apache.ibatis.session.defaults.DefaultSqlSession.update(DefaultSqlSession.java:194)
	at org.apache.ibatis.session.defaults.DefaultSqlSession.insert(DefaultSqlSession.java:181)
	at java.base/jdk.internal.reflect.DirectMethodHandleAccessor.invoke(DirectMethodHandleAccessor.java:104)
	at java.base/java.lang.reflect.Method.invoke(Method.java:578)
	at org.mybatis.spring.SqlSessionTemplate$SqlSessionInterceptor.invoke(SqlSessionTemplate.java:427)
	at jdk.proxy2/jdk.proxy2.$Proxy96.insert(Unknown Source)
	at org.mybatis.spring.SqlSessionTemplate.insert(SqlSessionTemplate.java:272)
	at com.baomidou.mybatisplus.core.override.MybatisMapperMethod.execute(MybatisMapperMethod.java:59)
	at com.baomidou.mybatisplus.core.override.MybatisMapperProxy$PlainMethodInvoker.invoke(MybatisMapperProxy.java:148)
	at com.baomidou.mybatisplus.core.override.MybatisMapperProxy.invoke(MybatisMapperProxy.java:89)
	at jdk.proxy2/jdk.proxy2.$Proxy101.insert(Unknown Source)
	at com.baomidou.mybatisplus.extension.service.IService.save(IService.java:63)
	at com.example.elm_springboot_backend.service.impl.AccountServiceImpl.registerEmailAccount(AccountServiceImpl.java:107)
	at java.base/jdk.internal.reflect.DirectMethodHandleAccessor.invoke(DirectMethodHandleAccessor.java:104)
	at java.base/java.lang.reflect.Method.invoke(Method.java:578)
	at org.springframework.aop.support.AopUtils.invokeJoinpointUsingReflection(AopUtils.java:343)
	at org.springframework.aop.framework.CglibAopProxy$DynamicAdvisedInterceptor.intercept(CglibAopProxy.java:704)
	at com.example.elm_springboot_backend.service.impl.AccountServiceImpl$$SpringCGLIB$$0.registerEmailAccount(<generated>)
	at com.example.elm_springboot_backend.controller.AuthorizeController.lambda$register$1(AuthorizeController.java:58)
	at com.example.elm_springboot_backend.controller.AuthorizeController.messageHandle(AuthorizeController.java:91)
	at com.example.elm_springboot_backend.controller.AuthorizeController.register(AuthorizeController.java:57)
	at java.base/jdk.internal.reflect.DirectMethodHandleAccessor.invoke(DirectMethodHandleAccessor.java:104)
	at java.base/java.lang.reflect.Method.invoke(Method.java:578)
	at org.springframework.aop.support.AopUtils.invokeJoinpointUsingReflection(AopUtils.java:343)
	at org.springframework.aop.framework.ReflectiveMethodInvocation.invokeJoinpoint(ReflectiveMethodInvocation.java:196)
	at org.springframework.aop.framework.ReflectiveMethodInvocation.proceed(ReflectiveMethodInvocation.java:163)
	at org.springframework.aop.framework.CglibAopProxy$CglibMethodInvocation.proceed(CglibAopProxy.java:756)
	at org.springframework.validation.beanvalidation.MethodValidationInterceptor.invoke(MethodValidationInterceptor.java:141)
	at org.springframework.aop.framework.ReflectiveMethodInvocation.proceed(ReflectiveMethodInvocation.java:184)
	at org.springframework.aop.framework.CglibAopProxy$CglibMethodInvocation.proceed(CglibAopProxy.java:756)
	at org.springframework.aop.framework.CglibAopProxy$DynamicAdvisedInterceptor.intercept(CglibAopProxy.java:708)
	at com.example.elm_springboot_backend.controller.AuthorizeController$$SpringCGLIB$$0.register(<generated>)
	at java.base/jdk.internal.reflect.DirectMethodHandleAccessor.invoke(DirectMethodHandleAccessor.java:104)
	at java.base/java.lang.reflect.Method.invoke(Method.java:578)
	at org.springframework.web.method.support.InvocableHandlerMethod.doInvoke(InvocableHandlerMethod.java:205)
	at org.springframework.web.method.support.InvocableHandlerMethod.invokeForRequest(InvocableHandlerMethod.java:150)
	at org.springframework.web.servlet.mvc.method.annotation.ServletInvocableHandlerMethod.invokeAndHandle(ServletInvocableHandlerMethod.java:118)
	at org.springframework.web.servlet.mvc.method.annotation.RequestMappingHandlerAdapter.invokeHandlerMethod(RequestMappingHandlerAdapter.java:884)
	at org.springframework.web.servlet.mvc.method.annotation.RequestMappingHandlerAdapter.handleInternal(RequestMappingHandlerAdapter.java:797)
	at org.springframework.web.servlet.mvc.method.AbstractHandlerMethodAdapter.handle(AbstractHandlerMethodAdapter.java:87)
	at org.springframework.web.servlet.DispatcherServlet.doDispatch(DispatcherServlet.java:1081)
	at org.springframework.web.servlet.DispatcherServlet.doService(DispatcherServlet.java:974)
	at org.springframework.web.servlet.FrameworkServlet.processRequest(FrameworkServlet.java:1011)
	at org.springframework.web.servlet.FrameworkServlet.doPost(FrameworkServlet.java:914)
	at jakarta.servlet.http.HttpServlet.service(HttpServlet.java:590)
	at org.springframework.web.servlet.FrameworkServlet.service(FrameworkServlet.java:885)
	at jakarta.servlet.http.HttpServlet.service(HttpServlet.java:658)
	at org.apache.catalina.core.ApplicationFilterChain.internalDoFilter(ApplicationFilterChain.java:205)
	at org.apache.catalina.core.ApplicationFilterChain.doFilter(ApplicationFilterChain.java:149)
	at org.apache.tomcat.websocket.server.WsFilter.doFilter(WsFilter.java:51)
	at org.apache.catalina.core.ApplicationFilterChain.internalDoFilter(ApplicationFilterChain.java:174)
	at org.apache.catalina.core.ApplicationFilterChain.doFilter(ApplicationFilterChain.java:149)
	at org.springframework.web.filter.OncePerRequestFilter.doFilter(OncePerRequestFilter.java:110)
	at org.apache.catalina.core.ApplicationFilterChain.internalDoFilter(ApplicationFilterChain.java:174)
	at org.apache.catalina.core.ApplicationFilterChain.doFilter(ApplicationFilterChain.java:149)
	at org.springframework.web.filter.OncePerRequestFilter.doFilter(OncePerRequestFilter.java:110)
	at org.apache.catalina.core.ApplicationFilterChain.internalDoFilter(ApplicationFilterChain.java:174)
	at org.apache.catalina.core.ApplicationFilterChain.doFilter(ApplicationFilterChain.java:149)
	at org.springframework.security.web.FilterChainProxy.lambda$doFilterInternal$3(FilterChainProxy.java:231)
	at org.springframework.security.web.FilterChainProxy$VirtualFilterChain.doFilter(FilterChainProxy.java:365)
	at org.springframework.security.web.access.intercept.AuthorizationFilter.doFilter(AuthorizationFilter.java:100)
	at org.springframework.security.web.FilterChainProxy$VirtualFilterChain.doFilter(FilterChainProxy.java:374)
	at org.springframework.security.web.access.ExceptionTranslationFilter.doFilter(ExceptionTranslationFilter.java:126)
	at org.springframework.security.web.access.ExceptionTranslationFilter.doFilter(ExceptionTranslationFilter.java:120)
	at org.springframework.security.web.FilterChainProxy$VirtualFilterChain.doFilter(FilterChainProxy.java:374)
	at org.springframework.security.web.session.SessionManagementFilter.doFilter(SessionManagementFilter.java:131)
	at org.springframework.security.web.session.SessionManagementFilter.doFilter(SessionManagementFilter.java:85)
	at org.springframework.security.web.FilterChainProxy$VirtualFilterChain.doFilter(FilterChainProxy.java:374)
	at org.springframework.security.web.authentication.AnonymousAuthenticationFilter.doFilter(AnonymousAuthenticationFilter.java:100)
	at org.springframework.security.web.FilterChainProxy$VirtualFilterChain.doFilter(FilterChainProxy.java:374)
	at org.springframework.security.web.servletapi.SecurityContextHolderAwareRequestFilter.doFilter(SecurityContextHolderAwareRequestFilter.java:179)
	at org.springframework.security.web.FilterChainProxy$VirtualFilterChain.doFilter(FilterChainProxy.java:374)
	at org.springframework.security.web.savedrequest.RequestCacheAwareFilter.doFilter(RequestCacheAwareFilter.java:63)
	at org.springframework.security.web.FilterChainProxy$VirtualFilterChain.doFilter(FilterChainProxy.java:374)
	at org.springframework.security.web.authentication.AbstractAuthenticationProcessingFilter.doFilter(AbstractAuthenticationProcessingFilter.java:227)
	at org.springframework.security.web.authentication.AbstractAuthenticationProcessingFilter.doFilter(AbstractAuthenticationProcessingFilter.java:221)
	at org.springframework.security.web.FilterChainProxy$VirtualFilterChain.doFilter(FilterChainProxy.java:374)
	at com.example.elm_springboot_backend.filter.RequestLogFilter.doFilterInternal(RequestLogFilter.java:42)
	at org.springframework.web.filter.OncePerRequestFilter.doFilter(OncePerRequestFilter.java:116)
	at org.springframework.security.web.FilterChainProxy$VirtualFilterChain.doFilter(FilterChainProxy.java:374)
	at com.example.elm_springboot_backend.filter.JwtAuthenticationFilter.doFilterInternal(JwtAuthenticationFilter.java:44)
	at org.springframework.web.filter.OncePerRequestFilter.doFilter(OncePerRequestFilter.java:116)
	at org.springframework.security.web.FilterChainProxy$VirtualFilterChain.doFilter(FilterChainProxy.java:374)
	at org.springframework.security.web.authentication.logout.LogoutFilter.doFilter(LogoutFilter.java:107)
	at org.springframework.security.web.authentication.logout.LogoutFilter.doFilter(LogoutFilter.java:93)
	at org.springframework.security.web.FilterChainProxy$VirtualFilterChain.doFilter(FilterChainProxy.java:374)
	at org.springframework.security.web.header.HeaderWriterFilter.doHeadersAfter(HeaderWriterFilter.java:90)
	at org.springframework.security.web.header.HeaderWriterFilter.doFilterInternal(HeaderWriterFilter.java:75)
	at org.springframework.web.filter.OncePerRequestFilter.doFilter(OncePerRequestFilter.java:116)
	at org.springframework.security.web.FilterChainProxy$VirtualFilterChain.doFilter(FilterChainProxy.java:374)
	at org.springframework.security.web.context.SecurityContextHolderFilter.doFilter(SecurityContextHolderFilter.java:82)
	at org.springframework.security.web.context.SecurityContextHolderFilter.doFilter(SecurityContextHolderFilter.java:69)
	at org.springframework.security.web.FilterChainProxy$VirtualFilterChain.doFilter(FilterChainProxy.java:374)
	at org.springframework.security.web.context.request.async.WebAsyncManagerIntegrationFilter.doFilterInternal(WebAsyncManagerIntegrationFilter.java:62)
	at org.springframework.web.filter.OncePerRequestFilter.doFilter(OncePerRequestFilter.java:116)
	at org.springframework.security.web.FilterChainProxy$VirtualFilterChain.doFilter(FilterChainProxy.java:374)
	at org.springframework.security.web.session.DisableEncodeUrlFilter.doFilterInternal(DisableEncodeUrlFilter.java:42)
	at org.springframework.web.filter.OncePerRequestFilter.doFilter(OncePerRequestFilter.java:116)
	at org.springframework.security.web.FilterChainProxy$VirtualFilterChain.doFilter(FilterChainProxy.java:374)
	at org.springframework.security.web.FilterChainProxy.doFilterInternal(FilterChainProxy.java:233)
	at org.springframework.security.web.FilterChainProxy.doFilter(FilterChainProxy.java:191)
	at org.springframework.web.filter.DelegatingFilterProxy.invokeDelegate(DelegatingFilterProxy.java:352)
	at org.springframework.web.filter.DelegatingFilterProxy.doFilter(DelegatingFilterProxy.java:268)
	at org.apache.catalina.core.ApplicationFilterChain.internalDoFilter(ApplicationFilterChain.java:174)
	at org.apache.catalina.core.ApplicationFilterChain.doFilter(ApplicationFilterChain.java:149)
	at com.example.elm_springboot_backend.filter.FlowLimitingFilter.doFilter(FlowLimitingFilter.java:52)
	at jakarta.servlet.http.HttpFilter.doFilter(HttpFilter.java:53)
	at org.apache.catalina.core.ApplicationFilterChain.internalDoFilter(ApplicationFilterChain.java:174)
	at org.apache.catalina.core.ApplicationFilterChain.doFilter(ApplicationFilterChain.java:149)
	at com.example.elm_springboot_backend.filter.CorsFilter.doFilter(CorsFilter.java:35)
	at jakarta.servlet.http.HttpFilter.doFilter(HttpFilter.java:53)
	at org.apache.catalina.core.ApplicationFilterChain.internalDoFilter(ApplicationFilterChain.java:174)
	at org.apache.catalina.core.ApplicationFilterChain.doFilter(ApplicationFilterChain.java:149)
	at org.springframework.web.filter.RequestContextFilter.doFilterInternal(RequestContextFilter.java:100)
	at org.springframework.web.filter.OncePerRequestFilter.doFilter(OncePerRequestFilter.java:116)
	at org.apache.catalina.core.ApplicationFilterChain.internalDoFilter(ApplicationFilterChain.java:174)
	at org.apache.catalina.core.ApplicationFilterChain.doFilter(ApplicationFilterChain.java:149)
	at org.springframework.web.filter.FormContentFilter.doFilterInternal(FormContentFilter.java:93)
	at org.springframework.web.filter.OncePerRequestFilter.doFilter(OncePerRequestFilter.java:116)
	at org.apache.catalina.core.ApplicationFilterChain.internalDoFilter(ApplicationFilterChain.java:174)
	at org.apache.catalina.core.ApplicationFilterChain.doFilter(ApplicationFilterChain.java:149)
	at org.springframework.web.filter.CharacterEncodingFilter.doFilterInternal(CharacterEncodingFilter.java:201)
	at org.springframework.web.filter.OncePerRequestFilter.doFilter(OncePerRequestFilter.java:116)
	at org.apache.catalina.core.ApplicationFilterChain.internalDoFilter(ApplicationFilterChain.java:174)
	at org.apache.catalina.core.ApplicationFilterChain.doFilter(ApplicationFilterChain.java:149)
	at org.apache.catalina.core.StandardWrapperValve.invoke(StandardWrapperValve.java:166)
	at org.apache.catalina.core.StandardContextValve.invoke(StandardContextValve.java:90)
	at org.apache.catalina.authenticator.AuthenticatorBase.invoke(AuthenticatorBase.java:482)
	at org.apache.catalina.core.StandardHostValve.invoke(StandardHostValve.java:115)
	at org.apache.catalina.valves.ErrorReportValve.invoke(ErrorReportValve.java:93)
	at org.apache.catalina.core.StandardEngineValve.invoke(StandardEngineValve.java:74)
	at org.apache.catalina.connector.CoyoteAdapter.service(CoyoteAdapter.java:341)
	at org.apache.coyote.http11.Http11Processor.service(Http11Processor.java:391)
	at org.apache.coyote.AbstractProcessorLight.process(AbstractProcessorLight.java:63)
	at org.apache.coyote.AbstractProtocol$ConnectionHandler.process(AbstractProtocol.java:894)
	at org.apache.tomcat.util.net.NioEndpoint$SocketProcessor.doRun(NioEndpoint.java:1740)
	at org.apache.tomcat.util.net.SocketProcessorBase.run(SocketProcessorBase.java:52)
	at org.apache.tomcat.util.threads.ThreadPoolExecutor.runWorker(ThreadPoolExecutor.java:1191)
	at org.apache.tomcat.util.threads.ThreadPoolExecutor$Worker.run(ThreadPoolExecutor.java:659)
	at org.apache.tomcat.util.threads.TaskThread$WrappingRunnable.run(TaskThread.java:61)
	at java.base/java.lang.Thread.run(Thread.java:1589)

2023-11-29 22:00:10.524  INFO 15316 --- [http-nio-8080-exec-5] (42691724614701056) c.e.e.filter.RequestLogFilter            : 请求URL: "/api/auth/register" (POST) | 远程IP地址: 0:0:0:0:0:0:0:1 │ 身份: 未验证 | 请求参数列表: {}
2023-11-29 22:00:10.654 ERROR 15316 --- [http-nio-8080-exec-5] (42691724614701056) o.a.c.c.C.[.[.[/].[dispatcherServlet]    : Servlet.service() for servlet [dispatcherServlet] in context with path [] threw exception [Request processing failed: org.springframework.jdbc.BadSqlGrammarException: 
### Error updating database.  Cause: java.sql.SQLSyntaxErrorException: Unknown column 'registerTime' in 'field list'
### The error may exist in com/example/elm_springboot_backend/mapper/AccountMapper.java (best guess)
### The error may involve com.example.elm_springboot_backend.mapper.AccountMapper.insert-Inline
### The error occurred while setting parameters
### SQL: INSERT INTO user  ( username, password, email, role, registerTime, userSex,  delTag )  VALUES  ( ?, ?, ?, ?, ?, ?,  ? )
### Cause: java.sql.SQLSyntaxErrorException: Unknown column 'registerTime' in 'field list'
; bad SQL grammar []] with root cause

java.sql.SQLSyntaxErrorException: Unknown column 'registerTime' in 'field list'
	at com.mysql.cj.jdbc.exceptions.SQLError.createSQLException(SQLError.java:121)
	at com.mysql.cj.jdbc.exceptions.SQLExceptionsMapping.translateException(SQLExceptionsMapping.java:122)
	at com.mysql.cj.jdbc.ClientPreparedStatement.executeInternal(ClientPreparedStatement.java:916)
	at com.mysql.cj.jdbc.ClientPreparedStatement.execute(ClientPreparedStatement.java:354)
	at com.zaxxer.hikari.pool.ProxyPreparedStatement.execute(ProxyPreparedStatement.java:44)
	at com.zaxxer.hikari.pool.HikariProxyPreparedStatement.execute(HikariProxyPreparedStatement.java)
	at org.apache.ibatis.executor.statement.PreparedStatementHandler.update(PreparedStatementHandler.java:47)
	at org.apache.ibatis.executor.statement.RoutingStatementHandler.update(RoutingStatementHandler.java:74)
	at org.apache.ibatis.executor.SimpleExecutor.doUpdate(SimpleExecutor.java:50)
	at org.apache.ibatis.executor.BaseExecutor.update(BaseExecutor.java:117)
	at org.apache.ibatis.executor.CachingExecutor.update(CachingExecutor.java:76)
	at org.apache.ibatis.session.defaults.DefaultSqlSession.update(DefaultSqlSession.java:194)
	at org.apache.ibatis.session.defaults.DefaultSqlSession.insert(DefaultSqlSession.java:181)
	at java.base/jdk.internal.reflect.DirectMethodHandleAccessor.invoke(DirectMethodHandleAccessor.java:104)
	at java.base/java.lang.reflect.Method.invoke(Method.java:578)
	at org.mybatis.spring.SqlSessionTemplate$SqlSessionInterceptor.invoke(SqlSessionTemplate.java:427)
	at jdk.proxy2/jdk.proxy2.$Proxy96.insert(Unknown Source)
	at org.mybatis.spring.SqlSessionTemplate.insert(SqlSessionTemplate.java:272)
	at com.baomidou.mybatisplus.core.override.MybatisMapperMethod.execute(MybatisMapperMethod.java:59)
	at com.baomidou.mybatisplus.core.override.MybatisMapperProxy$PlainMethodInvoker.invoke(MybatisMapperProxy.java:148)
	at com.baomidou.mybatisplus.core.override.MybatisMapperProxy.invoke(MybatisMapperProxy.java:89)
	at jdk.proxy2/jdk.proxy2.$Proxy101.insert(Unknown Source)
	at com.baomidou.mybatisplus.extension.service.IService.save(IService.java:63)
	at com.example.elm_springboot_backend.service.impl.AccountServiceImpl.registerEmailAccount(AccountServiceImpl.java:107)
	at java.base/jdk.internal.reflect.DirectMethodHandleAccessor.invoke(DirectMethodHandleAccessor.java:104)
	at java.base/java.lang.reflect.Method.invoke(Method.java:578)
	at org.springframework.aop.support.AopUtils.invokeJoinpointUsingReflection(AopUtils.java:343)
	at org.springframework.aop.framework.CglibAopProxy$DynamicAdvisedInterceptor.intercept(CglibAopProxy.java:704)
	at com.example.elm_springboot_backend.service.impl.AccountServiceImpl$$SpringCGLIB$$0.registerEmailAccount(<generated>)
	at com.example.elm_springboot_backend.controller.AuthorizeController.lambda$register$1(AuthorizeController.java:58)
	at com.example.elm_springboot_backend.controller.AuthorizeController.messageHandle(AuthorizeController.java:91)
	at com.example.elm_springboot_backend.controller.AuthorizeController.register(AuthorizeController.java:57)
	at java.base/jdk.internal.reflect.DirectMethodHandleAccessor.invoke(DirectMethodHandleAccessor.java:104)
	at java.base/java.lang.reflect.Method.invoke(Method.java:578)
	at org.springframework.aop.support.AopUtils.invokeJoinpointUsingReflection(AopUtils.java:343)
	at org.springframework.aop.framework.ReflectiveMethodInvocation.invokeJoinpoint(ReflectiveMethodInvocation.java:196)
	at org.springframework.aop.framework.ReflectiveMethodInvocation.proceed(ReflectiveMethodInvocation.java:163)
	at org.springframework.aop.framework.CglibAopProxy$CglibMethodInvocation.proceed(CglibAopProxy.java:756)
	at org.springframework.validation.beanvalidation.MethodValidationInterceptor.invoke(MethodValidationInterceptor.java:141)
	at org.springframework.aop.framework.ReflectiveMethodInvocation.proceed(ReflectiveMethodInvocation.java:184)
	at org.springframework.aop.framework.CglibAopProxy$CglibMethodInvocation.proceed(CglibAopProxy.java:756)
	at org.springframework.aop.framework.CglibAopProxy$DynamicAdvisedInterceptor.intercept(CglibAopProxy.java:708)
	at com.example.elm_springboot_backend.controller.AuthorizeController$$SpringCGLIB$$0.register(<generated>)
	at java.base/jdk.internal.reflect.DirectMethodHandleAccessor.invoke(DirectMethodHandleAccessor.java:104)
	at java.base/java.lang.reflect.Method.invoke(Method.java:578)
	at org.springframework.web.method.support.InvocableHandlerMethod.doInvoke(InvocableHandlerMethod.java:205)
	at org.springframework.web.method.support.InvocableHandlerMethod.invokeForRequest(InvocableHandlerMethod.java:150)
	at org.springframework.web.servlet.mvc.method.annotation.ServletInvocableHandlerMethod.invokeAndHandle(ServletInvocableHandlerMethod.java:118)
	at org.springframework.web.servlet.mvc.method.annotation.RequestMappingHandlerAdapter.invokeHandlerMethod(RequestMappingHandlerAdapter.java:884)
	at org.springframework.web.servlet.mvc.method.annotation.RequestMappingHandlerAdapter.handleInternal(RequestMappingHandlerAdapter.java:797)
	at org.springframework.web.servlet.mvc.method.AbstractHandlerMethodAdapter.handle(AbstractHandlerMethodAdapter.java:87)
	at org.springframework.web.servlet.DispatcherServlet.doDispatch(DispatcherServlet.java:1081)
	at org.springframework.web.servlet.DispatcherServlet.doService(DispatcherServlet.java:974)
	at org.springframework.web.servlet.FrameworkServlet.processRequest(FrameworkServlet.java:1011)
	at org.springframework.web.servlet.FrameworkServlet.doPost(FrameworkServlet.java:914)
	at jakarta.servlet.http.HttpServlet.service(HttpServlet.java:590)
	at org.springframework.web.servlet.FrameworkServlet.service(FrameworkServlet.java:885)
	at jakarta.servlet.http.HttpServlet.service(HttpServlet.java:658)
	at org.apache.catalina.core.ApplicationFilterChain.internalDoFilter(ApplicationFilterChain.java:205)
	at org.apache.catalina.core.ApplicationFilterChain.doFilter(ApplicationFilterChain.java:149)
	at org.apache.tomcat.websocket.server.WsFilter.doFilter(WsFilter.java:51)
	at org.apache.catalina.core.ApplicationFilterChain.internalDoFilter(ApplicationFilterChain.java:174)
	at org.apache.catalina.core.ApplicationFilterChain.doFilter(ApplicationFilterChain.java:149)
	at org.springframework.web.filter.OncePerRequestFilter.doFilter(OncePerRequestFilter.java:110)
	at org.apache.catalina.core.ApplicationFilterChain.internalDoFilter(ApplicationFilterChain.java:174)
	at org.apache.catalina.core.ApplicationFilterChain.doFilter(ApplicationFilterChain.java:149)
	at org.springframework.web.filter.OncePerRequestFilter.doFilter(OncePerRequestFilter.java:110)
	at org.apache.catalina.core.ApplicationFilterChain.internalDoFilter(ApplicationFilterChain.java:174)
	at org.apache.catalina.core.ApplicationFilterChain.doFilter(ApplicationFilterChain.java:149)
	at org.springframework.security.web.FilterChainProxy.lambda$doFilterInternal$3(FilterChainProxy.java:231)
	at org.springframework.security.web.FilterChainProxy$VirtualFilterChain.doFilter(FilterChainProxy.java:365)
	at org.springframework.security.web.access.intercept.AuthorizationFilter.doFilter(AuthorizationFilter.java:100)
	at org.springframework.security.web.FilterChainProxy$VirtualFilterChain.doFilter(FilterChainProxy.java:374)
	at org.springframework.security.web.access.ExceptionTranslationFilter.doFilter(ExceptionTranslationFilter.java:126)
	at org.springframework.security.web.access.ExceptionTranslationFilter.doFilter(ExceptionTranslationFilter.java:120)
	at org.springframework.security.web.FilterChainProxy$VirtualFilterChain.doFilter(FilterChainProxy.java:374)
	at org.springframework.security.web.session.SessionManagementFilter.doFilter(SessionManagementFilter.java:131)
	at org.springframework.security.web.session.SessionManagementFilter.doFilter(SessionManagementFilter.java:85)
	at org.springframework.security.web.FilterChainProxy$VirtualFilterChain.doFilter(FilterChainProxy.java:374)
	at org.springframework.security.web.authentication.AnonymousAuthenticationFilter.doFilter(AnonymousAuthenticationFilter.java:100)
	at org.springframework.security.web.FilterChainProxy$VirtualFilterChain.doFilter(FilterChainProxy.java:374)
	at org.springframework.security.web.servletapi.SecurityContextHolderAwareRequestFilter.doFilter(SecurityContextHolderAwareRequestFilter.java:179)
	at org.springframework.security.web.FilterChainProxy$VirtualFilterChain.doFilter(FilterChainProxy.java:374)
	at org.springframework.security.web.savedrequest.RequestCacheAwareFilter.doFilter(RequestCacheAwareFilter.java:63)
	at org.springframework.security.web.FilterChainProxy$VirtualFilterChain.doFilter(FilterChainProxy.java:374)
	at org.springframework.security.web.authentication.AbstractAuthenticationProcessingFilter.doFilter(AbstractAuthenticationProcessingFilter.java:227)
	at org.springframework.security.web.authentication.AbstractAuthenticationProcessingFilter.doFilter(AbstractAuthenticationProcessingFilter.java:221)
	at org.springframework.security.web.FilterChainProxy$VirtualFilterChain.doFilter(FilterChainProxy.java:374)
	at com.example.elm_springboot_backend.filter.RequestLogFilter.doFilterInternal(RequestLogFilter.java:42)
	at org.springframework.web.filter.OncePerRequestFilter.doFilter(OncePerRequestFilter.java:116)
	at org.springframework.security.web.FilterChainProxy$VirtualFilterChain.doFilter(FilterChainProxy.java:374)
	at com.example.elm_springboot_backend.filter.JwtAuthenticationFilter.doFilterInternal(JwtAuthenticationFilter.java:44)
	at org.springframework.web.filter.OncePerRequestFilter.doFilter(OncePerRequestFilter.java:116)
	at org.springframework.security.web.FilterChainProxy$VirtualFilterChain.doFilter(FilterChainProxy.java:374)
	at org.springframework.security.web.authentication.logout.LogoutFilter.doFilter(LogoutFilter.java:107)
	at org.springframework.security.web.authentication.logout.LogoutFilter.doFilter(LogoutFilter.java:93)
	at org.springframework.security.web.FilterChainProxy$VirtualFilterChain.doFilter(FilterChainProxy.java:374)
	at org.springframework.security.web.header.HeaderWriterFilter.doHeadersAfter(HeaderWriterFilter.java:90)
	at org.springframework.security.web.header.HeaderWriterFilter.doFilterInternal(HeaderWriterFilter.java:75)
	at org.springframework.web.filter.OncePerRequestFilter.doFilter(OncePerRequestFilter.java:116)
	at org.springframework.security.web.FilterChainProxy$VirtualFilterChain.doFilter(FilterChainProxy.java:374)
	at org.springframework.security.web.context.SecurityContextHolderFilter.doFilter(SecurityContextHolderFilter.java:82)
	at org.springframework.security.web.context.SecurityContextHolderFilter.doFilter(SecurityContextHolderFilter.java:69)
	at org.springframework.security.web.FilterChainProxy$VirtualFilterChain.doFilter(FilterChainProxy.java:374)
	at org.springframework.security.web.context.request.async.WebAsyncManagerIntegrationFilter.doFilterInternal(WebAsyncManagerIntegrationFilter.java:62)
	at org.springframework.web.filter.OncePerRequestFilter.doFilter(OncePerRequestFilter.java:116)
	at org.springframework.security.web.FilterChainProxy$VirtualFilterChain.doFilter(FilterChainProxy.java:374)
	at org.springframework.security.web.session.DisableEncodeUrlFilter.doFilterInternal(DisableEncodeUrlFilter.java:42)
	at org.springframework.web.filter.OncePerRequestFilter.doFilter(OncePerRequestFilter.java:116)
	at org.springframework.security.web.FilterChainProxy$VirtualFilterChain.doFilter(FilterChainProxy.java:374)
	at org.springframework.security.web.FilterChainProxy.doFilterInternal(FilterChainProxy.java:233)
	at org.springframework.security.web.FilterChainProxy.doFilter(FilterChainProxy.java:191)
	at org.springframework.web.filter.DelegatingFilterProxy.invokeDelegate(DelegatingFilterProxy.java:352)
	at org.springframework.web.filter.DelegatingFilterProxy.doFilter(DelegatingFilterProxy.java:268)
	at org.apache.catalina.core.ApplicationFilterChain.internalDoFilter(ApplicationFilterChain.java:174)
	at org.apache.catalina.core.ApplicationFilterChain.doFilter(ApplicationFilterChain.java:149)
	at com.example.elm_springboot_backend.filter.FlowLimitingFilter.doFilter(FlowLimitingFilter.java:52)
	at jakarta.servlet.http.HttpFilter.doFilter(HttpFilter.java:53)
	at org.apache.catalina.core.ApplicationFilterChain.internalDoFilter(ApplicationFilterChain.java:174)
	at org.apache.catalina.core.ApplicationFilterChain.doFilter(ApplicationFilterChain.java:149)
	at com.example.elm_springboot_backend.filter.CorsFilter.doFilter(CorsFilter.java:35)
	at jakarta.servlet.http.HttpFilter.doFilter(HttpFilter.java:53)
	at org.apache.catalina.core.ApplicationFilterChain.internalDoFilter(ApplicationFilterChain.java:174)
	at org.apache.catalina.core.ApplicationFilterChain.doFilter(ApplicationFilterChain.java:149)
	at org.springframework.web.filter.RequestContextFilter.doFilterInternal(RequestContextFilter.java:100)
	at org.springframework.web.filter.OncePerRequestFilter.doFilter(OncePerRequestFilter.java:116)
	at org.apache.catalina.core.ApplicationFilterChain.internalDoFilter(ApplicationFilterChain.java:174)
	at org.apache.catalina.core.ApplicationFilterChain.doFilter(ApplicationFilterChain.java:149)
	at org.springframework.web.filter.FormContentFilter.doFilterInternal(FormContentFilter.java:93)
	at org.springframework.web.filter.OncePerRequestFilter.doFilter(OncePerRequestFilter.java:116)
	at org.apache.catalina.core.ApplicationFilterChain.internalDoFilter(ApplicationFilterChain.java:174)
	at org.apache.catalina.core.ApplicationFilterChain.doFilter(ApplicationFilterChain.java:149)
	at org.springframework.web.filter.CharacterEncodingFilter.doFilterInternal(CharacterEncodingFilter.java:201)
	at org.springframework.web.filter.OncePerRequestFilter.doFilter(OncePerRequestFilter.java:116)
	at org.apache.catalina.core.ApplicationFilterChain.internalDoFilter(ApplicationFilterChain.java:174)
	at org.apache.catalina.core.ApplicationFilterChain.doFilter(ApplicationFilterChain.java:149)
	at org.apache.catalina.core.StandardWrapperValve.invoke(StandardWrapperValve.java:166)
	at org.apache.catalina.core.StandardContextValve.invoke(StandardContextValve.java:90)
	at org.apache.catalina.authenticator.AuthenticatorBase.invoke(AuthenticatorBase.java:482)
	at org.apache.catalina.core.StandardHostValve.invoke(StandardHostValve.java:115)
	at org.apache.catalina.valves.ErrorReportValve.invoke(ErrorReportValve.java:93)
	at org.apache.catalina.core.StandardEngineValve.invoke(StandardEngineValve.java:74)
	at org.apache.catalina.connector.CoyoteAdapter.service(CoyoteAdapter.java:341)
	at org.apache.coyote.http11.Http11Processor.service(Http11Processor.java:391)
	at org.apache.coyote.AbstractProcessorLight.process(AbstractProcessorLight.java:63)
	at org.apache.coyote.AbstractProtocol$ConnectionHandler.process(AbstractProtocol.java:894)
	at org.apache.tomcat.util.net.NioEndpoint$SocketProcessor.doRun(NioEndpoint.java:1740)
	at org.apache.tomcat.util.net.SocketProcessorBase.run(SocketProcessorBase.java:52)
	at org.apache.tomcat.util.threads.ThreadPoolExecutor.runWorker(ThreadPoolExecutor.java:1191)
	at org.apache.tomcat.util.threads.ThreadPoolExecutor$Worker.run(ThreadPoolExecutor.java:659)
	at org.apache.tomcat.util.threads.TaskThread$WrappingRunnable.run(TaskThread.java:61)
	at java.base/java.lang.Thread.run(Thread.java:1589)

2023-11-29 22:01:48.844  INFO 15316 --- [org.springframework.amqp.rabbit.RabbitListenerEndpointContainer#0-2] (system) o.s.a.r.l.SimpleMessageListenerContainer : Waiting for workers to finish.
2023-11-29 22:01:49.561  INFO 15316 --- [org.springframework.amqp.rabbit.RabbitListenerEndpointContainer#0-2] (system) o.s.a.r.l.SimpleMessageListenerContainer : Successfully waited for workers to finish.
2023-11-29 22:01:49.612  INFO 15316 --- [SpringApplicationShutdownHook] (system) com.zaxxer.hikari.HikariDataSource       : HikariPool-1 - Shutdown initiated...
2023-11-29 22:01:49.628  INFO 15316 --- [SpringApplicationShutdownHook] (system) com.zaxxer.hikari.HikariDataSource       : HikariPool-1 - Shutdown completed.
2023-11-29 22:02:26.954  INFO 24452 --- [main] (system) c.e.e.ElmSpringbootBackendApplication    : Starting ElmSpringbootBackendApplication using Java 19.0.1 with PID 24452 (E:\LaboratoryReport\ElemeTraining\ele_springboot\elm_springboot_backend\target\classes started by ASUS in E:\LaboratoryReport\ElemeTraining\ele_springboot\elm_springboot_backend)
2023-11-29 22:02:26.957  INFO 24452 --- [main] (system) c.e.e.ElmSpringbootBackendApplication    : The following 1 profile is active: "dev"
2023-11-29 22:02:28.141  INFO 24452 --- [main] (system) .s.d.r.c.RepositoryConfigurationDelegate : Multiple Spring Data modules found, entering strict repository configuration mode
2023-11-29 22:02:28.144  INFO 24452 --- [main] (system) .s.d.r.c.RepositoryConfigurationDelegate : Bootstrapping Spring Data Redis repositories in DEFAULT mode.
2023-11-29 22:02:28.181  INFO 24452 --- [main] (system) .s.d.r.c.RepositoryConfigurationDelegate : Finished Spring Data repository scanning in 16 ms. Found 0 Redis repository interfaces.
2023-11-29 22:02:29.101  INFO 24452 --- [main] (system) o.s.b.w.embedded.tomcat.TomcatWebServer  : Tomcat initialized with port(s): 8080 (http)
2023-11-29 22:02:29.115  INFO 24452 --- [main] (system) o.apache.catalina.core.StandardService   : Starting service [Tomcat]
2023-11-29 22:02:29.115  INFO 24452 --- [main] (system) o.apache.catalina.core.StandardEngine    : Starting Servlet engine: [Apache Tomcat/10.1.12]
2023-11-29 22:02:29.251  INFO 24452 --- [main] (system) o.a.c.c.C.[Tomcat].[localhost].[/]       : Initializing Spring embedded WebApplicationContext
2023-11-29 22:02:29.251  INFO 24452 --- [main] (system) w.s.c.ServletWebServerApplicationContext : Root WebApplicationContext: initialization completed in 2236 ms
2023-11-29 22:02:31.269  INFO 24452 --- [main] (system) o.s.s.web.DefaultSecurityFilterChain     : Will secure any request with [org.springframework.security.web.session.DisableEncodeUrlFilter@5dc9d25a, org.springframework.security.web.context.request.async.WebAsyncManagerIntegrationFilter@686fb58a, org.springframework.security.web.context.SecurityContextHolderFilter@2a73a64f, org.springframework.security.web.header.HeaderWriterFilter@30333941, org.springframework.security.web.authentication.logout.LogoutFilter@484876a1, com.example.elm_springboot_backend.filter.JwtAuthenticationFilter@5a0f87e5, com.example.elm_springboot_backend.filter.RequestLogFilter@218df7d6, org.springframework.security.web.authentication.UsernamePasswordAuthenticationFilter@f9de1fd, org.springframework.security.web.savedrequest.RequestCacheAwareFilter@2419a5db, org.springframework.security.web.servletapi.SecurityContextHolderAwareRequestFilter@383e6734, org.springframework.security.web.authentication.AnonymousAuthenticationFilter@2c4be45f, org.springframework.security.web.session.SessionManagementFilter@8afce3, org.springframework.security.web.access.ExceptionTranslationFilter@455d04d2, org.springframework.security.web.access.intercept.AuthorizationFilter@1bbb48dd]
2023-11-29 22:02:31.670  WARN 24452 --- [main] (system) ocalVariableTableParameterNameDiscoverer : Using deprecated '-debug' fallback for parameter name resolution. Compile the affected code with '-parameters' instead or avoid its introspection: org.springframework.amqp.rabbit.core.RabbitAdmin
2023-11-29 22:02:31.732  INFO 24452 --- [main] (system) o.s.b.w.embedded.tomcat.TomcatWebServer  : Tomcat started on port(s): 8080 (http) with context path ''
2023-11-29 22:02:31.738  INFO 24452 --- [main] (system) o.s.a.r.c.CachingConnectionFactory       : Attempting to connect to: [localhost:5672]
2023-11-29 22:02:31.783  INFO 24452 --- [main] (system) o.s.a.r.c.CachingConnectionFactory       : Created new connection: rabbitConnectionFactory#3c71cf3e:0/SimpleConnection@17063c32 [delegate=amqp://admin@127.0.0.1:5672/, localPort=53318]
2023-11-29 22:02:31.834  INFO 24452 --- [main] (system) c.e.e.ElmSpringbootBackendApplication    : Started ElmSpringbootBackendApplication in 5.611 seconds (process running for 6.791)
2023-11-29 22:03:29.792  INFO 24452 --- [http-nio-8080-exec-1] (system) o.a.c.c.C.[Tomcat].[localhost].[/]       : Initializing Spring DispatcherServlet 'dispatcherServlet'
2023-11-29 22:03:29.793  INFO 24452 --- [http-nio-8080-exec-1] (system) o.s.web.servlet.DispatcherServlet        : Initializing Servlet 'dispatcherServlet'
2023-11-29 22:03:29.795  INFO 24452 --- [http-nio-8080-exec-1] (system) o.s.web.servlet.DispatcherServlet        : Completed initialization in 2 ms
2023-11-29 22:03:30.506  INFO 24452 --- [http-nio-8080-exec-1] (42692563387420672) c.e.e.filter.RequestLogFilter            : 请求URL: "/api/auth/ask-code" (OPTIONS) | 远程IP地址: 0:0:0:0:0:0:0:1 │ 身份: 未验证 | 请求参数列表: {"email":"1278256350@qq.com","type":"register"}
2023-11-29 22:03:30.676  INFO 24452 --- [http-nio-8080-exec-1] (42692563387420672) c.e.e.filter.RequestLogFilter            : 请求处理耗时: 173ms | 响应结果: 
2023-11-29 22:03:30.717  INFO 24452 --- [http-nio-8080-exec-2] (42692564285001728) c.e.e.filter.RequestLogFilter            : 请求URL: "/api/auth/ask-code" (GET) | 远程IP地址: 0:0:0:0:0:0:0:1 │ 身份: 未验证 | 请求参数列表: {"email":"1278256350@qq.com","type":"register"}
2023-11-29 22:03:30.956  INFO 24452 --- [http-nio-8080-exec-2] (42692564285001728) c.e.e.filter.RequestLogFilter            : 请求处理耗时: 239ms | 响应结果: {"id":42692564285001728,"code":200,"data":null,"message":"请求成功"}
2023-11-29 22:03:46.398  INFO 24452 --- [http-nio-8080-exec-10] (42692630055882752) c.e.e.filter.RequestLogFilter            : 请求URL: "/api/auth/register" (OPTIONS) | 远程IP地址: 0:0:0:0:0:0:0:1 │ 身份: 未验证 | 请求参数列表: {}
2023-11-29 22:03:46.400  INFO 24452 --- [http-nio-8080-exec-10] (42692630055882752) c.e.e.filter.RequestLogFilter            : 请求处理耗时: 2ms | 响应结果: 
2023-11-29 22:03:46.418  INFO 24452 --- [http-nio-8080-exec-7] (42692630139768832) c.e.e.filter.RequestLogFilter            : 请求URL: "/api/auth/register" (POST) | 远程IP地址: 0:0:0:0:0:0:0:1 │ 身份: 未验证 | 请求参数列表: {}
2023-11-29 22:03:46.616  INFO 24452 --- [http-nio-8080-exec-7] (42692630139768832) com.zaxxer.hikari.HikariDataSource       : HikariPool-1 - Starting...
2023-11-29 22:03:46.941  INFO 24452 --- [http-nio-8080-exec-7] (42692630139768832) com.zaxxer.hikari.pool.HikariPool        : HikariPool-1 - Added connection com.mysql.cj.jdbc.ConnectionImpl@33839829
2023-11-29 22:03:46.943  INFO 24452 --- [http-nio-8080-exec-7] (42692630139768832) com.zaxxer.hikari.HikariDataSource       : HikariPool-1 - Start completed.
2023-11-29 22:03:47.143  INFO 24452 --- [http-nio-8080-exec-7] (42692630139768832) c.e.e.filter.RequestLogFilter            : 请求处理耗时: 725ms | 响应结果: {"id":42692630139768832,"code":200,"data":null,"message":"请求成功"}
2023-11-29 22:03:53.530  INFO 24452 --- [http-nio-8080-exec-5] (42692659969658880) c.e.e.filter.RequestLogFilter            : 请求URL: "/api/auth/login" (POST) | 远程IP地址: 0:0:0:0:0:0:0:1 │ 身份: 未验证 | 请求参数列表: {"username":"刘浩然","password":"123456"}
2023-11-29 22:03:53.854  INFO 24452 --- [http-nio-8080-exec-5] (42692659969658880) c.e.e.filter.RequestLogFilter            : 请求处理耗时: 324ms | 响应结果: {"code":200,"data":{"expire":"2023-12-02 22:03:53.802","role":"user","token":"eyJ0eXAiOiJKV1QiLCJhbGciOiJIUzI1NiJ9.eyJuYW1lIjoi5YiY5rWp54S2IiwiaWQiOjQsImV4cCI6MTcwMTUyNTgzMywiaWF0IjoxNzAxMjY2NjMzLCJqdGkiOiIwMTdiYTI3NS0wNGU1LTRkNWMtOTk1MC04NzMyMGZmZDFlNDQiLCJhdXRob3JpdGllcyI6WyJST0xFX3VzZXIiXX0.m_-NkjiNLUV38csDRhGJr5ZYbB2ziJIInoXCWA4mUcg","username":"刘浩然"},"id":42692659969658880,"message":"请求成功"}
2023-11-29 22:27:33.978  INFO 24452 --- [org.springframework.amqp.rabbit.RabbitListenerEndpointContainer#0-2] (system) o.s.a.r.l.SimpleMessageListenerContainer : Waiting for workers to finish.
2023-11-29 22:27:34.093  INFO 24452 --- [org.springframework.amqp.rabbit.RabbitListenerEndpointContainer#0-2] (system) o.s.a.r.l.SimpleMessageListenerContainer : Successfully waited for workers to finish.
2023-11-29 22:27:34.143  INFO 24452 --- [SpringApplicationShutdownHook] (system) com.zaxxer.hikari.HikariDataSource       : HikariPool-1 - Shutdown initiated...
2023-11-29 22:27:34.155  INFO 24452 --- [SpringApplicationShutdownHook] (system) com.zaxxer.hikari.HikariDataSource       : HikariPool-1 - Shutdown completed.
2023-11-29 22:27:39.254  INFO 24256 --- [main] (system) c.e.e.ElmSpringbootBackendApplication    : Starting ElmSpringbootBackendApplication using Java 19.0.1 with PID 24256 (E:\LaboratoryReport\ElemeTraining\ele_springboot\elm_springboot_backend\target\classes started by ASUS in E:\LaboratoryReport\ElemeTraining\ele_springboot\elm_springboot_backend)
2023-11-29 22:27:39.257  INFO 24256 --- [main] (system) c.e.e.ElmSpringbootBackendApplication    : The following 1 profile is active: "dev"
2023-11-29 22:27:40.420  INFO 24256 --- [main] (system) .s.d.r.c.RepositoryConfigurationDelegate : Multiple Spring Data modules found, entering strict repository configuration mode
2023-11-29 22:27:40.424  INFO 24256 --- [main] (system) .s.d.r.c.RepositoryConfigurationDelegate : Bootstrapping Spring Data Redis repositories in DEFAULT mode.
2023-11-29 22:27:40.462  INFO 24256 --- [main] (system) .s.d.r.c.RepositoryConfigurationDelegate : Finished Spring Data repository scanning in 17 ms. Found 0 Redis repository interfaces.
2023-11-29 22:27:41.365  INFO 24256 --- [main] (system) o.s.b.w.embedded.tomcat.TomcatWebServer  : Tomcat initialized with port(s): 8080 (http)
2023-11-29 22:27:41.377  INFO 24256 --- [main] (system) o.apache.catalina.core.StandardService   : Starting service [Tomcat]
2023-11-29 22:27:41.378  INFO 24256 --- [main] (system) o.apache.catalina.core.StandardEngine    : Starting Servlet engine: [Apache Tomcat/10.1.12]
2023-11-29 22:27:41.507  INFO 24256 --- [main] (system) o.a.c.c.C.[Tomcat].[localhost].[/]       : Initializing Spring embedded WebApplicationContext
2023-11-29 22:27:41.507  INFO 24256 --- [main] (system) w.s.c.ServletWebServerApplicationContext : Root WebApplicationContext: initialization completed in 2193 ms
2023-11-29 22:27:43.418  INFO 24256 --- [main] (system) o.s.s.web.DefaultSecurityFilterChain     : Will secure any request with [org.springframework.security.web.session.DisableEncodeUrlFilter@52c6e959, org.springframework.security.web.context.request.async.WebAsyncManagerIntegrationFilter@4b475742, org.springframework.security.web.context.SecurityContextHolderFilter@342394b3, org.springframework.security.web.header.HeaderWriterFilter@61ce238e, org.springframework.security.web.authentication.logout.LogoutFilter@516037be, com.example.elm_springboot_backend.filter.JwtAuthenticationFilter@57bdceaa, com.example.elm_springboot_backend.filter.RequestLogFilter@5df64b2a, org.springframework.security.web.authentication.UsernamePasswordAuthenticationFilter@362b384c, org.springframework.security.web.savedrequest.RequestCacheAwareFilter@1e01b195, org.springframework.security.web.servletapi.SecurityContextHolderAwareRequestFilter@807c1e8, org.springframework.security.web.authentication.AnonymousAuthenticationFilter@323c6f9c, org.springframework.security.web.session.SessionManagementFilter@7c02b3cb, org.springframework.security.web.access.ExceptionTranslationFilter@7378c4a4, org.springframework.security.web.access.intercept.AuthorizationFilter@2ed35f24]
2023-11-29 22:27:43.923  WARN 24256 --- [main] (system) ocalVariableTableParameterNameDiscoverer : Using deprecated '-debug' fallback for parameter name resolution. Compile the affected code with '-parameters' instead or avoid its introspection: org.springframework.amqp.rabbit.core.RabbitAdmin
2023-11-29 22:27:44.006  INFO 24256 --- [main] (system) o.s.b.w.embedded.tomcat.TomcatWebServer  : Tomcat started on port(s): 8080 (http) with context path ''
2023-11-29 22:27:44.011  INFO 24256 --- [main] (system) o.s.a.r.c.CachingConnectionFactory       : Attempting to connect to: [localhost:5672]
2023-11-29 22:27:44.073  INFO 24256 --- [main] (system) o.s.a.r.c.CachingConnectionFactory       : Created new connection: rabbitConnectionFactory#56478522:0/SimpleConnection@3663af34 [delegate=amqp://admin@127.0.0.1:5672/, localPort=54397]
2023-11-29 22:27:44.150  INFO 24256 --- [main] (system) c.e.e.ElmSpringbootBackendApplication    : Started ElmSpringbootBackendApplication in 5.645 seconds (process running for 6.799)
2023-11-29 22:28:47.146  INFO 24256 --- [org.springframework.amqp.rabbit.RabbitListenerEndpointContainer#0-2] (system) o.s.a.r.l.SimpleMessageListenerContainer : Waiting for workers to finish.
2023-11-29 22:28:47.643  INFO 24256 --- [org.springframework.amqp.rabbit.RabbitListenerEndpointContainer#0-2] (system) o.s.a.r.l.SimpleMessageListenerContainer : Successfully waited for workers to finish.
2023-11-29 22:29:12.800  INFO 10460 --- [main] (system) c.e.e.ElmSpringbootBackendApplication    : Starting ElmSpringbootBackendApplication using Java 19.0.1 with PID 10460 (E:\LaboratoryReport\ElemeTraining\ele_springboot\elm_springboot_backend\target\classes started by ASUS in E:\LaboratoryReport\ElemeTraining\ele_springboot\elm_springboot_backend)
2023-11-29 22:29:12.803  INFO 10460 --- [main] (system) c.e.e.ElmSpringbootBackendApplication    : The following 1 profile is active: "dev"
2023-11-29 22:29:13.958  INFO 10460 --- [main] (system) .s.d.r.c.RepositoryConfigurationDelegate : Multiple Spring Data modules found, entering strict repository configuration mode
2023-11-29 22:29:13.962  INFO 10460 --- [main] (system) .s.d.r.c.RepositoryConfigurationDelegate : Bootstrapping Spring Data Redis repositories in DEFAULT mode.
2023-11-29 22:29:13.998  INFO 10460 --- [main] (system) .s.d.r.c.RepositoryConfigurationDelegate : Finished Spring Data repository scanning in 16 ms. Found 0 Redis repository interfaces.
2023-11-29 22:29:14.877  INFO 10460 --- [main] (system) o.s.b.w.embedded.tomcat.TomcatWebServer  : Tomcat initialized with port(s): 8080 (http)
2023-11-29 22:29:14.890  INFO 10460 --- [main] (system) o.apache.catalina.core.StandardService   : Starting service [Tomcat]
2023-11-29 22:29:14.890  INFO 10460 --- [main] (system) o.apache.catalina.core.StandardEngine    : Starting Servlet engine: [Apache Tomcat/10.1.12]
2023-11-29 22:29:15.016  INFO 10460 --- [main] (system) o.a.c.c.C.[Tomcat].[localhost].[/]       : Initializing Spring embedded WebApplicationContext
2023-11-29 22:29:15.016  INFO 10460 --- [main] (system) w.s.c.ServletWebServerApplicationContext : Root WebApplicationContext: initialization completed in 2158 ms
2023-11-29 22:29:16.887  INFO 10460 --- [main] (system) o.s.s.web.DefaultSecurityFilterChain     : Will secure any request with [org.springframework.security.web.session.DisableEncodeUrlFilter@359ea595, org.springframework.security.web.context.request.async.WebAsyncManagerIntegrationFilter@8d7718e, org.springframework.security.web.context.SecurityContextHolderFilter@455d04d2, org.springframework.security.web.header.HeaderWriterFilter@54f9326c, org.springframework.security.web.authentication.logout.LogoutFilter@3d405fe5, com.example.elm_springboot_backend.filter.JwtAuthenticationFilter@2905b568, com.example.elm_springboot_backend.filter.RequestLogFilter@55053f81, org.springframework.security.web.authentication.UsernamePasswordAuthenticationFilter@3436d3d7, org.springframework.security.web.savedrequest.RequestCacheAwareFilter@30333941, org.springframework.security.web.servletapi.SecurityContextHolderAwareRequestFilter@675230cd, org.springframework.security.web.authentication.AnonymousAuthenticationFilter@1bbb48dd, org.springframework.security.web.session.SessionManagementFilter@33bfe6d3, org.springframework.security.web.access.ExceptionTranslationFilter@807c1e8, org.springframework.security.web.access.intercept.AuthorizationFilter@60ef30b1]
2023-11-29 22:29:17.369  WARN 10460 --- [main] (system) ocalVariableTableParameterNameDiscoverer : Using deprecated '-debug' fallback for parameter name resolution. Compile the affected code with '-parameters' instead or avoid its introspection: org.springframework.amqp.rabbit.core.RabbitAdmin
2023-11-29 22:29:17.450  INFO 10460 --- [main] (system) o.s.b.w.embedded.tomcat.TomcatWebServer  : Tomcat started on port(s): 8080 (http) with context path ''
2023-11-29 22:29:17.455  INFO 10460 --- [main] (system) o.s.a.r.c.CachingConnectionFactory       : Attempting to connect to: [localhost:5672]
2023-11-29 22:29:17.512  INFO 10460 --- [main] (system) o.s.a.r.c.CachingConnectionFactory       : Created new connection: rabbitConnectionFactory#3c71cf3e:0/SimpleConnection@2d36add1 [delegate=amqp://admin@127.0.0.1:5672/, localPort=54527]
2023-11-29 22:29:17.580  INFO 10460 --- [main] (system) c.e.e.ElmSpringbootBackendApplication    : Started ElmSpringbootBackendApplication in 5.496 seconds (process running for 6.583)
2023-11-29 22:34:55.269  INFO 10460 --- [org.springframework.amqp.rabbit.RabbitListenerEndpointContainer#0-2] (system) o.s.a.r.l.SimpleMessageListenerContainer : Waiting for workers to finish.
2023-11-29 22:34:55.571  INFO 10460 --- [org.springframework.amqp.rabbit.RabbitListenerEndpointContainer#0-2] (system) o.s.a.r.l.SimpleMessageListenerContainer : Successfully waited for workers to finish.
2023-11-29 23:09:59.225  INFO 25952 --- [main] (system) c.e.e.ElmSpringbootBackendApplication    : Starting ElmSpringbootBackendApplication using Java 19.0.1 with PID 25952 (E:\LaboratoryReport\ElemeTraining\ele_springboot\elm_springboot_backend\target\classes started by ASUS in E:\LaboratoryReport\ElemeTraining\ele_springboot\elm_springboot_backend)
2023-11-29 23:09:59.227  INFO 25952 --- [main] (system) c.e.e.ElmSpringbootBackendApplication    : The following 1 profile is active: "dev"
2023-11-29 23:10:00.180  INFO 25952 --- [main] (system) .s.d.r.c.RepositoryConfigurationDelegate : Multiple Spring Data modules found, entering strict repository configuration mode
2023-11-29 23:10:00.183  INFO 25952 --- [main] (system) .s.d.r.c.RepositoryConfigurationDelegate : Bootstrapping Spring Data Redis repositories in DEFAULT mode.
2023-11-29 23:10:00.214  INFO 25952 --- [main] (system) .s.d.r.c.RepositoryConfigurationDelegate : Finished Spring Data repository scanning in 12 ms. Found 0 Redis repository interfaces.
2023-11-29 23:10:00.930  INFO 25952 --- [main] (system) o.s.b.w.embedded.tomcat.TomcatWebServer  : Tomcat initialized with port(s): 8080 (http)
2023-11-29 23:10:00.940  INFO 25952 --- [main] (system) o.apache.catalina.core.StandardService   : Starting service [Tomcat]
2023-11-29 23:10:00.940  INFO 25952 --- [main] (system) o.apache.catalina.core.StandardEngine    : Starting Servlet engine: [Apache Tomcat/10.1.12]
2023-11-29 23:10:01.032  INFO 25952 --- [main] (system) o.a.c.c.C.[Tomcat].[localhost].[/]       : Initializing Spring embedded WebApplicationContext
2023-11-29 23:10:01.032  INFO 25952 --- [main] (system) w.s.c.ServletWebServerApplicationContext : Root WebApplicationContext: initialization completed in 1759 ms
2023-11-29 23:10:02.551  INFO 25952 --- [main] (system) o.s.s.web.DefaultSecurityFilterChain     : Will secure any request with [org.springframework.security.web.session.DisableEncodeUrlFilter@4d79d187, org.springframework.security.web.context.request.async.WebAsyncManagerIntegrationFilter@3e63bd6b, org.springframework.security.web.context.SecurityContextHolderFilter@516037be, org.springframework.security.web.header.HeaderWriterFilter@2a73a64f, org.springframework.security.web.authentication.logout.LogoutFilter@2e47a71e, com.example.elm_springboot_backend.filter.JwtAuthenticationFilter@1be8c122, com.example.elm_springboot_backend.filter.RequestLogFilter@51132514, org.springframework.security.web.authentication.UsernamePasswordAuthenticationFilter@686fb58a, org.springframework.security.web.savedrequest.RequestCacheAwareFilter@336070ab, org.springframework.security.web.servletapi.SecurityContextHolderAwareRequestFilter@10f10230, org.springframework.security.web.authentication.AnonymousAuthenticationFilter@48144f1a, org.springframework.security.web.session.SessionManagementFilter@2419a5db, org.springframework.security.web.access.ExceptionTranslationFilter@4e02f17d, org.springframework.security.web.access.intercept.AuthorizationFilter@5dc9d25a]
2023-11-29 23:10:02.913  WARN 25952 --- [main] (system) ocalVariableTableParameterNameDiscoverer : Using deprecated '-debug' fallback for parameter name resolution. Compile the affected code with '-parameters' instead or avoid its introspection: org.springframework.amqp.rabbit.core.RabbitAdmin
2023-11-29 23:10:02.969  INFO 25952 --- [main] (system) o.s.b.w.embedded.tomcat.TomcatWebServer  : Tomcat started on port(s): 8080 (http) with context path ''
2023-11-29 23:10:02.973  INFO 25952 --- [main] (system) o.s.a.r.c.CachingConnectionFactory       : Attempting to connect to: [localhost:5672]
2023-11-29 23:10:03.029  INFO 25952 --- [main] (system) o.s.a.r.c.CachingConnectionFactory       : Created new connection: rabbitConnectionFactory#7e1a9173:0/SimpleConnection@6d4c7248 [delegate=amqp://admin@127.0.0.1:5672/, localPort=58431]
2023-11-29 23:10:03.077  INFO 25952 --- [main] (system) c.e.e.ElmSpringbootBackendApplication    : Started ElmSpringbootBackendApplication in 4.422 seconds (process running for 5.616)
2023-11-29 23:31:17.244  INFO 25952 --- [http-nio-8080-exec-1] (system) o.a.c.c.C.[Tomcat].[localhost].[/]       : Initializing Spring DispatcherServlet 'dispatcherServlet'
2023-11-29 23:31:17.244  INFO 25952 --- [http-nio-8080-exec-1] (system) o.s.web.servlet.DispatcherServlet        : Initializing Servlet 'dispatcherServlet'
2023-11-29 23:31:17.245  INFO 25952 --- [http-nio-8080-exec-1] (system) o.s.web.servlet.DispatcherServlet        : Completed initialization in 0 ms
2023-11-29 23:31:17.712  INFO 25952 --- [http-nio-8080-exec-1] (42714655650615296) c.e.e.filter.RequestLogFilter            : 请求URL: "/api/auth/logout" (OPTIONS) | 远程IP地址: 0:0:0:0:0:0:0:1 │ 身份: 未验证 | 请求参数列表: {}
2023-11-29 23:31:17.859  INFO 25952 --- [http-nio-8080-exec-1] (42714655650615296) c.e.e.filter.RequestLogFilter            : 请求处理耗时: 150ms | 响应结果: 
2023-11-29 23:31:26.171  INFO 25952 --- [http-nio-8080-exec-9] (42714691142815744) c.e.e.filter.RequestLogFilter            : 请求URL: "/api/auth/login" (POST) | 远程IP地址: 0:0:0:0:0:0:0:1 │ 身份: 未验证 | 请求参数列表: {"username":"刘浩然","password":"123456"}
2023-11-29 23:31:26.314  INFO 25952 --- [http-nio-8080-exec-9] (42714691142815744) com.zaxxer.hikari.HikariDataSource       : HikariPool-1 - Starting...
2023-11-29 23:31:26.560  INFO 25952 --- [http-nio-8080-exec-9] (42714691142815744) com.zaxxer.hikari.pool.HikariPool        : HikariPool-1 - Added connection com.mysql.cj.jdbc.ConnectionImpl@2a2da63f
2023-11-29 23:31:26.562  INFO 25952 --- [http-nio-8080-exec-9] (42714691142815744) com.zaxxer.hikari.HikariDataSource       : HikariPool-1 - Start completed.
2023-11-29 23:31:26.668  INFO 25952 --- [http-nio-8080-exec-9] (42714691142815744) c.e.e.filter.RequestLogFilter            : 请求处理耗时: 496ms | 响应结果: {"code":401,"data":null,"id":42714691142815744,"message":"用户名或密码错误"}
2023-11-29 23:32:29.311  INFO 25952 --- [http-nio-8080-exec-2] (42714955971170304) c.e.e.filter.RequestLogFilter            : 请求URL: "/api/auth/ask-code" (OPTIONS) | 远程IP地址: 0:0:0:0:0:0:0:1 │ 身份: 未验证 | 请求参数列表: {"email":"2630526002@qq.com","type":"register"}
2023-11-29 23:32:29.313  INFO 25952 --- [http-nio-8080-exec-2] (42714955971170304) c.e.e.filter.RequestLogFilter            : 请求处理耗时: 2ms | 响应结果: 
2023-11-29 23:32:29.320  INFO 25952 --- [http-nio-8080-exec-6] (42714956004724736) c.e.e.filter.RequestLogFilter            : 请求URL: "/api/auth/ask-code" (GET) | 远程IP地址: 0:0:0:0:0:0:0:1 │ 身份: 未验证 | 请求参数列表: {"email":"2630526002@qq.com","type":"register"}
2023-11-29 23:32:29.474  INFO 25952 --- [http-nio-8080-exec-6] (42714956004724736) c.e.e.filter.RequestLogFilter            : 请求处理耗时: 155ms | 响应结果: {"id":42714956004724736,"code":200,"data":null,"message":"请求成功"}
2023-11-29 23:33:03.629  INFO 25952 --- [http-nio-8080-exec-3] (42715099911294976) c.e.e.filter.RequestLogFilter            : 请求URL: "/api/auth/register" (OPTIONS) | 远程IP地址: 0:0:0:0:0:0:0:1 │ 身份: 未验证 | 请求参数列表: {}
2023-11-29 23:33:03.630  INFO 25952 --- [http-nio-8080-exec-3] (42715099911294976) c.e.e.filter.RequestLogFilter            : 请求处理耗时: 1ms | 响应结果: 
2023-11-29 23:33:03.637  INFO 25952 --- [http-nio-8080-exec-7] (42715099944849408) c.e.e.filter.RequestLogFilter            : 请求URL: "/api/auth/register" (POST) | 远程IP地址: 0:0:0:0:0:0:0:1 │ 身份: 未验证 | 请求参数列表: {}
2023-11-29 23:33:03.764  INFO 25952 --- [http-nio-8080-exec-7] (42715099944849408) c.e.e.filter.RequestLogFilter            : 请求处理耗时: 127ms | 响应结果: {"id":42715099944849408,"code":200,"data":null,"message":"请求成功"}
2023-11-29 23:33:09.111  INFO 25952 --- [http-nio-8080-exec-10] (42715122904469504) c.e.e.filter.RequestLogFilter            : 请求URL: "/api/auth/login" (POST) | 远程IP地址: 0:0:0:0:0:0:0:1 │ 身份: 未验证 | 请求参数列表: {"username":"周芷璇","password":"151113"}
2023-11-29 23:33:09.204  INFO 25952 --- [http-nio-8080-exec-10] (42715122904469504) c.e.e.filter.RequestLogFilter            : 请求处理耗时: 93ms | 响应结果: {"code":200,"data":{"expire":"2023-12-02 23:33:09.197","role":"user","token":"eyJ0eXAiOiJKV1QiLCJhbGciOiJIUzI1NiJ9.eyJuYW1lIjoi5ZGo6Iq355KHIiwiaWQiOjQsImV4cCI6MTcwMTUzMTE4OSwiaWF0IjoxNzAxMjcxOTg5LCJqdGkiOiIwODMxMzg0MS0yZTQ1LTQ4MDMtYWQ0Zi1mNjVjNjJmMTliMzMiLCJhdXRob3JpdGllcyI6WyJST0xFX3VzZXIiXX0.cR_2YKKR_rK4YlxHoeqzK0XlSly-97__AdTr3heHZAI","username":"周芷璇"},"id":42715122904469504,"message":"请求成功"}
2023-11-29 23:33:15.729  INFO 25952 --- [http-nio-8080-exec-1] (42715150658179072) c.e.e.filter.RequestLogFilter            : 请求URL: "/api/auth/logout" (OPTIONS) | 远程IP地址: 0:0:0:0:0:0:0:1 │ 身份: 未验证 | 请求参数列表: {}
2023-11-29 23:33:15.730  INFO 25952 --- [http-nio-8080-exec-1] (42715150658179072) c.e.e.filter.RequestLogFilter            : 请求处理耗时: 2ms | 响应结果: 
2023-11-29 23:37:57.420  INFO 25952 --- [http-nio-8080-exec-4] (42716332160061440) c.e.e.filter.RequestLogFilter            : 请求URL: "/api/auth/login" (POST) | 远程IP地址: 0:0:0:0:0:0:0:1 │ 身份: 未验证 | 请求参数列表: {"username":"周芷璇","password":"151113"}
2023-11-29 23:37:57.493  INFO 25952 --- [http-nio-8080-exec-4] (42716332160061440) c.e.e.filter.RequestLogFilter            : 请求处理耗时: 73ms | 响应结果: {"code":200,"data":{"expire":"2023-12-02 23:37:57.493","role":"user","token":"eyJ0eXAiOiJKV1QiLCJhbGciOiJIUzI1NiJ9.eyJuYW1lIjoi5ZGo6Iq355KHIiwiaWQiOjQsImV4cCI6MTcwMTUzMTQ3NywiaWF0IjoxNzAxMjcyMjc3LCJqdGkiOiI1MGQyMzFjZi00MDY1LTRlMTAtYmM5My03YmEzY2JmNGE2M2QiLCJhdXRob3JpdGllcyI6WyJST0xFX3VzZXIiXX0.kOhf9qmcflKRqiRU-yuUC7ExF0WemZYUcXujp3kBlG4","username":"周芷璇"},"id":42716332160061440,"message":"请求成功"}
2023-11-29 23:37:59.643  INFO 25952 --- [http-nio-8080-exec-2] (42716341483999232) c.e.e.filter.RequestLogFilter            : 请求URL: "/api/auth/logout" (OPTIONS) | 远程IP地址: 0:0:0:0:0:0:0:1 │ 身份: 未验证 | 请求参数列表: {}
2023-11-29 23:37:59.645  INFO 25952 --- [http-nio-8080-exec-2] (42716341483999232) c.e.e.filter.RequestLogFilter            : 请求处理耗时: 2ms | 响应结果: 
2023-11-29 23:47:47.972  INFO 25952 --- [http-nio-8080-exec-3] (42718809114677248) c.e.e.filter.RequestLogFilter            : 请求URL: "/api/auth/login" (POST) | 远程IP地址: 0:0:0:0:0:0:0:1 │ 身份: 未验证 | 请求参数列表: {"username":"周芷璇","password":"151113"}
2023-11-29 23:47:48.047  INFO 25952 --- [http-nio-8080-exec-3] (42718809114677248) c.e.e.filter.RequestLogFilter            : 请求处理耗时: 75ms | 响应结果: {"code":200,"data":{"expire":"2023-12-02 23:47:48.047","role":"user","token":"eyJ0eXAiOiJKV1QiLCJhbGciOiJIUzI1NiJ9.eyJuYW1lIjoi5ZGo6Iq355KHIiwiaWQiOjQsImV4cCI6MTcwMTUzMjA2OCwiaWF0IjoxNzAxMjcyODY4LCJqdGkiOiIwNTQwZDU0ZS05NjNlLTQ5ZmMtYTlkMy04YTM1MDVhZGUyODEiLCJhdXRob3JpdGllcyI6WyJST0xFX3VzZXIiXX0.3moVIPXDAQSbXnE0af38hnrrZ1cmRkHJgRghhopFmhY","username":"周芷璇"},"id":42718809114677248,"message":"请求成功"}
2023-11-29 23:47:50.100  INFO 25952 --- [http-nio-8080-exec-10] (42718818040156160) c.e.e.filter.RequestLogFilter            : 请求URL: "/api/auth/logout" (OPTIONS) | 远程IP地址: 0:0:0:0:0:0:0:1 │ 身份: 未验证 | 请求参数列表: {}
2023-11-29 23:47:50.101  INFO 25952 --- [http-nio-8080-exec-10] (42718818040156160) c.e.e.filter.RequestLogFilter            : 请求处理耗时: 1ms | 响应结果: 
2023-11-29 23:53:04.102  INFO 25952 --- [http-nio-8080-exec-9] (42720135060000768) c.e.e.filter.RequestLogFilter            : 请求URL: "/api/auth/login" (POST) | 远程IP地址: 0:0:0:0:0:0:0:1 │ 身份: 未验证 | 请求参数列表: {"username":"周芷璇","password":"151113"}
2023-11-29 23:53:04.175  INFO 25952 --- [http-nio-8080-exec-9] (42720135060000768) c.e.e.filter.RequestLogFilter            : 请求处理耗时: 73ms | 响应结果: {"code":200,"data":{"expire":"2023-12-02 23:53:04.175","role":"user","token":"eyJ0eXAiOiJKV1QiLCJhbGciOiJIUzI1NiJ9.eyJuYW1lIjoi5ZGo6Iq355KHIiwiaWQiOjQsImV4cCI6MTcwMTUzMjM4NCwiaWF0IjoxNzAxMjczMTg0LCJqdGkiOiJlYmMyMzhlZS0xMTNiLTQxYTItOTExNy0wNDRhMzYwM2E5NDkiLCJhdXRob3JpdGllcyI6WyJST0xFX3VzZXIiXX0.vuZ3Wy7AeHTVofNLGRgWNGxpIy4rSS4cMGI4sazIHmM","username":"周芷璇"},"id":42720135060000768,"message":"请求成功"}
2023-11-29 23:53:06.543  INFO 25952 --- [http-nio-8080-exec-2] (42720145298296832) c.e.e.filter.RequestLogFilter            : 请求URL: "/api/auth/logout" (OPTIONS) | 远程IP地址: 0:0:0:0:0:0:0:1 │ 身份: 未验证 | 请求参数列表: {}
2023-11-29 23:53:06.544  INFO 25952 --- [http-nio-8080-exec-2] (42720145298296832) c.e.e.filter.RequestLogFilter            : 请求处理耗时: 1ms | 响应结果: 
2023-11-29 23:53:27.552  INFO 25952 --- [http-nio-8080-exec-3] (42720233412235264) c.e.e.filter.RequestLogFilter            : 请求URL: "/api/auth/login" (POST) | 远程IP地址: 0:0:0:0:0:0:0:1 │ 身份: 未验证 | 请求参数列表: {"username":"周芷璇","password":"151113"}
2023-11-29 23:53:27.626  INFO 25952 --- [http-nio-8080-exec-3] (42720233412235264) c.e.e.filter.RequestLogFilter            : 请求处理耗时: 75ms | 响应结果: {"code":200,"data":{"expire":"2023-12-02 23:53:27.626","role":"user","token":"eyJ0eXAiOiJKV1QiLCJhbGciOiJIUzI1NiJ9.eyJuYW1lIjoi5ZGo6Iq355KHIiwiaWQiOjQsImV4cCI6MTcwMTUzMjQwNywiaWF0IjoxNzAxMjczMjA3LCJqdGkiOiJlNTlhZTI1OC1lMjY4LTQzNGItOWU5NC02ZjA4MTkxYjhjZjAiLCJhdXRob3JpdGllcyI6WyJST0xFX3VzZXIiXX0.CBRfaDEl75dLiT-DbBDb_pQ172mMQGGDlOPBX0z_7fg","username":"周芷璇"},"id":42720233412235264,"message":"请求成功"}
2023-11-29 23:53:29.768  INFO 25952 --- [http-nio-8080-exec-10] (42720242711007232) c.e.e.filter.RequestLogFilter            : 请求URL: "/api/auth/logout" (OPTIONS) | 远程IP地址: 0:0:0:0:0:0:0:1 │ 身份: 未验证 | 请求参数列表: {}
2023-11-29 23:53:29.770  INFO 25952 --- [http-nio-8080-exec-10] (42720242711007232) c.e.e.filter.RequestLogFilter            : 请求处理耗时: 2ms | 响应结果: 
